

<!DOCTYPE html>
<html>
<head>
<meta charset="utf-8">
<meta name="viewport" content="width=device-width, initial-scale=1, shrink-to-fit=no">
<title>D:\QA software Tester\eclipse\WorkBench\TestNgSeleniumExtentReports\reports\ExtentReport_Thu_Oct_03_11_40_07_WIB_2024.html</title>
<link rel="apple-touch-icon" href="https://cdn.jsdelivr.net/gh/extent-framework/extent-github-cdn@b00a2d0486596e73dd7326beacf352c639623a0e/commons/img/logo.png">
<link rel="shortcut icon" href="https://cdn.jsdelivr.net/gh/extent-framework/extent-github-cdn@b00a2d0486596e73dd7326beacf352c639623a0e/commons/img/logo.png">
<link href="https://cdn.jsdelivr.net/gh/extent-framework/extent-github-cdn@d6562a79075e061305ccfdb82f01e5e195e2d307/spark/css/spark-style.css" rel="stylesheet" />
<link href="https://stackpath.bootstrapcdn.com/font-awesome/4.7.0/css/font-awesome.min.css" rel="stylesheet">
<script src="https://cdn.rawgit.com/extent-framework/extent-github-cdn/7cc78ce/spark/js/jsontree.js"></script>
<style type="text/css"></style></head><body class="spa -report dark">
  <div class="app">
    <div class="layout">
<div class="header navbar">
<div class="vheader">
<div class="nav-logo">
<a href="#">
<div class="logo" style="background-image: url('https://cdn.jsdelivr.net/gh/extent-framework/extent-github-cdn@b00a2d0486596e73dd7326beacf352c639623a0e/commons/img/logo.png')"></div>
</a>
</div>
<ul class="nav-left">
<li class="search-box">
<a class="search-toggle" href="#">
<i class="search-icon fa fa-search"></i>
<i class="search-icon-close fa fa-close"></i>
</a>
</li>
<li class="search-input"><input id="search-tests" class="form-control" type="text" placeholder="Search..."></li>
</ul>
<ul class="nav-right">
<li class="m-r-10">
<a href="#"><span class="badge badge-primary">D:\QA software Tester\eclipse\WorkBench\TestNgSeleniumExtentReports\reports\ExtentReport_Thu_Oct_03_11_40_07_WIB_2024.html</span></a>
</li>
<li class="m-r-10">
<a href="#"><span class="badge badge-primary">Oct 3, 2024 11:40:08 AM</span></a>
</li>
</ul>
</div>
</div><div class="side-nav">
<div class="side-nav-inner">
<ul class="side-nav-menu">
<li class="nav-item dropdown" onclick="toggleView('test-view')">
<a id="nav-test" class="dropdown-toggle" href="#">
<span class="ico"><i class="fa fa-list"></i></span>
</a>
</li>
<li class="nav-item dropdown" onclick="toggleView('dashboard-view')">
<a id="nav-dashboard" class="dropdown-toggle" href="#">
<span class="ico"><i class="fa fa-bar-chart"></i></span>
</a>
</li>
</ul>
</div>
</div>      <div class="vcontainer">
        <div class="main-content">
<div class="test-wrapper row view test-view">
  <div class="test-list">
    <div class="test-list-tools">
<ul class="tools pull-left">
<li><a href="#"><span class="font-size-14">Tests</span></a></li>
</ul>
<ul class="tools text-right">
<li class="dropdown">
<a href="#" class="dropdown-toggle" data-toggle="dropdown"><i class="fa fa-exclamation-circle"></i></a>
<ul id="status-toggle" class="dropdown-menu dropdown-md p-v-0">
<a class="dropdown-item" status="fail" href="#"><span>Fail</span><span class="status danger"></span></a>
<div class="dropdown-divider"></div>
<a status="clear" class="dropdown-item" href="#"><span>Clear</span><span class="pull-right"><i class="fa fa-close"></i></span></a>
</ul>
</li>
</ul>
</div>    <div class="test-list-wrapper scrollable">
      <ul class="test-list-item">
        <li class="test-item"  status="fail" test-id="1"
          author=""
          tag=""
          device="">
          <div class="test-detail">
            <p class="name">testrunner.HomePageTests     @TestCase : TestNaviLeftMenu</p>
            <p class="text-sm">
              <span>11:40:15 AM</span> / <span>00:00:30:810</span>
              <span class="badge fail-bg log float-right">Fail</span>
            </p>
          </div>
          <div class="test-contents d-none">
<div class="detail-head">
<div class="p-v-10">
<div class="info">
<h5 class="test-status text-fail">testrunner.HomePageTests @TestCase : TestNaviLeftMenu</h5>
<span class='badge badge-success'>10.03.2024 11:40:15 AM</span>
<span class='badge badge-danger'>10.03.2024 11:40:46 AM</span>
<span class='badge badge-default'>00:00:30:810</span>
&middot; <span class='uri-anchor badge badge-default'>#test-id=1</span>
<span class='badge badge-default pointer float-right ml-1 et'><i class="fa fa-chevron-down"></i></span>
<span class='badge badge-default pointer float-right ct'><i class="fa fa-chevron-up"></i></span>
</div>
</div>
</div><div class="detail-body mt-4">
<table class="table table-sm">
  <thead><tr><th class="status-col">Status</th><th class="timestamp-col">Timestamp</th><th class="details-col">Details</th></tr></thead>
  <tbody>
      <tr class="event-row">
        <td><span class="badge log fail-bg">Fail</span></td>
        <td>11:40:46 AM</td>
        <td>
          <details><summary><b><font color=red>Exception Occured:Click to see</font></b ></summary>[org.openqa.selenium.support.ui.WebDriverWait.timeoutException(WebDriverWait.java:84)<br> org.openqa.selenium.support.ui.FluentWait.until(FluentWait.java:228)<br> pages.LoginPage.<init>(LoginPage.java:19)<br> testrunner.HomePageTests.TestNaviLeftMenu(HomePageTests.java:21)<br> java.base/jdk.internal.reflect.DirectMethodHandleAccessor.invoke(DirectMethodHandleAccessor.java:103)<br> java.base/java.lang.reflect.Method.invoke(Method.java:580)<br> org.testng.internal.invokers.MethodInvocationHelper.invokeMethod(MethodInvocationHelper.java:141)<br> org.testng.internal.invokers.TestInvoker.invokeMethod(TestInvoker.java:686)<br> org.testng.internal.invokers.TestInvoker.invokeTestMethod(TestInvoker.java:230)<br> org.testng.internal.invokers.MethodRunner.runInSequence(MethodRunner.java:63)<br> org.testng.internal.invokers.TestInvoker$MethodInvocationAgent.invoke(TestInvoker.java:992)<br> org.testng.internal.invokers.TestInvoker.invokeTestMethods(TestInvoker.java:203)<br> org.testng.internal.invokers.TestMethodWorker.invokeTestMethods(TestMethodWorker.java:154)<br> org.testng.internal.invokers.TestMethodWorker.run(TestMethodWorker.java:134)<br> java.base/java.util.ArrayList.forEach(ArrayList.java:1597)<br> org.testng.TestRunner.privateRun(TestRunner.java:739)<br> org.testng.TestRunner.run(TestRunner.java:614)<br> org.testng.SuiteRunner.runTest(SuiteRunner.java:421)<br> org.testng.SuiteRunner.runSequentially(SuiteRunner.java:413)<br> org.testng.SuiteRunner.privateRun(SuiteRunner.java:373)<br> org.testng.SuiteRunner.run(SuiteRunner.java:312)<br> org.testng.SuiteRunnerWorker.runSuite(SuiteRunnerWorker.java:52)<br> org.testng.SuiteRunnerWorker.run(SuiteRunnerWorker.java:95)<br> org.testng.TestNG.runSuitesSequentially(TestNG.java:1274)<br> org.testng.TestNG.runSuitesLocally(TestNG.java:1208)<br> org.testng.TestNG.runSuites(TestNG.java:1112)<br> org.testng.TestNG.run(TestNG.java:1079)<br> org.testng.remote.AbstractRemoteTestNG.run(AbstractRemoteTestNG.java:115)<br> org.testng.remote.RemoteTestNG.initAndRun(RemoteTestNG.java:293)<br> org.testng.remote.RemoteTestNG.main(RemoteTestNG.java:91)]</details> 

        </td>
      </tr>
      <tr class="event-row">
        <td><span class="badge log fail-bg">Fail</span></td>
        <td>11:40:46 AM</td>
        <td>
          <b><font color=red>Screenshot of failure</font></b>
    <div class="row mb-3"><div class="col-md-3">
<img data-featherlight='Thu_Oct_03_11_40_46_WIB_2024.jpg' src="Thu_Oct_03_11_40_46_WIB_2024.jpg">
    
    </div></div>
        </td>
      </tr>
      <tr class="event-row">
        <td><span class="badge log fail-bg">Fail</span></td>
        <td>11:40:46 AM</td>
        <td>
          <span class='badge white-text red'>TEST CASE FAILED</span>
        </td>
      </tr>
  </tbody>
</table>
</div>
          </div>
        </li>
        <li class="test-item"  status="fail" test-id="2"
          author=""
          tag=""
          device="">
          <div class="test-detail">
            <p class="name">testrunner.HomePageTests     @TestCase : TestNaviLeftMenuAdmin</p>
            <p class="text-sm">
              <span>11:40:46 AM</span> / <span>00:00:02:757</span>
              <span class="badge fail-bg log float-right">Fail</span>
            </p>
          </div>
          <div class="test-contents d-none">
<div class="detail-head">
<div class="p-v-10">
<div class="info">
<h5 class="test-status text-fail">testrunner.HomePageTests @TestCase : TestNaviLeftMenuAdmin</h5>
<span class='badge badge-success'>10.03.2024 11:40:46 AM</span>
<span class='badge badge-danger'>10.03.2024 11:40:49 AM</span>
<span class='badge badge-default'>00:00:02:757</span>
&middot; <span class='uri-anchor badge badge-default'>#test-id=2</span>
<span class='badge badge-default pointer float-right ml-1 et'><i class="fa fa-chevron-down"></i></span>
<span class='badge badge-default pointer float-right ct'><i class="fa fa-chevron-up"></i></span>
</div>
</div>
</div><div class="detail-body mt-4">
<table class="table table-sm">
  <thead><tr><th class="status-col">Status</th><th class="timestamp-col">Timestamp</th><th class="details-col">Details</th></tr></thead>
  <tbody>
      <tr class="event-row">
        <td><span class="badge log fail-bg">Fail</span></td>
        <td>11:40:48 AM</td>
        <td>
          <details><summary><b><font color=red>Exception Occured:Click to see</font></b ></summary>[java.base/jdk.internal.reflect.DirectConstructorHandleAccessor.newInstance(DirectConstructorHandleAccessor.java:62)<br> java.base/java.lang.reflect.Constructor.newInstanceWithCaller(Constructor.java:502)<br> java.base/java.lang.reflect.Constructor.newInstance(Constructor.java:486)<br> org.openqa.selenium.remote.ErrorCodec.decode(ErrorCodec.java:167)<br> org.openqa.selenium.remote.codec.w3c.W3CHttpResponseCodec.decode(W3CHttpResponseCodec.java:138)<br> org.openqa.selenium.remote.codec.w3c.W3CHttpResponseCodec.decode(W3CHttpResponseCodec.java:50)<br> org.openqa.selenium.remote.HttpCommandExecutor.execute(HttpCommandExecutor.java:190)<br> org.openqa.selenium.remote.service.DriverCommandExecutor.invokeExecute(DriverCommandExecutor.java:216)<br> org.openqa.selenium.remote.service.DriverCommandExecutor.execute(DriverCommandExecutor.java:174)<br> org.openqa.selenium.remote.RemoteWebDriver.execute(RemoteWebDriver.java:545)<br> org.openqa.selenium.remote.ElementLocation$ElementFinder$2.findElement(ElementLocation.java:165)<br> org.openqa.selenium.remote.ElementLocation.findElement(ElementLocation.java:59)<br> org.openqa.selenium.remote.RemoteWebDriver.findElement(RemoteWebDriver.java:368)<br> org.openqa.selenium.remote.RemoteWebDriver.findElement(RemoteWebDriver.java:362)<br> org.openqa.selenium.support.pagefactory.DefaultElementLocator.findElement(DefaultElementLocator.java:68)<br> org.openqa.selenium.support.pagefactory.internal.LocatingElementHandler.invoke(LocatingElementHandler.java:38)<br> jdk.proxy2/jdk.proxy2.$Proxy15.click(Unknown Source)<br> pages.HomePage.naviLeftAdmin(HomePage.java:81)<br> testrunner.HomePageTests.TestNaviLeftMenuAdmin(HomePageTests.java:31)<br> java.base/jdk.internal.reflect.DirectMethodHandleAccessor.invoke(DirectMethodHandleAccessor.java:103)<br> java.base/java.lang.reflect.Method.invoke(Method.java:580)<br> org.testng.internal.invokers.MethodInvocationHelper.invokeMethod(MethodInvocationHelper.java:141)<br> org.testng.internal.invokers.TestInvoker.invokeMethod(TestInvoker.java:686)<br> org.testng.internal.invokers.TestInvoker.invokeTestMethod(TestInvoker.java:230)<br> org.testng.internal.invokers.MethodRunner.runInSequence(MethodRunner.java:63)<br> org.testng.internal.invokers.TestInvoker$MethodInvocationAgent.invoke(TestInvoker.java:992)<br> org.testng.internal.invokers.TestInvoker.invokeTestMethods(TestInvoker.java:203)<br> org.testng.internal.invokers.TestMethodWorker.invokeTestMethods(TestMethodWorker.java:154)<br> org.testng.internal.invokers.TestMethodWorker.run(TestMethodWorker.java:134)<br> java.base/java.util.ArrayList.forEach(ArrayList.java:1597)<br> org.testng.TestRunner.privateRun(TestRunner.java:739)<br> org.testng.TestRunner.run(TestRunner.java:614)<br> org.testng.SuiteRunner.runTest(SuiteRunner.java:421)<br> org.testng.SuiteRunner.runSequentially(SuiteRunner.java:413)<br> org.testng.SuiteRunner.privateRun(SuiteRunner.java:373)<br> org.testng.SuiteRunner.run(SuiteRunner.java:312)<br> org.testng.SuiteRunnerWorker.runSuite(SuiteRunnerWorker.java:52)<br> org.testng.SuiteRunnerWorker.run(SuiteRunnerWorker.java:95)<br> org.testng.TestNG.runSuitesSequentially(TestNG.java:1274)<br> org.testng.TestNG.runSuitesLocally(TestNG.java:1208)<br> org.testng.TestNG.runSuites(TestNG.java:1112)<br> org.testng.TestNG.run(TestNG.java:1079)<br> org.testng.remote.AbstractRemoteTestNG.run(AbstractRemoteTestNG.java:115)<br> org.testng.remote.RemoteTestNG.initAndRun(RemoteTestNG.java:293)<br> org.testng.remote.RemoteTestNG.main(RemoteTestNG.java:91)]</details> 

        </td>
      </tr>
      <tr class="event-row">
        <td><span class="badge log fail-bg">Fail</span></td>
        <td>11:40:49 AM</td>
        <td>
          <b><font color=red>Screenshot of failure</font></b>
    <div class="row mb-3"><div class="col-md-3">
<img data-featherlight='Thu_Oct_03_11_40_49_WIB_2024.jpg' src="Thu_Oct_03_11_40_49_WIB_2024.jpg">
    
    </div></div>
        </td>
      </tr>
      <tr class="event-row">
        <td><span class="badge log fail-bg">Fail</span></td>
        <td>11:40:49 AM</td>
        <td>
          <span class='badge white-text red'>TEST CASE FAILED</span>
        </td>
      </tr>
  </tbody>
</table>
</div>
          </div>
        </li>
        <li class="test-item"  status="fail" test-id="3"
          author=""
          tag=""
          device="">
          <div class="test-detail">
            <p class="name">testrunner.HomePageTests     @TestCase : TestNaviLeftMenuPIM</p>
            <p class="text-sm">
              <span>11:40:49 AM</span> / <span>00:00:02:643</span>
              <span class="badge fail-bg log float-right">Fail</span>
            </p>
          </div>
          <div class="test-contents d-none">
<div class="detail-head">
<div class="p-v-10">
<div class="info">
<h5 class="test-status text-fail">testrunner.HomePageTests @TestCase : TestNaviLeftMenuPIM</h5>
<span class='badge badge-success'>10.03.2024 11:40:49 AM</span>
<span class='badge badge-danger'>10.03.2024 11:40:51 AM</span>
<span class='badge badge-default'>00:00:02:643</span>
&middot; <span class='uri-anchor badge badge-default'>#test-id=3</span>
<span class='badge badge-default pointer float-right ml-1 et'><i class="fa fa-chevron-down"></i></span>
<span class='badge badge-default pointer float-right ct'><i class="fa fa-chevron-up"></i></span>
</div>
</div>
</div><div class="detail-body mt-4">
<table class="table table-sm">
  <thead><tr><th class="status-col">Status</th><th class="timestamp-col">Timestamp</th><th class="details-col">Details</th></tr></thead>
  <tbody>
      <tr class="event-row">
        <td><span class="badge log fail-bg">Fail</span></td>
        <td>11:40:51 AM</td>
        <td>
          <details><summary><b><font color=red>Exception Occured:Click to see</font></b ></summary>[java.base/jdk.internal.reflect.DirectConstructorHandleAccessor.newInstance(DirectConstructorHandleAccessor.java:62)<br> java.base/java.lang.reflect.Constructor.newInstanceWithCaller(Constructor.java:502)<br> java.base/java.lang.reflect.Constructor.newInstance(Constructor.java:486)<br> org.openqa.selenium.remote.ErrorCodec.decode(ErrorCodec.java:167)<br> org.openqa.selenium.remote.codec.w3c.W3CHttpResponseCodec.decode(W3CHttpResponseCodec.java:138)<br> org.openqa.selenium.remote.codec.w3c.W3CHttpResponseCodec.decode(W3CHttpResponseCodec.java:50)<br> org.openqa.selenium.remote.HttpCommandExecutor.execute(HttpCommandExecutor.java:190)<br> org.openqa.selenium.remote.service.DriverCommandExecutor.invokeExecute(DriverCommandExecutor.java:216)<br> org.openqa.selenium.remote.service.DriverCommandExecutor.execute(DriverCommandExecutor.java:174)<br> org.openqa.selenium.remote.RemoteWebDriver.execute(RemoteWebDriver.java:545)<br> org.openqa.selenium.remote.ElementLocation$ElementFinder$2.findElement(ElementLocation.java:165)<br> org.openqa.selenium.remote.ElementLocation.findElement(ElementLocation.java:59)<br> org.openqa.selenium.remote.RemoteWebDriver.findElement(RemoteWebDriver.java:368)<br> org.openqa.selenium.remote.RemoteWebDriver.findElement(RemoteWebDriver.java:362)<br> org.openqa.selenium.support.pagefactory.DefaultElementLocator.findElement(DefaultElementLocator.java:68)<br> org.openqa.selenium.support.pagefactory.internal.LocatingElementHandler.invoke(LocatingElementHandler.java:38)<br> jdk.proxy2/jdk.proxy2.$Proxy15.click(Unknown Source)<br> pages.HomePage.naviLeftPIM(HomePage.java:85)<br> testrunner.HomePageTests.TestNaviLeftMenuPIM(HomePageTests.java:42)<br> java.base/jdk.internal.reflect.DirectMethodHandleAccessor.invoke(DirectMethodHandleAccessor.java:103)<br> java.base/java.lang.reflect.Method.invoke(Method.java:580)<br> org.testng.internal.invokers.MethodInvocationHelper.invokeMethod(MethodInvocationHelper.java:141)<br> org.testng.internal.invokers.TestInvoker.invokeMethod(TestInvoker.java:686)<br> org.testng.internal.invokers.TestInvoker.invokeTestMethod(TestInvoker.java:230)<br> org.testng.internal.invokers.MethodRunner.runInSequence(MethodRunner.java:63)<br> org.testng.internal.invokers.TestInvoker$MethodInvocationAgent.invoke(TestInvoker.java:992)<br> org.testng.internal.invokers.TestInvoker.invokeTestMethods(TestInvoker.java:203)<br> org.testng.internal.invokers.TestMethodWorker.invokeTestMethods(TestMethodWorker.java:154)<br> org.testng.internal.invokers.TestMethodWorker.run(TestMethodWorker.java:134)<br> java.base/java.util.ArrayList.forEach(ArrayList.java:1597)<br> org.testng.TestRunner.privateRun(TestRunner.java:739)<br> org.testng.TestRunner.run(TestRunner.java:614)<br> org.testng.SuiteRunner.runTest(SuiteRunner.java:421)<br> org.testng.SuiteRunner.runSequentially(SuiteRunner.java:413)<br> org.testng.SuiteRunner.privateRun(SuiteRunner.java:373)<br> org.testng.SuiteRunner.run(SuiteRunner.java:312)<br> org.testng.SuiteRunnerWorker.runSuite(SuiteRunnerWorker.java:52)<br> org.testng.SuiteRunnerWorker.run(SuiteRunnerWorker.java:95)<br> org.testng.TestNG.runSuitesSequentially(TestNG.java:1274)<br> org.testng.TestNG.runSuitesLocally(TestNG.java:1208)<br> org.testng.TestNG.runSuites(TestNG.java:1112)<br> org.testng.TestNG.run(TestNG.java:1079)<br> org.testng.remote.AbstractRemoteTestNG.run(AbstractRemoteTestNG.java:115)<br> org.testng.remote.RemoteTestNG.initAndRun(RemoteTestNG.java:293)<br> org.testng.remote.RemoteTestNG.main(RemoteTestNG.java:91)]</details> 

        </td>
      </tr>
      <tr class="event-row">
        <td><span class="badge log fail-bg">Fail</span></td>
        <td>11:40:51 AM</td>
        <td>
          <b><font color=red>Screenshot of failure</font></b>
    <div class="row mb-3"><div class="col-md-3">
<img data-featherlight='Thu_Oct_03_11_40_51_WIB_2024.jpg' src="Thu_Oct_03_11_40_51_WIB_2024.jpg">
    
    </div></div>
        </td>
      </tr>
      <tr class="event-row">
        <td><span class="badge log fail-bg">Fail</span></td>
        <td>11:40:51 AM</td>
        <td>
          <span class='badge white-text red'>TEST CASE FAILED</span>
        </td>
      </tr>
  </tbody>
</table>
</div>
          </div>
        </li>
        <li class="test-item"  status="fail" test-id="4"
          author=""
          tag=""
          device="">
          <div class="test-detail">
            <p class="name">testrunner.HomePageTests     @TestCase : TestNaviLeftMenuLeave</p>
            <p class="text-sm">
              <span>11:40:51 AM</span> / <span>00:00:02:649</span>
              <span class="badge fail-bg log float-right">Fail</span>
            </p>
          </div>
          <div class="test-contents d-none">
<div class="detail-head">
<div class="p-v-10">
<div class="info">
<h5 class="test-status text-fail">testrunner.HomePageTests @TestCase : TestNaviLeftMenuLeave</h5>
<span class='badge badge-success'>10.03.2024 11:40:51 AM</span>
<span class='badge badge-danger'>10.03.2024 11:40:54 AM</span>
<span class='badge badge-default'>00:00:02:649</span>
&middot; <span class='uri-anchor badge badge-default'>#test-id=4</span>
<span class='badge badge-default pointer float-right ml-1 et'><i class="fa fa-chevron-down"></i></span>
<span class='badge badge-default pointer float-right ct'><i class="fa fa-chevron-up"></i></span>
</div>
</div>
</div><div class="detail-body mt-4">
<table class="table table-sm">
  <thead><tr><th class="status-col">Status</th><th class="timestamp-col">Timestamp</th><th class="details-col">Details</th></tr></thead>
  <tbody>
      <tr class="event-row">
        <td><span class="badge log fail-bg">Fail</span></td>
        <td>11:40:54 AM</td>
        <td>
          <details><summary><b><font color=red>Exception Occured:Click to see</font></b ></summary>[java.base/jdk.internal.reflect.DirectConstructorHandleAccessor.newInstance(DirectConstructorHandleAccessor.java:62)<br> java.base/java.lang.reflect.Constructor.newInstanceWithCaller(Constructor.java:502)<br> java.base/java.lang.reflect.Constructor.newInstance(Constructor.java:486)<br> org.openqa.selenium.remote.ErrorCodec.decode(ErrorCodec.java:167)<br> org.openqa.selenium.remote.codec.w3c.W3CHttpResponseCodec.decode(W3CHttpResponseCodec.java:138)<br> org.openqa.selenium.remote.codec.w3c.W3CHttpResponseCodec.decode(W3CHttpResponseCodec.java:50)<br> org.openqa.selenium.remote.HttpCommandExecutor.execute(HttpCommandExecutor.java:190)<br> org.openqa.selenium.remote.service.DriverCommandExecutor.invokeExecute(DriverCommandExecutor.java:216)<br> org.openqa.selenium.remote.service.DriverCommandExecutor.execute(DriverCommandExecutor.java:174)<br> org.openqa.selenium.remote.RemoteWebDriver.execute(RemoteWebDriver.java:545)<br> org.openqa.selenium.remote.ElementLocation$ElementFinder$2.findElement(ElementLocation.java:165)<br> org.openqa.selenium.remote.ElementLocation.findElement(ElementLocation.java:59)<br> org.openqa.selenium.remote.RemoteWebDriver.findElement(RemoteWebDriver.java:368)<br> org.openqa.selenium.remote.RemoteWebDriver.findElement(RemoteWebDriver.java:362)<br> org.openqa.selenium.support.pagefactory.DefaultElementLocator.findElement(DefaultElementLocator.java:68)<br> org.openqa.selenium.support.pagefactory.internal.LocatingElementHandler.invoke(LocatingElementHandler.java:38)<br> jdk.proxy2/jdk.proxy2.$Proxy15.click(Unknown Source)<br> pages.HomePage.naviLeftLeave(HomePage.java:89)<br> testrunner.HomePageTests.TestNaviLeftMenuLeave(HomePageTests.java:50)<br> java.base/jdk.internal.reflect.DirectMethodHandleAccessor.invoke(DirectMethodHandleAccessor.java:103)<br> java.base/java.lang.reflect.Method.invoke(Method.java:580)<br> org.testng.internal.invokers.MethodInvocationHelper.invokeMethod(MethodInvocationHelper.java:141)<br> org.testng.internal.invokers.TestInvoker.invokeMethod(TestInvoker.java:686)<br> org.testng.internal.invokers.TestInvoker.invokeTestMethod(TestInvoker.java:230)<br> org.testng.internal.invokers.MethodRunner.runInSequence(MethodRunner.java:63)<br> org.testng.internal.invokers.TestInvoker$MethodInvocationAgent.invoke(TestInvoker.java:992)<br> org.testng.internal.invokers.TestInvoker.invokeTestMethods(TestInvoker.java:203)<br> org.testng.internal.invokers.TestMethodWorker.invokeTestMethods(TestMethodWorker.java:154)<br> org.testng.internal.invokers.TestMethodWorker.run(TestMethodWorker.java:134)<br> java.base/java.util.ArrayList.forEach(ArrayList.java:1597)<br> org.testng.TestRunner.privateRun(TestRunner.java:739)<br> org.testng.TestRunner.run(TestRunner.java:614)<br> org.testng.SuiteRunner.runTest(SuiteRunner.java:421)<br> org.testng.SuiteRunner.runSequentially(SuiteRunner.java:413)<br> org.testng.SuiteRunner.privateRun(SuiteRunner.java:373)<br> org.testng.SuiteRunner.run(SuiteRunner.java:312)<br> org.testng.SuiteRunnerWorker.runSuite(SuiteRunnerWorker.java:52)<br> org.testng.SuiteRunnerWorker.run(SuiteRunnerWorker.java:95)<br> org.testng.TestNG.runSuitesSequentially(TestNG.java:1274)<br> org.testng.TestNG.runSuitesLocally(TestNG.java:1208)<br> org.testng.TestNG.runSuites(TestNG.java:1112)<br> org.testng.TestNG.run(TestNG.java:1079)<br> org.testng.remote.AbstractRemoteTestNG.run(AbstractRemoteTestNG.java:115)<br> org.testng.remote.RemoteTestNG.initAndRun(RemoteTestNG.java:293)<br> org.testng.remote.RemoteTestNG.main(RemoteTestNG.java:91)]</details> 

        </td>
      </tr>
      <tr class="event-row">
        <td><span class="badge log fail-bg">Fail</span></td>
        <td>11:40:54 AM</td>
        <td>
          <b><font color=red>Screenshot of failure</font></b>
    <div class="row mb-3"><div class="col-md-3">
<img data-featherlight='Thu_Oct_03_11_40_54_WIB_2024.jpg' src="Thu_Oct_03_11_40_54_WIB_2024.jpg">
    
    </div></div>
        </td>
      </tr>
      <tr class="event-row">
        <td><span class="badge log fail-bg">Fail</span></td>
        <td>11:40:54 AM</td>
        <td>
          <span class='badge white-text red'>TEST CASE FAILED</span>
        </td>
      </tr>
  </tbody>
</table>
</div>
          </div>
        </li>
        <li class="test-item"  status="fail" test-id="5"
          author=""
          tag=""
          device="">
          <div class="test-detail">
            <p class="name">testrunner.HomePageTests     @TestCase : TestNaviLeftMenuTime</p>
            <p class="text-sm">
              <span>11:40:54 AM</span> / <span>00:00:02:642</span>
              <span class="badge fail-bg log float-right">Fail</span>
            </p>
          </div>
          <div class="test-contents d-none">
<div class="detail-head">
<div class="p-v-10">
<div class="info">
<h5 class="test-status text-fail">testrunner.HomePageTests @TestCase : TestNaviLeftMenuTime</h5>
<span class='badge badge-success'>10.03.2024 11:40:54 AM</span>
<span class='badge badge-danger'>10.03.2024 11:40:56 AM</span>
<span class='badge badge-default'>00:00:02:642</span>
&middot; <span class='uri-anchor badge badge-default'>#test-id=5</span>
<span class='badge badge-default pointer float-right ml-1 et'><i class="fa fa-chevron-down"></i></span>
<span class='badge badge-default pointer float-right ct'><i class="fa fa-chevron-up"></i></span>
</div>
</div>
</div><div class="detail-body mt-4">
<table class="table table-sm">
  <thead><tr><th class="status-col">Status</th><th class="timestamp-col">Timestamp</th><th class="details-col">Details</th></tr></thead>
  <tbody>
      <tr class="event-row">
        <td><span class="badge log fail-bg">Fail</span></td>
        <td>11:40:56 AM</td>
        <td>
          <details><summary><b><font color=red>Exception Occured:Click to see</font></b ></summary>[java.base/jdk.internal.reflect.DirectConstructorHandleAccessor.newInstance(DirectConstructorHandleAccessor.java:62)<br> java.base/java.lang.reflect.Constructor.newInstanceWithCaller(Constructor.java:502)<br> java.base/java.lang.reflect.Constructor.newInstance(Constructor.java:486)<br> org.openqa.selenium.remote.ErrorCodec.decode(ErrorCodec.java:167)<br> org.openqa.selenium.remote.codec.w3c.W3CHttpResponseCodec.decode(W3CHttpResponseCodec.java:138)<br> org.openqa.selenium.remote.codec.w3c.W3CHttpResponseCodec.decode(W3CHttpResponseCodec.java:50)<br> org.openqa.selenium.remote.HttpCommandExecutor.execute(HttpCommandExecutor.java:190)<br> org.openqa.selenium.remote.service.DriverCommandExecutor.invokeExecute(DriverCommandExecutor.java:216)<br> org.openqa.selenium.remote.service.DriverCommandExecutor.execute(DriverCommandExecutor.java:174)<br> org.openqa.selenium.remote.RemoteWebDriver.execute(RemoteWebDriver.java:545)<br> org.openqa.selenium.remote.ElementLocation$ElementFinder$2.findElement(ElementLocation.java:165)<br> org.openqa.selenium.remote.ElementLocation.findElement(ElementLocation.java:59)<br> org.openqa.selenium.remote.RemoteWebDriver.findElement(RemoteWebDriver.java:368)<br> org.openqa.selenium.remote.RemoteWebDriver.findElement(RemoteWebDriver.java:362)<br> org.openqa.selenium.support.pagefactory.DefaultElementLocator.findElement(DefaultElementLocator.java:68)<br> org.openqa.selenium.support.pagefactory.internal.LocatingElementHandler.invoke(LocatingElementHandler.java:38)<br> jdk.proxy2/jdk.proxy2.$Proxy15.click(Unknown Source)<br> pages.HomePage.naviLeftTime(HomePage.java:93)<br> testrunner.HomePageTests.TestNaviLeftMenuTime(HomePageTests.java:56)<br> java.base/jdk.internal.reflect.DirectMethodHandleAccessor.invoke(DirectMethodHandleAccessor.java:103)<br> java.base/java.lang.reflect.Method.invoke(Method.java:580)<br> org.testng.internal.invokers.MethodInvocationHelper.invokeMethod(MethodInvocationHelper.java:141)<br> org.testng.internal.invokers.TestInvoker.invokeMethod(TestInvoker.java:686)<br> org.testng.internal.invokers.TestInvoker.invokeTestMethod(TestInvoker.java:230)<br> org.testng.internal.invokers.MethodRunner.runInSequence(MethodRunner.java:63)<br> org.testng.internal.invokers.TestInvoker$MethodInvocationAgent.invoke(TestInvoker.java:992)<br> org.testng.internal.invokers.TestInvoker.invokeTestMethods(TestInvoker.java:203)<br> org.testng.internal.invokers.TestMethodWorker.invokeTestMethods(TestMethodWorker.java:154)<br> org.testng.internal.invokers.TestMethodWorker.run(TestMethodWorker.java:134)<br> java.base/java.util.ArrayList.forEach(ArrayList.java:1597)<br> org.testng.TestRunner.privateRun(TestRunner.java:739)<br> org.testng.TestRunner.run(TestRunner.java:614)<br> org.testng.SuiteRunner.runTest(SuiteRunner.java:421)<br> org.testng.SuiteRunner.runSequentially(SuiteRunner.java:413)<br> org.testng.SuiteRunner.privateRun(SuiteRunner.java:373)<br> org.testng.SuiteRunner.run(SuiteRunner.java:312)<br> org.testng.SuiteRunnerWorker.runSuite(SuiteRunnerWorker.java:52)<br> org.testng.SuiteRunnerWorker.run(SuiteRunnerWorker.java:95)<br> org.testng.TestNG.runSuitesSequentially(TestNG.java:1274)<br> org.testng.TestNG.runSuitesLocally(TestNG.java:1208)<br> org.testng.TestNG.runSuites(TestNG.java:1112)<br> org.testng.TestNG.run(TestNG.java:1079)<br> org.testng.remote.AbstractRemoteTestNG.run(AbstractRemoteTestNG.java:115)<br> org.testng.remote.RemoteTestNG.initAndRun(RemoteTestNG.java:293)<br> org.testng.remote.RemoteTestNG.main(RemoteTestNG.java:91)]</details> 

        </td>
      </tr>
      <tr class="event-row">
        <td><span class="badge log fail-bg">Fail</span></td>
        <td>11:40:56 AM</td>
        <td>
          <b><font color=red>Screenshot of failure</font></b>
    <div class="row mb-3"><div class="col-md-3">
<img data-featherlight='Thu_Oct_03_11_40_56_WIB_2024.jpg' src="Thu_Oct_03_11_40_56_WIB_2024.jpg">
    
    </div></div>
        </td>
      </tr>
      <tr class="event-row">
        <td><span class="badge log fail-bg">Fail</span></td>
        <td>11:40:56 AM</td>
        <td>
          <span class='badge white-text red'>TEST CASE FAILED</span>
        </td>
      </tr>
  </tbody>
</table>
</div>
          </div>
        </li>
        <li class="test-item"  status="fail" test-id="6"
          author=""
          tag=""
          device="">
          <div class="test-detail">
            <p class="name">testrunner.HomePageTests     @TestCase : TestNaviLeftMenuRecruitment</p>
            <p class="text-sm">
              <span>11:40:56 AM</span> / <span>00:00:02:644</span>
              <span class="badge fail-bg log float-right">Fail</span>
            </p>
          </div>
          <div class="test-contents d-none">
<div class="detail-head">
<div class="p-v-10">
<div class="info">
<h5 class="test-status text-fail">testrunner.HomePageTests @TestCase : TestNaviLeftMenuRecruitment</h5>
<span class='badge badge-success'>10.03.2024 11:40:56 AM</span>
<span class='badge badge-danger'>10.03.2024 11:40:59 AM</span>
<span class='badge badge-default'>00:00:02:644</span>
&middot; <span class='uri-anchor badge badge-default'>#test-id=6</span>
<span class='badge badge-default pointer float-right ml-1 et'><i class="fa fa-chevron-down"></i></span>
<span class='badge badge-default pointer float-right ct'><i class="fa fa-chevron-up"></i></span>
</div>
</div>
</div><div class="detail-body mt-4">
<table class="table table-sm">
  <thead><tr><th class="status-col">Status</th><th class="timestamp-col">Timestamp</th><th class="details-col">Details</th></tr></thead>
  <tbody>
      <tr class="event-row">
        <td><span class="badge log fail-bg">Fail</span></td>
        <td>11:40:59 AM</td>
        <td>
          <details><summary><b><font color=red>Exception Occured:Click to see</font></b ></summary>[java.base/jdk.internal.reflect.DirectConstructorHandleAccessor.newInstance(DirectConstructorHandleAccessor.java:62)<br> java.base/java.lang.reflect.Constructor.newInstanceWithCaller(Constructor.java:502)<br> java.base/java.lang.reflect.Constructor.newInstance(Constructor.java:486)<br> org.openqa.selenium.remote.ErrorCodec.decode(ErrorCodec.java:167)<br> org.openqa.selenium.remote.codec.w3c.W3CHttpResponseCodec.decode(W3CHttpResponseCodec.java:138)<br> org.openqa.selenium.remote.codec.w3c.W3CHttpResponseCodec.decode(W3CHttpResponseCodec.java:50)<br> org.openqa.selenium.remote.HttpCommandExecutor.execute(HttpCommandExecutor.java:190)<br> org.openqa.selenium.remote.service.DriverCommandExecutor.invokeExecute(DriverCommandExecutor.java:216)<br> org.openqa.selenium.remote.service.DriverCommandExecutor.execute(DriverCommandExecutor.java:174)<br> org.openqa.selenium.remote.RemoteWebDriver.execute(RemoteWebDriver.java:545)<br> org.openqa.selenium.remote.ElementLocation$ElementFinder$2.findElement(ElementLocation.java:165)<br> org.openqa.selenium.remote.ElementLocation.findElement(ElementLocation.java:59)<br> org.openqa.selenium.remote.RemoteWebDriver.findElement(RemoteWebDriver.java:368)<br> org.openqa.selenium.remote.RemoteWebDriver.findElement(RemoteWebDriver.java:362)<br> org.openqa.selenium.support.pagefactory.DefaultElementLocator.findElement(DefaultElementLocator.java:68)<br> org.openqa.selenium.support.pagefactory.internal.LocatingElementHandler.invoke(LocatingElementHandler.java:38)<br> jdk.proxy2/jdk.proxy2.$Proxy15.click(Unknown Source)<br> pages.HomePage.naviLeftRecruiment(HomePage.java:101)<br> testrunner.HomePageTests.TestNaviLeftMenuRecruitment(HomePageTests.java:62)<br> java.base/jdk.internal.reflect.DirectMethodHandleAccessor.invoke(DirectMethodHandleAccessor.java:103)<br> java.base/java.lang.reflect.Method.invoke(Method.java:580)<br> org.testng.internal.invokers.MethodInvocationHelper.invokeMethod(MethodInvocationHelper.java:141)<br> org.testng.internal.invokers.TestInvoker.invokeMethod(TestInvoker.java:686)<br> org.testng.internal.invokers.TestInvoker.invokeTestMethod(TestInvoker.java:230)<br> org.testng.internal.invokers.MethodRunner.runInSequence(MethodRunner.java:63)<br> org.testng.internal.invokers.TestInvoker$MethodInvocationAgent.invoke(TestInvoker.java:992)<br> org.testng.internal.invokers.TestInvoker.invokeTestMethods(TestInvoker.java:203)<br> org.testng.internal.invokers.TestMethodWorker.invokeTestMethods(TestMethodWorker.java:154)<br> org.testng.internal.invokers.TestMethodWorker.run(TestMethodWorker.java:134)<br> java.base/java.util.ArrayList.forEach(ArrayList.java:1597)<br> org.testng.TestRunner.privateRun(TestRunner.java:739)<br> org.testng.TestRunner.run(TestRunner.java:614)<br> org.testng.SuiteRunner.runTest(SuiteRunner.java:421)<br> org.testng.SuiteRunner.runSequentially(SuiteRunner.java:413)<br> org.testng.SuiteRunner.privateRun(SuiteRunner.java:373)<br> org.testng.SuiteRunner.run(SuiteRunner.java:312)<br> org.testng.SuiteRunnerWorker.runSuite(SuiteRunnerWorker.java:52)<br> org.testng.SuiteRunnerWorker.run(SuiteRunnerWorker.java:95)<br> org.testng.TestNG.runSuitesSequentially(TestNG.java:1274)<br> org.testng.TestNG.runSuitesLocally(TestNG.java:1208)<br> org.testng.TestNG.runSuites(TestNG.java:1112)<br> org.testng.TestNG.run(TestNG.java:1079)<br> org.testng.remote.AbstractRemoteTestNG.run(AbstractRemoteTestNG.java:115)<br> org.testng.remote.RemoteTestNG.initAndRun(RemoteTestNG.java:293)<br> org.testng.remote.RemoteTestNG.main(RemoteTestNG.java:91)]</details> 

        </td>
      </tr>
      <tr class="event-row">
        <td><span class="badge log fail-bg">Fail</span></td>
        <td>11:40:59 AM</td>
        <td>
          <b><font color=red>Screenshot of failure</font></b>
    <div class="row mb-3"><div class="col-md-3">
<img data-featherlight='Thu_Oct_03_11_40_59_WIB_2024.jpg' src="Thu_Oct_03_11_40_59_WIB_2024.jpg">
    
    </div></div>
        </td>
      </tr>
      <tr class="event-row">
        <td><span class="badge log fail-bg">Fail</span></td>
        <td>11:40:59 AM</td>
        <td>
          <span class='badge white-text red'>TEST CASE FAILED</span>
        </td>
      </tr>
  </tbody>
</table>
</div>
          </div>
        </li>
        <li class="test-item"  status="fail" test-id="7"
          author=""
          tag=""
          device="">
          <div class="test-detail">
            <p class="name">testrunner.HomePageTests     @TestCase : TestNaviLeftMenuMyInfo</p>
            <p class="text-sm">
              <span>11:40:59 AM</span> / <span>00:00:02:634</span>
              <span class="badge fail-bg log float-right">Fail</span>
            </p>
          </div>
          <div class="test-contents d-none">
<div class="detail-head">
<div class="p-v-10">
<div class="info">
<h5 class="test-status text-fail">testrunner.HomePageTests @TestCase : TestNaviLeftMenuMyInfo</h5>
<span class='badge badge-success'>10.03.2024 11:40:59 AM</span>
<span class='badge badge-danger'>10.03.2024 11:41:02 AM</span>
<span class='badge badge-default'>00:00:02:634</span>
&middot; <span class='uri-anchor badge badge-default'>#test-id=7</span>
<span class='badge badge-default pointer float-right ml-1 et'><i class="fa fa-chevron-down"></i></span>
<span class='badge badge-default pointer float-right ct'><i class="fa fa-chevron-up"></i></span>
</div>
</div>
</div><div class="detail-body mt-4">
<table class="table table-sm">
  <thead><tr><th class="status-col">Status</th><th class="timestamp-col">Timestamp</th><th class="details-col">Details</th></tr></thead>
  <tbody>
      <tr class="event-row">
        <td><span class="badge log fail-bg">Fail</span></td>
        <td>11:41:02 AM</td>
        <td>
          <details><summary><b><font color=red>Exception Occured:Click to see</font></b ></summary>[java.base/jdk.internal.reflect.DirectConstructorHandleAccessor.newInstance(DirectConstructorHandleAccessor.java:62)<br> java.base/java.lang.reflect.Constructor.newInstanceWithCaller(Constructor.java:502)<br> java.base/java.lang.reflect.Constructor.newInstance(Constructor.java:486)<br> org.openqa.selenium.remote.ErrorCodec.decode(ErrorCodec.java:167)<br> org.openqa.selenium.remote.codec.w3c.W3CHttpResponseCodec.decode(W3CHttpResponseCodec.java:138)<br> org.openqa.selenium.remote.codec.w3c.W3CHttpResponseCodec.decode(W3CHttpResponseCodec.java:50)<br> org.openqa.selenium.remote.HttpCommandExecutor.execute(HttpCommandExecutor.java:190)<br> org.openqa.selenium.remote.service.DriverCommandExecutor.invokeExecute(DriverCommandExecutor.java:216)<br> org.openqa.selenium.remote.service.DriverCommandExecutor.execute(DriverCommandExecutor.java:174)<br> org.openqa.selenium.remote.RemoteWebDriver.execute(RemoteWebDriver.java:545)<br> org.openqa.selenium.remote.ElementLocation$ElementFinder$2.findElement(ElementLocation.java:165)<br> org.openqa.selenium.remote.ElementLocation.findElement(ElementLocation.java:59)<br> org.openqa.selenium.remote.RemoteWebDriver.findElement(RemoteWebDriver.java:368)<br> org.openqa.selenium.remote.RemoteWebDriver.findElement(RemoteWebDriver.java:362)<br> org.openqa.selenium.support.pagefactory.DefaultElementLocator.findElement(DefaultElementLocator.java:68)<br> org.openqa.selenium.support.pagefactory.internal.LocatingElementHandler.invoke(LocatingElementHandler.java:38)<br> jdk.proxy2/jdk.proxy2.$Proxy15.click(Unknown Source)<br> pages.HomePage.naviLeftMyInfo(HomePage.java:105)<br> testrunner.HomePageTests.TestNaviLeftMenuMyInfo(HomePageTests.java:68)<br> java.base/jdk.internal.reflect.DirectMethodHandleAccessor.invoke(DirectMethodHandleAccessor.java:103)<br> java.base/java.lang.reflect.Method.invoke(Method.java:580)<br> org.testng.internal.invokers.MethodInvocationHelper.invokeMethod(MethodInvocationHelper.java:141)<br> org.testng.internal.invokers.TestInvoker.invokeMethod(TestInvoker.java:686)<br> org.testng.internal.invokers.TestInvoker.invokeTestMethod(TestInvoker.java:230)<br> org.testng.internal.invokers.MethodRunner.runInSequence(MethodRunner.java:63)<br> org.testng.internal.invokers.TestInvoker$MethodInvocationAgent.invoke(TestInvoker.java:992)<br> org.testng.internal.invokers.TestInvoker.invokeTestMethods(TestInvoker.java:203)<br> org.testng.internal.invokers.TestMethodWorker.invokeTestMethods(TestMethodWorker.java:154)<br> org.testng.internal.invokers.TestMethodWorker.run(TestMethodWorker.java:134)<br> java.base/java.util.ArrayList.forEach(ArrayList.java:1597)<br> org.testng.TestRunner.privateRun(TestRunner.java:739)<br> org.testng.TestRunner.run(TestRunner.java:614)<br> org.testng.SuiteRunner.runTest(SuiteRunner.java:421)<br> org.testng.SuiteRunner.runSequentially(SuiteRunner.java:413)<br> org.testng.SuiteRunner.privateRun(SuiteRunner.java:373)<br> org.testng.SuiteRunner.run(SuiteRunner.java:312)<br> org.testng.SuiteRunnerWorker.runSuite(SuiteRunnerWorker.java:52)<br> org.testng.SuiteRunnerWorker.run(SuiteRunnerWorker.java:95)<br> org.testng.TestNG.runSuitesSequentially(TestNG.java:1274)<br> org.testng.TestNG.runSuitesLocally(TestNG.java:1208)<br> org.testng.TestNG.runSuites(TestNG.java:1112)<br> org.testng.TestNG.run(TestNG.java:1079)<br> org.testng.remote.AbstractRemoteTestNG.run(AbstractRemoteTestNG.java:115)<br> org.testng.remote.RemoteTestNG.initAndRun(RemoteTestNG.java:293)<br> org.testng.remote.RemoteTestNG.main(RemoteTestNG.java:91)]</details> 

        </td>
      </tr>
      <tr class="event-row">
        <td><span class="badge log fail-bg">Fail</span></td>
        <td>11:41:02 AM</td>
        <td>
          <b><font color=red>Screenshot of failure</font></b>
    <div class="row mb-3"><div class="col-md-3">
<img data-featherlight='Thu_Oct_03_11_41_02_WIB_2024.jpg' src="Thu_Oct_03_11_41_02_WIB_2024.jpg">
    
    </div></div>
        </td>
      </tr>
      <tr class="event-row">
        <td><span class="badge log fail-bg">Fail</span></td>
        <td>11:41:02 AM</td>
        <td>
          <span class='badge white-text red'>TEST CASE FAILED</span>
        </td>
      </tr>
  </tbody>
</table>
</div>
          </div>
        </li>
        <li class="test-item"  status="fail" test-id="8"
          author=""
          tag=""
          device="">
          <div class="test-detail">
            <p class="name">testrunner.HomePageTests     @TestCase : TestNaviLeftMenuPerformance</p>
            <p class="text-sm">
              <span>11:41:02 AM</span> / <span>00:00:02:655</span>
              <span class="badge fail-bg log float-right">Fail</span>
            </p>
          </div>
          <div class="test-contents d-none">
<div class="detail-head">
<div class="p-v-10">
<div class="info">
<h5 class="test-status text-fail">testrunner.HomePageTests @TestCase : TestNaviLeftMenuPerformance</h5>
<span class='badge badge-success'>10.03.2024 11:41:02 AM</span>
<span class='badge badge-danger'>10.03.2024 11:41:04 AM</span>
<span class='badge badge-default'>00:00:02:655</span>
&middot; <span class='uri-anchor badge badge-default'>#test-id=8</span>
<span class='badge badge-default pointer float-right ml-1 et'><i class="fa fa-chevron-down"></i></span>
<span class='badge badge-default pointer float-right ct'><i class="fa fa-chevron-up"></i></span>
</div>
</div>
</div><div class="detail-body mt-4">
<table class="table table-sm">
  <thead><tr><th class="status-col">Status</th><th class="timestamp-col">Timestamp</th><th class="details-col">Details</th></tr></thead>
  <tbody>
      <tr class="event-row">
        <td><span class="badge log fail-bg">Fail</span></td>
        <td>11:41:04 AM</td>
        <td>
          <details><summary><b><font color=red>Exception Occured:Click to see</font></b ></summary>[java.base/jdk.internal.reflect.DirectConstructorHandleAccessor.newInstance(DirectConstructorHandleAccessor.java:62)<br> java.base/java.lang.reflect.Constructor.newInstanceWithCaller(Constructor.java:502)<br> java.base/java.lang.reflect.Constructor.newInstance(Constructor.java:486)<br> org.openqa.selenium.remote.ErrorCodec.decode(ErrorCodec.java:167)<br> org.openqa.selenium.remote.codec.w3c.W3CHttpResponseCodec.decode(W3CHttpResponseCodec.java:138)<br> org.openqa.selenium.remote.codec.w3c.W3CHttpResponseCodec.decode(W3CHttpResponseCodec.java:50)<br> org.openqa.selenium.remote.HttpCommandExecutor.execute(HttpCommandExecutor.java:190)<br> org.openqa.selenium.remote.service.DriverCommandExecutor.invokeExecute(DriverCommandExecutor.java:216)<br> org.openqa.selenium.remote.service.DriverCommandExecutor.execute(DriverCommandExecutor.java:174)<br> org.openqa.selenium.remote.RemoteWebDriver.execute(RemoteWebDriver.java:545)<br> org.openqa.selenium.remote.ElementLocation$ElementFinder$2.findElement(ElementLocation.java:165)<br> org.openqa.selenium.remote.ElementLocation.findElement(ElementLocation.java:59)<br> org.openqa.selenium.remote.RemoteWebDriver.findElement(RemoteWebDriver.java:368)<br> org.openqa.selenium.remote.RemoteWebDriver.findElement(RemoteWebDriver.java:362)<br> org.openqa.selenium.support.pagefactory.DefaultElementLocator.findElement(DefaultElementLocator.java:68)<br> org.openqa.selenium.support.pagefactory.internal.LocatingElementHandler.invoke(LocatingElementHandler.java:38)<br> jdk.proxy2/jdk.proxy2.$Proxy15.click(Unknown Source)<br> pages.HomePage.naviLeftPerformance(HomePage.java:109)<br> testrunner.HomePageTests.TestNaviLeftMenuPerformance(HomePageTests.java:74)<br> java.base/jdk.internal.reflect.DirectMethodHandleAccessor.invoke(DirectMethodHandleAccessor.java:103)<br> java.base/java.lang.reflect.Method.invoke(Method.java:580)<br> org.testng.internal.invokers.MethodInvocationHelper.invokeMethod(MethodInvocationHelper.java:141)<br> org.testng.internal.invokers.TestInvoker.invokeMethod(TestInvoker.java:686)<br> org.testng.internal.invokers.TestInvoker.invokeTestMethod(TestInvoker.java:230)<br> org.testng.internal.invokers.MethodRunner.runInSequence(MethodRunner.java:63)<br> org.testng.internal.invokers.TestInvoker$MethodInvocationAgent.invoke(TestInvoker.java:992)<br> org.testng.internal.invokers.TestInvoker.invokeTestMethods(TestInvoker.java:203)<br> org.testng.internal.invokers.TestMethodWorker.invokeTestMethods(TestMethodWorker.java:154)<br> org.testng.internal.invokers.TestMethodWorker.run(TestMethodWorker.java:134)<br> java.base/java.util.ArrayList.forEach(ArrayList.java:1597)<br> org.testng.TestRunner.privateRun(TestRunner.java:739)<br> org.testng.TestRunner.run(TestRunner.java:614)<br> org.testng.SuiteRunner.runTest(SuiteRunner.java:421)<br> org.testng.SuiteRunner.runSequentially(SuiteRunner.java:413)<br> org.testng.SuiteRunner.privateRun(SuiteRunner.java:373)<br> org.testng.SuiteRunner.run(SuiteRunner.java:312)<br> org.testng.SuiteRunnerWorker.runSuite(SuiteRunnerWorker.java:52)<br> org.testng.SuiteRunnerWorker.run(SuiteRunnerWorker.java:95)<br> org.testng.TestNG.runSuitesSequentially(TestNG.java:1274)<br> org.testng.TestNG.runSuitesLocally(TestNG.java:1208)<br> org.testng.TestNG.runSuites(TestNG.java:1112)<br> org.testng.TestNG.run(TestNG.java:1079)<br> org.testng.remote.AbstractRemoteTestNG.run(AbstractRemoteTestNG.java:115)<br> org.testng.remote.RemoteTestNG.initAndRun(RemoteTestNG.java:293)<br> org.testng.remote.RemoteTestNG.main(RemoteTestNG.java:91)]</details> 

        </td>
      </tr>
      <tr class="event-row">
        <td><span class="badge log fail-bg">Fail</span></td>
        <td>11:41:04 AM</td>
        <td>
          <b><font color=red>Screenshot of failure</font></b>
    <div class="row mb-3"><div class="col-md-3">
<img data-featherlight='Thu_Oct_03_11_41_04_WIB_2024.jpg' src="Thu_Oct_03_11_41_04_WIB_2024.jpg">
    
    </div></div>
        </td>
      </tr>
      <tr class="event-row">
        <td><span class="badge log fail-bg">Fail</span></td>
        <td>11:41:04 AM</td>
        <td>
          <span class='badge white-text red'>TEST CASE FAILED</span>
        </td>
      </tr>
  </tbody>
</table>
</div>
          </div>
        </li>
        <li class="test-item"  status="fail" test-id="9"
          author=""
          tag=""
          device="">
          <div class="test-detail">
            <p class="name">testrunner.HomePageTests     @TestCase : TestNaviLeftDashboard</p>
            <p class="text-sm">
              <span>11:41:04 AM</span> / <span>00:00:02:693</span>
              <span class="badge fail-bg log float-right">Fail</span>
            </p>
          </div>
          <div class="test-contents d-none">
<div class="detail-head">
<div class="p-v-10">
<div class="info">
<h5 class="test-status text-fail">testrunner.HomePageTests @TestCase : TestNaviLeftDashboard</h5>
<span class='badge badge-success'>10.03.2024 11:41:04 AM</span>
<span class='badge badge-danger'>10.03.2024 11:41:07 AM</span>
<span class='badge badge-default'>00:00:02:693</span>
&middot; <span class='uri-anchor badge badge-default'>#test-id=9</span>
<span class='badge badge-default pointer float-right ml-1 et'><i class="fa fa-chevron-down"></i></span>
<span class='badge badge-default pointer float-right ct'><i class="fa fa-chevron-up"></i></span>
</div>
</div>
</div><div class="detail-body mt-4">
<table class="table table-sm">
  <thead><tr><th class="status-col">Status</th><th class="timestamp-col">Timestamp</th><th class="details-col">Details</th></tr></thead>
  <tbody>
      <tr class="event-row">
        <td><span class="badge log fail-bg">Fail</span></td>
        <td>11:41:07 AM</td>
        <td>
          <details><summary><b><font color=red>Exception Occured:Click to see</font></b ></summary>[java.base/jdk.internal.reflect.DirectConstructorHandleAccessor.newInstance(DirectConstructorHandleAccessor.java:62)<br> java.base/java.lang.reflect.Constructor.newInstanceWithCaller(Constructor.java:502)<br> java.base/java.lang.reflect.Constructor.newInstance(Constructor.java:486)<br> org.openqa.selenium.remote.ErrorCodec.decode(ErrorCodec.java:167)<br> org.openqa.selenium.remote.codec.w3c.W3CHttpResponseCodec.decode(W3CHttpResponseCodec.java:138)<br> org.openqa.selenium.remote.codec.w3c.W3CHttpResponseCodec.decode(W3CHttpResponseCodec.java:50)<br> org.openqa.selenium.remote.HttpCommandExecutor.execute(HttpCommandExecutor.java:190)<br> org.openqa.selenium.remote.service.DriverCommandExecutor.invokeExecute(DriverCommandExecutor.java:216)<br> org.openqa.selenium.remote.service.DriverCommandExecutor.execute(DriverCommandExecutor.java:174)<br> org.openqa.selenium.remote.RemoteWebDriver.execute(RemoteWebDriver.java:545)<br> org.openqa.selenium.remote.ElementLocation$ElementFinder$2.findElement(ElementLocation.java:165)<br> org.openqa.selenium.remote.ElementLocation.findElement(ElementLocation.java:59)<br> org.openqa.selenium.remote.RemoteWebDriver.findElement(RemoteWebDriver.java:368)<br> org.openqa.selenium.remote.RemoteWebDriver.findElement(RemoteWebDriver.java:362)<br> org.openqa.selenium.support.pagefactory.DefaultElementLocator.findElement(DefaultElementLocator.java:68)<br> org.openqa.selenium.support.pagefactory.internal.LocatingElementHandler.invoke(LocatingElementHandler.java:38)<br> jdk.proxy2/jdk.proxy2.$Proxy15.click(Unknown Source)<br> pages.HomePage.naviLeftDashboard(HomePage.java:113)<br> testrunner.HomePageTests.TestNaviLeftDashboard(HomePageTests.java:80)<br> java.base/jdk.internal.reflect.DirectMethodHandleAccessor.invoke(DirectMethodHandleAccessor.java:103)<br> java.base/java.lang.reflect.Method.invoke(Method.java:580)<br> org.testng.internal.invokers.MethodInvocationHelper.invokeMethod(MethodInvocationHelper.java:141)<br> org.testng.internal.invokers.TestInvoker.invokeMethod(TestInvoker.java:686)<br> org.testng.internal.invokers.TestInvoker.invokeTestMethod(TestInvoker.java:230)<br> org.testng.internal.invokers.MethodRunner.runInSequence(MethodRunner.java:63)<br> org.testng.internal.invokers.TestInvoker$MethodInvocationAgent.invoke(TestInvoker.java:992)<br> org.testng.internal.invokers.TestInvoker.invokeTestMethods(TestInvoker.java:203)<br> org.testng.internal.invokers.TestMethodWorker.invokeTestMethods(TestMethodWorker.java:154)<br> org.testng.internal.invokers.TestMethodWorker.run(TestMethodWorker.java:134)<br> java.base/java.util.ArrayList.forEach(ArrayList.java:1597)<br> org.testng.TestRunner.privateRun(TestRunner.java:739)<br> org.testng.TestRunner.run(TestRunner.java:614)<br> org.testng.SuiteRunner.runTest(SuiteRunner.java:421)<br> org.testng.SuiteRunner.runSequentially(SuiteRunner.java:413)<br> org.testng.SuiteRunner.privateRun(SuiteRunner.java:373)<br> org.testng.SuiteRunner.run(SuiteRunner.java:312)<br> org.testng.SuiteRunnerWorker.runSuite(SuiteRunnerWorker.java:52)<br> org.testng.SuiteRunnerWorker.run(SuiteRunnerWorker.java:95)<br> org.testng.TestNG.runSuitesSequentially(TestNG.java:1274)<br> org.testng.TestNG.runSuitesLocally(TestNG.java:1208)<br> org.testng.TestNG.runSuites(TestNG.java:1112)<br> org.testng.TestNG.run(TestNG.java:1079)<br> org.testng.remote.AbstractRemoteTestNG.run(AbstractRemoteTestNG.java:115)<br> org.testng.remote.RemoteTestNG.initAndRun(RemoteTestNG.java:293)<br> org.testng.remote.RemoteTestNG.main(RemoteTestNG.java:91)]</details> 

        </td>
      </tr>
      <tr class="event-row">
        <td><span class="badge log fail-bg">Fail</span></td>
        <td>11:41:07 AM</td>
        <td>
          <b><font color=red>Screenshot of failure</font></b>
    <div class="row mb-3"><div class="col-md-3">
<img data-featherlight='Thu_Oct_03_11_41_07_WIB_2024.jpg' src="Thu_Oct_03_11_41_07_WIB_2024.jpg">
    
    </div></div>
        </td>
      </tr>
      <tr class="event-row">
        <td><span class="badge log fail-bg">Fail</span></td>
        <td>11:41:07 AM</td>
        <td>
          <span class='badge white-text red'>TEST CASE FAILED</span>
        </td>
      </tr>
  </tbody>
</table>
</div>
          </div>
        </li>
        <li class="test-item"  status="fail" test-id="10"
          author=""
          tag=""
          device="">
          <div class="test-detail">
            <p class="name">testrunner.HomePageTests     @TestCase : TestNaviLeftDirectory</p>
            <p class="text-sm">
              <span>11:41:07 AM</span> / <span>00:00:02:651</span>
              <span class="badge fail-bg log float-right">Fail</span>
            </p>
          </div>
          <div class="test-contents d-none">
<div class="detail-head">
<div class="p-v-10">
<div class="info">
<h5 class="test-status text-fail">testrunner.HomePageTests @TestCase : TestNaviLeftDirectory</h5>
<span class='badge badge-success'>10.03.2024 11:41:07 AM</span>
<span class='badge badge-danger'>10.03.2024 11:41:10 AM</span>
<span class='badge badge-default'>00:00:02:651</span>
&middot; <span class='uri-anchor badge badge-default'>#test-id=10</span>
<span class='badge badge-default pointer float-right ml-1 et'><i class="fa fa-chevron-down"></i></span>
<span class='badge badge-default pointer float-right ct'><i class="fa fa-chevron-up"></i></span>
</div>
</div>
</div><div class="detail-body mt-4">
<table class="table table-sm">
  <thead><tr><th class="status-col">Status</th><th class="timestamp-col">Timestamp</th><th class="details-col">Details</th></tr></thead>
  <tbody>
      <tr class="event-row">
        <td><span class="badge log fail-bg">Fail</span></td>
        <td>11:41:10 AM</td>
        <td>
          <details><summary><b><font color=red>Exception Occured:Click to see</font></b ></summary>[java.base/jdk.internal.reflect.DirectConstructorHandleAccessor.newInstance(DirectConstructorHandleAccessor.java:62)<br> java.base/java.lang.reflect.Constructor.newInstanceWithCaller(Constructor.java:502)<br> java.base/java.lang.reflect.Constructor.newInstance(Constructor.java:486)<br> org.openqa.selenium.remote.ErrorCodec.decode(ErrorCodec.java:167)<br> org.openqa.selenium.remote.codec.w3c.W3CHttpResponseCodec.decode(W3CHttpResponseCodec.java:138)<br> org.openqa.selenium.remote.codec.w3c.W3CHttpResponseCodec.decode(W3CHttpResponseCodec.java:50)<br> org.openqa.selenium.remote.HttpCommandExecutor.execute(HttpCommandExecutor.java:190)<br> org.openqa.selenium.remote.service.DriverCommandExecutor.invokeExecute(DriverCommandExecutor.java:216)<br> org.openqa.selenium.remote.service.DriverCommandExecutor.execute(DriverCommandExecutor.java:174)<br> org.openqa.selenium.remote.RemoteWebDriver.execute(RemoteWebDriver.java:545)<br> org.openqa.selenium.remote.ElementLocation$ElementFinder$2.findElement(ElementLocation.java:165)<br> org.openqa.selenium.remote.ElementLocation.findElement(ElementLocation.java:59)<br> org.openqa.selenium.remote.RemoteWebDriver.findElement(RemoteWebDriver.java:368)<br> org.openqa.selenium.remote.RemoteWebDriver.findElement(RemoteWebDriver.java:362)<br> org.openqa.selenium.support.pagefactory.DefaultElementLocator.findElement(DefaultElementLocator.java:68)<br> org.openqa.selenium.support.pagefactory.internal.LocatingElementHandler.invoke(LocatingElementHandler.java:38)<br> jdk.proxy2/jdk.proxy2.$Proxy15.click(Unknown Source)<br> pages.HomePage.naviLeftDirectory(HomePage.java:117)<br> testrunner.HomePageTests.TestNaviLeftDirectory(HomePageTests.java:86)<br> java.base/jdk.internal.reflect.DirectMethodHandleAccessor.invoke(DirectMethodHandleAccessor.java:103)<br> java.base/java.lang.reflect.Method.invoke(Method.java:580)<br> org.testng.internal.invokers.MethodInvocationHelper.invokeMethod(MethodInvocationHelper.java:141)<br> org.testng.internal.invokers.TestInvoker.invokeMethod(TestInvoker.java:686)<br> org.testng.internal.invokers.TestInvoker.invokeTestMethod(TestInvoker.java:230)<br> org.testng.internal.invokers.MethodRunner.runInSequence(MethodRunner.java:63)<br> org.testng.internal.invokers.TestInvoker$MethodInvocationAgent.invoke(TestInvoker.java:992)<br> org.testng.internal.invokers.TestInvoker.invokeTestMethods(TestInvoker.java:203)<br> org.testng.internal.invokers.TestMethodWorker.invokeTestMethods(TestMethodWorker.java:154)<br> org.testng.internal.invokers.TestMethodWorker.run(TestMethodWorker.java:134)<br> java.base/java.util.ArrayList.forEach(ArrayList.java:1597)<br> org.testng.TestRunner.privateRun(TestRunner.java:739)<br> org.testng.TestRunner.run(TestRunner.java:614)<br> org.testng.SuiteRunner.runTest(SuiteRunner.java:421)<br> org.testng.SuiteRunner.runSequentially(SuiteRunner.java:413)<br> org.testng.SuiteRunner.privateRun(SuiteRunner.java:373)<br> org.testng.SuiteRunner.run(SuiteRunner.java:312)<br> org.testng.SuiteRunnerWorker.runSuite(SuiteRunnerWorker.java:52)<br> org.testng.SuiteRunnerWorker.run(SuiteRunnerWorker.java:95)<br> org.testng.TestNG.runSuitesSequentially(TestNG.java:1274)<br> org.testng.TestNG.runSuitesLocally(TestNG.java:1208)<br> org.testng.TestNG.runSuites(TestNG.java:1112)<br> org.testng.TestNG.run(TestNG.java:1079)<br> org.testng.remote.AbstractRemoteTestNG.run(AbstractRemoteTestNG.java:115)<br> org.testng.remote.RemoteTestNG.initAndRun(RemoteTestNG.java:293)<br> org.testng.remote.RemoteTestNG.main(RemoteTestNG.java:91)]</details> 

        </td>
      </tr>
      <tr class="event-row">
        <td><span class="badge log fail-bg">Fail</span></td>
        <td>11:41:10 AM</td>
        <td>
          <b><font color=red>Screenshot of failure</font></b>
    <div class="row mb-3"><div class="col-md-3">
<img data-featherlight='Thu_Oct_03_11_41_10_WIB_2024.jpg' src="Thu_Oct_03_11_41_10_WIB_2024.jpg">
    
    </div></div>
        </td>
      </tr>
      <tr class="event-row">
        <td><span class="badge log fail-bg">Fail</span></td>
        <td>11:41:10 AM</td>
        <td>
          <span class='badge white-text red'>TEST CASE FAILED</span>
        </td>
      </tr>
  </tbody>
</table>
</div>
          </div>
        </li>
        <li class="test-item"  status="fail" test-id="11"
          author=""
          tag=""
          device="">
          <div class="test-detail">
            <p class="name">testrunner.HomePageTests     @TestCase : TestNaviLeftClaim</p>
            <p class="text-sm">
              <span>11:41:10 AM</span> / <span>00:00:02:690</span>
              <span class="badge fail-bg log float-right">Fail</span>
            </p>
          </div>
          <div class="test-contents d-none">
<div class="detail-head">
<div class="p-v-10">
<div class="info">
<h5 class="test-status text-fail">testrunner.HomePageTests @TestCase : TestNaviLeftClaim</h5>
<span class='badge badge-success'>10.03.2024 11:41:10 AM</span>
<span class='badge badge-danger'>10.03.2024 11:41:12 AM</span>
<span class='badge badge-default'>00:00:02:690</span>
&middot; <span class='uri-anchor badge badge-default'>#test-id=11</span>
<span class='badge badge-default pointer float-right ml-1 et'><i class="fa fa-chevron-down"></i></span>
<span class='badge badge-default pointer float-right ct'><i class="fa fa-chevron-up"></i></span>
</div>
</div>
</div><div class="detail-body mt-4">
<table class="table table-sm">
  <thead><tr><th class="status-col">Status</th><th class="timestamp-col">Timestamp</th><th class="details-col">Details</th></tr></thead>
  <tbody>
      <tr class="event-row">
        <td><span class="badge log fail-bg">Fail</span></td>
        <td>11:41:12 AM</td>
        <td>
          <details><summary><b><font color=red>Exception Occured:Click to see</font></b ></summary>[java.base/jdk.internal.reflect.DirectConstructorHandleAccessor.newInstance(DirectConstructorHandleAccessor.java:62)<br> java.base/java.lang.reflect.Constructor.newInstanceWithCaller(Constructor.java:502)<br> java.base/java.lang.reflect.Constructor.newInstance(Constructor.java:486)<br> org.openqa.selenium.remote.ErrorCodec.decode(ErrorCodec.java:167)<br> org.openqa.selenium.remote.codec.w3c.W3CHttpResponseCodec.decode(W3CHttpResponseCodec.java:138)<br> org.openqa.selenium.remote.codec.w3c.W3CHttpResponseCodec.decode(W3CHttpResponseCodec.java:50)<br> org.openqa.selenium.remote.HttpCommandExecutor.execute(HttpCommandExecutor.java:190)<br> org.openqa.selenium.remote.service.DriverCommandExecutor.invokeExecute(DriverCommandExecutor.java:216)<br> org.openqa.selenium.remote.service.DriverCommandExecutor.execute(DriverCommandExecutor.java:174)<br> org.openqa.selenium.remote.RemoteWebDriver.execute(RemoteWebDriver.java:545)<br> org.openqa.selenium.remote.ElementLocation$ElementFinder$2.findElement(ElementLocation.java:165)<br> org.openqa.selenium.remote.ElementLocation.findElement(ElementLocation.java:59)<br> org.openqa.selenium.remote.RemoteWebDriver.findElement(RemoteWebDriver.java:368)<br> org.openqa.selenium.remote.RemoteWebDriver.findElement(RemoteWebDriver.java:362)<br> org.openqa.selenium.support.pagefactory.DefaultElementLocator.findElement(DefaultElementLocator.java:68)<br> org.openqa.selenium.support.pagefactory.internal.LocatingElementHandler.invoke(LocatingElementHandler.java:38)<br> jdk.proxy2/jdk.proxy2.$Proxy15.click(Unknown Source)<br> pages.HomePage.naviLeftClaim(HomePage.java:128)<br> testrunner.HomePageTests.TestNaviLeftClaim(HomePageTests.java:98)<br> java.base/jdk.internal.reflect.DirectMethodHandleAccessor.invoke(DirectMethodHandleAccessor.java:103)<br> java.base/java.lang.reflect.Method.invoke(Method.java:580)<br> org.testng.internal.invokers.MethodInvocationHelper.invokeMethod(MethodInvocationHelper.java:141)<br> org.testng.internal.invokers.TestInvoker.invokeMethod(TestInvoker.java:686)<br> org.testng.internal.invokers.TestInvoker.invokeTestMethod(TestInvoker.java:230)<br> org.testng.internal.invokers.MethodRunner.runInSequence(MethodRunner.java:63)<br> org.testng.internal.invokers.TestInvoker$MethodInvocationAgent.invoke(TestInvoker.java:992)<br> org.testng.internal.invokers.TestInvoker.invokeTestMethods(TestInvoker.java:203)<br> org.testng.internal.invokers.TestMethodWorker.invokeTestMethods(TestMethodWorker.java:154)<br> org.testng.internal.invokers.TestMethodWorker.run(TestMethodWorker.java:134)<br> java.base/java.util.ArrayList.forEach(ArrayList.java:1597)<br> org.testng.TestRunner.privateRun(TestRunner.java:739)<br> org.testng.TestRunner.run(TestRunner.java:614)<br> org.testng.SuiteRunner.runTest(SuiteRunner.java:421)<br> org.testng.SuiteRunner.runSequentially(SuiteRunner.java:413)<br> org.testng.SuiteRunner.privateRun(SuiteRunner.java:373)<br> org.testng.SuiteRunner.run(SuiteRunner.java:312)<br> org.testng.SuiteRunnerWorker.runSuite(SuiteRunnerWorker.java:52)<br> org.testng.SuiteRunnerWorker.run(SuiteRunnerWorker.java:95)<br> org.testng.TestNG.runSuitesSequentially(TestNG.java:1274)<br> org.testng.TestNG.runSuitesLocally(TestNG.java:1208)<br> org.testng.TestNG.runSuites(TestNG.java:1112)<br> org.testng.TestNG.run(TestNG.java:1079)<br> org.testng.remote.AbstractRemoteTestNG.run(AbstractRemoteTestNG.java:115)<br> org.testng.remote.RemoteTestNG.initAndRun(RemoteTestNG.java:293)<br> org.testng.remote.RemoteTestNG.main(RemoteTestNG.java:91)]</details> 

        </td>
      </tr>
      <tr class="event-row">
        <td><span class="badge log fail-bg">Fail</span></td>
        <td>11:41:12 AM</td>
        <td>
          <b><font color=red>Screenshot of failure</font></b>
    <div class="row mb-3"><div class="col-md-3">
<img data-featherlight='Thu_Oct_03_11_41_12_WIB_2024.jpg' src="Thu_Oct_03_11_41_12_WIB_2024.jpg">
    
    </div></div>
        </td>
      </tr>
      <tr class="event-row">
        <td><span class="badge log fail-bg">Fail</span></td>
        <td>11:41:12 AM</td>
        <td>
          <span class='badge white-text red'>TEST CASE FAILED</span>
        </td>
      </tr>
  </tbody>
</table>
</div>
          </div>
        </li>
        <li class="test-item"  status="fail" test-id="12"
          author=""
          tag=""
          device="">
          <div class="test-detail">
            <p class="name">testrunner.HomePageTests     @TestCase : TestNaviLeftBuzz</p>
            <p class="text-sm">
              <span>11:41:12 AM</span> / <span>00:00:02:690</span>
              <span class="badge fail-bg log float-right">Fail</span>
            </p>
          </div>
          <div class="test-contents d-none">
<div class="detail-head">
<div class="p-v-10">
<div class="info">
<h5 class="test-status text-fail">testrunner.HomePageTests @TestCase : TestNaviLeftBuzz</h5>
<span class='badge badge-success'>10.03.2024 11:41:12 AM</span>
<span class='badge badge-danger'>10.03.2024 11:41:15 AM</span>
<span class='badge badge-default'>00:00:02:690</span>
&middot; <span class='uri-anchor badge badge-default'>#test-id=12</span>
<span class='badge badge-default pointer float-right ml-1 et'><i class="fa fa-chevron-down"></i></span>
<span class='badge badge-default pointer float-right ct'><i class="fa fa-chevron-up"></i></span>
</div>
</div>
</div><div class="detail-body mt-4">
<table class="table table-sm">
  <thead><tr><th class="status-col">Status</th><th class="timestamp-col">Timestamp</th><th class="details-col">Details</th></tr></thead>
  <tbody>
      <tr class="event-row">
        <td><span class="badge log fail-bg">Fail</span></td>
        <td>11:41:15 AM</td>
        <td>
          <details><summary><b><font color=red>Exception Occured:Click to see</font></b ></summary>[java.base/jdk.internal.reflect.DirectConstructorHandleAccessor.newInstance(DirectConstructorHandleAccessor.java:62)<br> java.base/java.lang.reflect.Constructor.newInstanceWithCaller(Constructor.java:502)<br> java.base/java.lang.reflect.Constructor.newInstance(Constructor.java:486)<br> org.openqa.selenium.remote.ErrorCodec.decode(ErrorCodec.java:167)<br> org.openqa.selenium.remote.codec.w3c.W3CHttpResponseCodec.decode(W3CHttpResponseCodec.java:138)<br> org.openqa.selenium.remote.codec.w3c.W3CHttpResponseCodec.decode(W3CHttpResponseCodec.java:50)<br> org.openqa.selenium.remote.HttpCommandExecutor.execute(HttpCommandExecutor.java:190)<br> org.openqa.selenium.remote.service.DriverCommandExecutor.invokeExecute(DriverCommandExecutor.java:216)<br> org.openqa.selenium.remote.service.DriverCommandExecutor.execute(DriverCommandExecutor.java:174)<br> org.openqa.selenium.remote.RemoteWebDriver.execute(RemoteWebDriver.java:545)<br> org.openqa.selenium.remote.ElementLocation$ElementFinder$2.findElement(ElementLocation.java:165)<br> org.openqa.selenium.remote.ElementLocation.findElement(ElementLocation.java:59)<br> org.openqa.selenium.remote.RemoteWebDriver.findElement(RemoteWebDriver.java:368)<br> org.openqa.selenium.remote.RemoteWebDriver.findElement(RemoteWebDriver.java:362)<br> org.openqa.selenium.support.pagefactory.DefaultElementLocator.findElement(DefaultElementLocator.java:68)<br> org.openqa.selenium.support.pagefactory.internal.LocatingElementHandler.invoke(LocatingElementHandler.java:38)<br> jdk.proxy2/jdk.proxy2.$Proxy15.click(Unknown Source)<br> pages.HomePage.naviLeftBuzz(HomePage.java:132)<br> testrunner.HomePageTests.TestNaviLeftBuzz(HomePageTests.java:104)<br> java.base/jdk.internal.reflect.DirectMethodHandleAccessor.invoke(DirectMethodHandleAccessor.java:103)<br> java.base/java.lang.reflect.Method.invoke(Method.java:580)<br> org.testng.internal.invokers.MethodInvocationHelper.invokeMethod(MethodInvocationHelper.java:141)<br> org.testng.internal.invokers.TestInvoker.invokeMethod(TestInvoker.java:686)<br> org.testng.internal.invokers.TestInvoker.invokeTestMethod(TestInvoker.java:230)<br> org.testng.internal.invokers.MethodRunner.runInSequence(MethodRunner.java:63)<br> org.testng.internal.invokers.TestInvoker$MethodInvocationAgent.invoke(TestInvoker.java:992)<br> org.testng.internal.invokers.TestInvoker.invokeTestMethods(TestInvoker.java:203)<br> org.testng.internal.invokers.TestMethodWorker.invokeTestMethods(TestMethodWorker.java:154)<br> org.testng.internal.invokers.TestMethodWorker.run(TestMethodWorker.java:134)<br> java.base/java.util.ArrayList.forEach(ArrayList.java:1597)<br> org.testng.TestRunner.privateRun(TestRunner.java:739)<br> org.testng.TestRunner.run(TestRunner.java:614)<br> org.testng.SuiteRunner.runTest(SuiteRunner.java:421)<br> org.testng.SuiteRunner.runSequentially(SuiteRunner.java:413)<br> org.testng.SuiteRunner.privateRun(SuiteRunner.java:373)<br> org.testng.SuiteRunner.run(SuiteRunner.java:312)<br> org.testng.SuiteRunnerWorker.runSuite(SuiteRunnerWorker.java:52)<br> org.testng.SuiteRunnerWorker.run(SuiteRunnerWorker.java:95)<br> org.testng.TestNG.runSuitesSequentially(TestNG.java:1274)<br> org.testng.TestNG.runSuitesLocally(TestNG.java:1208)<br> org.testng.TestNG.runSuites(TestNG.java:1112)<br> org.testng.TestNG.run(TestNG.java:1079)<br> org.testng.remote.AbstractRemoteTestNG.run(AbstractRemoteTestNG.java:115)<br> org.testng.remote.RemoteTestNG.initAndRun(RemoteTestNG.java:293)<br> org.testng.remote.RemoteTestNG.main(RemoteTestNG.java:91)]</details> 

        </td>
      </tr>
      <tr class="event-row">
        <td><span class="badge log fail-bg">Fail</span></td>
        <td>11:41:15 AM</td>
        <td>
          <b><font color=red>Screenshot of failure</font></b>
    <div class="row mb-3"><div class="col-md-3">
<img data-featherlight='Thu_Oct_03_11_41_15_WIB_2024.jpg' src="Thu_Oct_03_11_41_15_WIB_2024.jpg">
    
    </div></div>
        </td>
      </tr>
      <tr class="event-row">
        <td><span class="badge log fail-bg">Fail</span></td>
        <td>11:41:15 AM</td>
        <td>
          <span class='badge white-text red'>TEST CASE FAILED</span>
        </td>
      </tr>
  </tbody>
</table>
</div>
          </div>
        </li>
        <li class="test-item"  status="fail" test-id="13"
          author=""
          tag=""
          device="">
          <div class="test-detail">
            <p class="name">testrunner.HomePageTests     @TestCase : TestNaviLeftMaintenance</p>
            <p class="text-sm">
              <span>11:41:15 AM</span> / <span>00:00:02:655</span>
              <span class="badge fail-bg log float-right">Fail</span>
            </p>
          </div>
          <div class="test-contents d-none">
<div class="detail-head">
<div class="p-v-10">
<div class="info">
<h5 class="test-status text-fail">testrunner.HomePageTests @TestCase : TestNaviLeftMaintenance</h5>
<span class='badge badge-success'>10.03.2024 11:41:15 AM</span>
<span class='badge badge-danger'>10.03.2024 11:41:18 AM</span>
<span class='badge badge-default'>00:00:02:655</span>
&middot; <span class='uri-anchor badge badge-default'>#test-id=13</span>
<span class='badge badge-default pointer float-right ml-1 et'><i class="fa fa-chevron-down"></i></span>
<span class='badge badge-default pointer float-right ct'><i class="fa fa-chevron-up"></i></span>
</div>
</div>
</div><div class="detail-body mt-4">
<table class="table table-sm">
  <thead><tr><th class="status-col">Status</th><th class="timestamp-col">Timestamp</th><th class="details-col">Details</th></tr></thead>
  <tbody>
      <tr class="event-row">
        <td><span class="badge log fail-bg">Fail</span></td>
        <td>11:41:18 AM</td>
        <td>
          <details><summary><b><font color=red>Exception Occured:Click to see</font></b ></summary>[java.base/jdk.internal.reflect.DirectConstructorHandleAccessor.newInstance(DirectConstructorHandleAccessor.java:62)<br> java.base/java.lang.reflect.Constructor.newInstanceWithCaller(Constructor.java:502)<br> java.base/java.lang.reflect.Constructor.newInstance(Constructor.java:486)<br> org.openqa.selenium.remote.ErrorCodec.decode(ErrorCodec.java:167)<br> org.openqa.selenium.remote.codec.w3c.W3CHttpResponseCodec.decode(W3CHttpResponseCodec.java:138)<br> org.openqa.selenium.remote.codec.w3c.W3CHttpResponseCodec.decode(W3CHttpResponseCodec.java:50)<br> org.openqa.selenium.remote.HttpCommandExecutor.execute(HttpCommandExecutor.java:190)<br> org.openqa.selenium.remote.service.DriverCommandExecutor.invokeExecute(DriverCommandExecutor.java:216)<br> org.openqa.selenium.remote.service.DriverCommandExecutor.execute(DriverCommandExecutor.java:174)<br> org.openqa.selenium.remote.RemoteWebDriver.execute(RemoteWebDriver.java:545)<br> org.openqa.selenium.remote.ElementLocation$ElementFinder$2.findElement(ElementLocation.java:165)<br> org.openqa.selenium.remote.ElementLocation.findElement(ElementLocation.java:59)<br> org.openqa.selenium.remote.RemoteWebDriver.findElement(RemoteWebDriver.java:368)<br> org.openqa.selenium.remote.RemoteWebDriver.findElement(RemoteWebDriver.java:362)<br> org.openqa.selenium.support.pagefactory.DefaultElementLocator.findElement(DefaultElementLocator.java:68)<br> org.openqa.selenium.support.pagefactory.internal.LocatingElementHandler.invoke(LocatingElementHandler.java:38)<br> jdk.proxy2/jdk.proxy2.$Proxy15.click(Unknown Source)<br> pages.HomePage.naviLeftMaintenance(HomePage.java:121)<br> testrunner.HomePageTests.TestNaviLeftMaintenance(HomePageTests.java:92)<br> java.base/jdk.internal.reflect.DirectMethodHandleAccessor.invoke(DirectMethodHandleAccessor.java:103)<br> java.base/java.lang.reflect.Method.invoke(Method.java:580)<br> org.testng.internal.invokers.MethodInvocationHelper.invokeMethod(MethodInvocationHelper.java:141)<br> org.testng.internal.invokers.TestInvoker.invokeMethod(TestInvoker.java:686)<br> org.testng.internal.invokers.TestInvoker.invokeTestMethod(TestInvoker.java:230)<br> org.testng.internal.invokers.MethodRunner.runInSequence(MethodRunner.java:63)<br> org.testng.internal.invokers.TestInvoker$MethodInvocationAgent.invoke(TestInvoker.java:992)<br> org.testng.internal.invokers.TestInvoker.invokeTestMethods(TestInvoker.java:203)<br> org.testng.internal.invokers.TestMethodWorker.invokeTestMethods(TestMethodWorker.java:154)<br> org.testng.internal.invokers.TestMethodWorker.run(TestMethodWorker.java:134)<br> java.base/java.util.ArrayList.forEach(ArrayList.java:1597)<br> org.testng.TestRunner.privateRun(TestRunner.java:739)<br> org.testng.TestRunner.run(TestRunner.java:614)<br> org.testng.SuiteRunner.runTest(SuiteRunner.java:421)<br> org.testng.SuiteRunner.runSequentially(SuiteRunner.java:413)<br> org.testng.SuiteRunner.privateRun(SuiteRunner.java:373)<br> org.testng.SuiteRunner.run(SuiteRunner.java:312)<br> org.testng.SuiteRunnerWorker.runSuite(SuiteRunnerWorker.java:52)<br> org.testng.SuiteRunnerWorker.run(SuiteRunnerWorker.java:95)<br> org.testng.TestNG.runSuitesSequentially(TestNG.java:1274)<br> org.testng.TestNG.runSuitesLocally(TestNG.java:1208)<br> org.testng.TestNG.runSuites(TestNG.java:1112)<br> org.testng.TestNG.run(TestNG.java:1079)<br> org.testng.remote.AbstractRemoteTestNG.run(AbstractRemoteTestNG.java:115)<br> org.testng.remote.RemoteTestNG.initAndRun(RemoteTestNG.java:293)<br> org.testng.remote.RemoteTestNG.main(RemoteTestNG.java:91)]</details> 

        </td>
      </tr>
      <tr class="event-row">
        <td><span class="badge log fail-bg">Fail</span></td>
        <td>11:41:18 AM</td>
        <td>
          <b><font color=red>Screenshot of failure</font></b>
    <div class="row mb-3"><div class="col-md-3">
<img data-featherlight='Thu_Oct_03_11_41_18_WIB_2024.jpg' src="Thu_Oct_03_11_41_18_WIB_2024.jpg">
    
    </div></div>
        </td>
      </tr>
      <tr class="event-row">
        <td><span class="badge log fail-bg">Fail</span></td>
        <td>11:41:18 AM</td>
        <td>
          <span class='badge white-text red'>TEST CASE FAILED</span>
        </td>
      </tr>
  </tbody>
</table>
</div>
          </div>
        </li>
        <li class="test-item"  status="fail" test-id="14"
          author=""
          tag=""
          device="">
          <div class="test-detail">
            <p class="name">testrunner.HomePageTests     @TestCase : TestNaviLeftMenu</p>
            <p class="text-sm">
              <span>11:41:18 AM</span> / <span>00:00:00:007</span>
              <span class="badge fail-bg log float-right">Fail</span>
            </p>
          </div>
          <div class="test-contents d-none">
<div class="detail-head">
<div class="p-v-10">
<div class="info">
<h5 class="test-status text-fail">testrunner.HomePageTests @TestCase : TestNaviLeftMenu</h5>
<span class='badge badge-success'>10.03.2024 11:41:18 AM</span>
<span class='badge badge-danger'>10.03.2024 11:41:19 AM</span>
<span class='badge badge-default'>00:00:00:007</span>
&middot; <span class='uri-anchor badge badge-default'>#test-id=14</span>
<span class='badge badge-default pointer float-right ml-1 et'><i class="fa fa-chevron-down"></i></span>
<span class='badge badge-default pointer float-right ct'><i class="fa fa-chevron-up"></i></span>
</div>
</div>
</div><div class="detail-body mt-4">
<table class="table table-sm">
  <thead><tr><th class="status-col">Status</th><th class="timestamp-col">Timestamp</th><th class="details-col">Details</th></tr></thead>
  <tbody>
      <tr class="event-row">
        <td><span class="badge log fail-bg">Fail</span></td>
        <td>11:41:19 AM</td>
        <td>
          <details><summary><b><font color=red>Exception Occured:Click to see</font></b ></summary>[java.base/jdk.internal.reflect.DirectConstructorHandleAccessor.newInstance(DirectConstructorHandleAccessor.java:62)<br> java.base/java.lang.reflect.Constructor.newInstanceWithCaller(Constructor.java:502)<br> java.base/java.lang.reflect.Constructor.newInstance(Constructor.java:486)<br> org.openqa.selenium.remote.ErrorCodec.decode(ErrorCodec.java:167)<br> org.openqa.selenium.remote.codec.w3c.W3CHttpResponseCodec.decode(W3CHttpResponseCodec.java:138)<br> org.openqa.selenium.remote.codec.w3c.W3CHttpResponseCodec.decode(W3CHttpResponseCodec.java:50)<br> org.openqa.selenium.remote.HttpCommandExecutor.execute(HttpCommandExecutor.java:190)<br> org.openqa.selenium.remote.service.DriverCommandExecutor.invokeExecute(DriverCommandExecutor.java:216)<br> org.openqa.selenium.remote.service.DriverCommandExecutor.execute(DriverCommandExecutor.java:174)<br> org.openqa.selenium.remote.RemoteWebDriver.execute(RemoteWebDriver.java:545)<br> org.openqa.selenium.remote.ElementLocation$ElementFinder$2.findElement(ElementLocation.java:165)<br> org.openqa.selenium.remote.ElementLocation.findElement(ElementLocation.java:59)<br> org.openqa.selenium.remote.RemoteWebDriver.findElement(RemoteWebDriver.java:368)<br> org.openqa.selenium.remote.RemoteWebDriver.findElement(RemoteWebDriver.java:362)<br> org.openqa.selenium.support.ui.ExpectedConditions$7.apply(ExpectedConditions.java:194)<br> org.openqa.selenium.support.ui.ExpectedConditions$7.apply(ExpectedConditions.java:190)<br> org.openqa.selenium.support.ui.FluentWait.until(FluentWait.java:203)<br> pages.LoginPage.<init>(LoginPage.java:19)<br> testrunner.HomePageTests.TestNaviLeftMenu(HomePageTests.java:21)<br> java.base/jdk.internal.reflect.DirectMethodHandleAccessor.invoke(DirectMethodHandleAccessor.java:103)<br> java.base/java.lang.reflect.Method.invoke(Method.java:580)<br> org.testng.internal.invokers.MethodInvocationHelper.invokeMethod(MethodInvocationHelper.java:141)<br> org.testng.internal.invokers.TestInvoker.invokeMethod(TestInvoker.java:686)<br> org.testng.internal.invokers.TestInvoker.invokeTestMethod(TestInvoker.java:230)<br> org.testng.internal.invokers.MethodRunner.runInSequence(MethodRunner.java:63)<br> org.testng.internal.invokers.TestInvoker$MethodInvocationAgent.invoke(TestInvoker.java:992)<br> org.testng.internal.invokers.TestInvoker.invokeTestMethods(TestInvoker.java:203)<br> org.testng.internal.invokers.TestMethodWorker.invokeTestMethods(TestMethodWorker.java:154)<br> org.testng.internal.invokers.TestMethodWorker.run(TestMethodWorker.java:134)<br> java.base/java.util.ArrayList.forEach(ArrayList.java:1597)<br> org.testng.TestRunner.privateRun(TestRunner.java:739)<br> org.testng.TestRunner.run(TestRunner.java:614)<br> org.testng.SuiteRunner.runTest(SuiteRunner.java:421)<br> org.testng.SuiteRunner.runSequentially(SuiteRunner.java:413)<br> org.testng.SuiteRunner.privateRun(SuiteRunner.java:373)<br> org.testng.SuiteRunner.run(SuiteRunner.java:312)<br> org.testng.SuiteRunnerWorker.runSuite(SuiteRunnerWorker.java:52)<br> org.testng.SuiteRunnerWorker.run(SuiteRunnerWorker.java:95)<br> org.testng.TestNG.runSuitesSequentially(TestNG.java:1274)<br> org.testng.TestNG.runSuitesLocally(TestNG.java:1208)<br> org.testng.TestNG.runSuites(TestNG.java:1112)<br> org.testng.TestNG.run(TestNG.java:1079)<br> org.testng.remote.AbstractRemoteTestNG.run(AbstractRemoteTestNG.java:115)<br> org.testng.remote.RemoteTestNG.initAndRun(RemoteTestNG.java:293)<br> org.testng.remote.RemoteTestNG.main(RemoteTestNG.java:91)]</details> 

        </td>
      </tr>
      <tr class="event-row">
        <td><span class="badge log fail-bg">Fail</span></td>
        <td>11:41:19 AM</td>
        <td>
          <span class='badge white-text red'>TEST CASE FAILED</span>
        </td>
      </tr>
  </tbody>
</table>
</div>
          </div>
        </li>
        <li class="test-item"  status="fail" test-id="15"
          author=""
          tag=""
          device="">
          <div class="test-detail">
            <p class="name">testrunner.HomePageTests     @TestCase : TestNaviLeftMenuAdmin</p>
            <p class="text-sm">
              <span>11:41:19 AM</span> / <span>00:00:01:523</span>
              <span class="badge fail-bg log float-right">Fail</span>
            </p>
          </div>
          <div class="test-contents d-none">
<div class="detail-head">
<div class="p-v-10">
<div class="info">
<h5 class="test-status text-fail">testrunner.HomePageTests @TestCase : TestNaviLeftMenuAdmin</h5>
<span class='badge badge-success'>10.03.2024 11:41:19 AM</span>
<span class='badge badge-danger'>10.03.2024 11:41:20 AM</span>
<span class='badge badge-default'>00:00:01:523</span>
&middot; <span class='uri-anchor badge badge-default'>#test-id=15</span>
<span class='badge badge-default pointer float-right ml-1 et'><i class="fa fa-chevron-down"></i></span>
<span class='badge badge-default pointer float-right ct'><i class="fa fa-chevron-up"></i></span>
</div>
</div>
</div><div class="detail-body mt-4">
<table class="table table-sm">
  <thead><tr><th class="status-col">Status</th><th class="timestamp-col">Timestamp</th><th class="details-col">Details</th></tr></thead>
  <tbody>
      <tr class="event-row">
        <td><span class="badge log fail-bg">Fail</span></td>
        <td>11:41:20 AM</td>
        <td>
          <details><summary><b><font color=red>Exception Occured:Click to see</font></b ></summary>[java.base/jdk.internal.reflect.DirectConstructorHandleAccessor.newInstance(DirectConstructorHandleAccessor.java:62)<br> java.base/java.lang.reflect.Constructor.newInstanceWithCaller(Constructor.java:502)<br> java.base/java.lang.reflect.Constructor.newInstance(Constructor.java:486)<br> org.openqa.selenium.remote.ErrorCodec.decode(ErrorCodec.java:167)<br> org.openqa.selenium.remote.codec.w3c.W3CHttpResponseCodec.decode(W3CHttpResponseCodec.java:138)<br> org.openqa.selenium.remote.codec.w3c.W3CHttpResponseCodec.decode(W3CHttpResponseCodec.java:50)<br> org.openqa.selenium.remote.HttpCommandExecutor.execute(HttpCommandExecutor.java:190)<br> org.openqa.selenium.remote.service.DriverCommandExecutor.invokeExecute(DriverCommandExecutor.java:216)<br> org.openqa.selenium.remote.service.DriverCommandExecutor.execute(DriverCommandExecutor.java:174)<br> org.openqa.selenium.remote.RemoteWebDriver.execute(RemoteWebDriver.java:545)<br> org.openqa.selenium.remote.ElementLocation$ElementFinder$2.findElement(ElementLocation.java:165)<br> org.openqa.selenium.remote.ElementLocation.findElement(ElementLocation.java:59)<br> org.openqa.selenium.remote.RemoteWebDriver.findElement(RemoteWebDriver.java:368)<br> org.openqa.selenium.remote.RemoteWebDriver.findElement(RemoteWebDriver.java:362)<br> org.openqa.selenium.support.pagefactory.DefaultElementLocator.findElement(DefaultElementLocator.java:68)<br> org.openqa.selenium.support.pagefactory.internal.LocatingElementHandler.invoke(LocatingElementHandler.java:38)<br> jdk.proxy2/jdk.proxy2.$Proxy15.click(Unknown Source)<br> pages.HomePage.naviLeftAdmin(HomePage.java:81)<br> testrunner.HomePageTests.TestNaviLeftMenuAdmin(HomePageTests.java:31)<br> java.base/jdk.internal.reflect.DirectMethodHandleAccessor.invoke(DirectMethodHandleAccessor.java:103)<br> java.base/java.lang.reflect.Method.invoke(Method.java:580)<br> org.testng.internal.invokers.MethodInvocationHelper.invokeMethod(MethodInvocationHelper.java:141)<br> org.testng.internal.invokers.TestInvoker.invokeMethod(TestInvoker.java:686)<br> org.testng.internal.invokers.TestInvoker.invokeTestMethod(TestInvoker.java:230)<br> org.testng.internal.invokers.MethodRunner.runInSequence(MethodRunner.java:63)<br> org.testng.internal.invokers.TestInvoker$MethodInvocationAgent.invoke(TestInvoker.java:992)<br> org.testng.internal.invokers.TestInvoker.invokeTestMethods(TestInvoker.java:203)<br> org.testng.internal.invokers.TestMethodWorker.invokeTestMethods(TestMethodWorker.java:154)<br> org.testng.internal.invokers.TestMethodWorker.run(TestMethodWorker.java:134)<br> java.base/java.util.ArrayList.forEach(ArrayList.java:1597)<br> org.testng.TestRunner.privateRun(TestRunner.java:739)<br> org.testng.TestRunner.run(TestRunner.java:614)<br> org.testng.SuiteRunner.runTest(SuiteRunner.java:421)<br> org.testng.SuiteRunner.runSequentially(SuiteRunner.java:413)<br> org.testng.SuiteRunner.privateRun(SuiteRunner.java:373)<br> org.testng.SuiteRunner.run(SuiteRunner.java:312)<br> org.testng.SuiteRunnerWorker.runSuite(SuiteRunnerWorker.java:52)<br> org.testng.SuiteRunnerWorker.run(SuiteRunnerWorker.java:95)<br> org.testng.TestNG.runSuitesSequentially(TestNG.java:1274)<br> org.testng.TestNG.runSuitesLocally(TestNG.java:1208)<br> org.testng.TestNG.runSuites(TestNG.java:1112)<br> org.testng.TestNG.run(TestNG.java:1079)<br> org.testng.remote.AbstractRemoteTestNG.run(AbstractRemoteTestNG.java:115)<br> org.testng.remote.RemoteTestNG.initAndRun(RemoteTestNG.java:293)<br> org.testng.remote.RemoteTestNG.main(RemoteTestNG.java:91)]</details> 

        </td>
      </tr>
      <tr class="event-row">
        <td><span class="badge log fail-bg">Fail</span></td>
        <td>11:41:20 AM</td>
        <td>
          <span class='badge white-text red'>TEST CASE FAILED</span>
        </td>
      </tr>
  </tbody>
</table>
</div>
          </div>
        </li>
        <li class="test-item"  status="fail" test-id="16"
          author=""
          tag=""
          device="">
          <div class="test-detail">
            <p class="name">testrunner.HomePageTests     @TestCase : TestNaviLeftMenuPIM</p>
            <p class="text-sm">
              <span>11:41:20 AM</span> / <span>00:00:01:523</span>
              <span class="badge fail-bg log float-right">Fail</span>
            </p>
          </div>
          <div class="test-contents d-none">
<div class="detail-head">
<div class="p-v-10">
<div class="info">
<h5 class="test-status text-fail">testrunner.HomePageTests @TestCase : TestNaviLeftMenuPIM</h5>
<span class='badge badge-success'>10.03.2024 11:41:20 AM</span>
<span class='badge badge-danger'>10.03.2024 11:41:22 AM</span>
<span class='badge badge-default'>00:00:01:523</span>
&middot; <span class='uri-anchor badge badge-default'>#test-id=16</span>
<span class='badge badge-default pointer float-right ml-1 et'><i class="fa fa-chevron-down"></i></span>
<span class='badge badge-default pointer float-right ct'><i class="fa fa-chevron-up"></i></span>
</div>
</div>
</div><div class="detail-body mt-4">
<table class="table table-sm">
  <thead><tr><th class="status-col">Status</th><th class="timestamp-col">Timestamp</th><th class="details-col">Details</th></tr></thead>
  <tbody>
      <tr class="event-row">
        <td><span class="badge log fail-bg">Fail</span></td>
        <td>11:41:22 AM</td>
        <td>
          <details><summary><b><font color=red>Exception Occured:Click to see</font></b ></summary>[java.base/jdk.internal.reflect.DirectConstructorHandleAccessor.newInstance(DirectConstructorHandleAccessor.java:62)<br> java.base/java.lang.reflect.Constructor.newInstanceWithCaller(Constructor.java:502)<br> java.base/java.lang.reflect.Constructor.newInstance(Constructor.java:486)<br> org.openqa.selenium.remote.ErrorCodec.decode(ErrorCodec.java:167)<br> org.openqa.selenium.remote.codec.w3c.W3CHttpResponseCodec.decode(W3CHttpResponseCodec.java:138)<br> org.openqa.selenium.remote.codec.w3c.W3CHttpResponseCodec.decode(W3CHttpResponseCodec.java:50)<br> org.openqa.selenium.remote.HttpCommandExecutor.execute(HttpCommandExecutor.java:190)<br> org.openqa.selenium.remote.service.DriverCommandExecutor.invokeExecute(DriverCommandExecutor.java:216)<br> org.openqa.selenium.remote.service.DriverCommandExecutor.execute(DriverCommandExecutor.java:174)<br> org.openqa.selenium.remote.RemoteWebDriver.execute(RemoteWebDriver.java:545)<br> org.openqa.selenium.remote.ElementLocation$ElementFinder$2.findElement(ElementLocation.java:165)<br> org.openqa.selenium.remote.ElementLocation.findElement(ElementLocation.java:59)<br> org.openqa.selenium.remote.RemoteWebDriver.findElement(RemoteWebDriver.java:368)<br> org.openqa.selenium.remote.RemoteWebDriver.findElement(RemoteWebDriver.java:362)<br> org.openqa.selenium.support.pagefactory.DefaultElementLocator.findElement(DefaultElementLocator.java:68)<br> org.openqa.selenium.support.pagefactory.internal.LocatingElementHandler.invoke(LocatingElementHandler.java:38)<br> jdk.proxy2/jdk.proxy2.$Proxy15.click(Unknown Source)<br> pages.HomePage.naviLeftPIM(HomePage.java:85)<br> testrunner.HomePageTests.TestNaviLeftMenuPIM(HomePageTests.java:42)<br> java.base/jdk.internal.reflect.DirectMethodHandleAccessor.invoke(DirectMethodHandleAccessor.java:103)<br> java.base/java.lang.reflect.Method.invoke(Method.java:580)<br> org.testng.internal.invokers.MethodInvocationHelper.invokeMethod(MethodInvocationHelper.java:141)<br> org.testng.internal.invokers.TestInvoker.invokeMethod(TestInvoker.java:686)<br> org.testng.internal.invokers.TestInvoker.invokeTestMethod(TestInvoker.java:230)<br> org.testng.internal.invokers.MethodRunner.runInSequence(MethodRunner.java:63)<br> org.testng.internal.invokers.TestInvoker$MethodInvocationAgent.invoke(TestInvoker.java:992)<br> org.testng.internal.invokers.TestInvoker.invokeTestMethods(TestInvoker.java:203)<br> org.testng.internal.invokers.TestMethodWorker.invokeTestMethods(TestMethodWorker.java:154)<br> org.testng.internal.invokers.TestMethodWorker.run(TestMethodWorker.java:134)<br> java.base/java.util.ArrayList.forEach(ArrayList.java:1597)<br> org.testng.TestRunner.privateRun(TestRunner.java:739)<br> org.testng.TestRunner.run(TestRunner.java:614)<br> org.testng.SuiteRunner.runTest(SuiteRunner.java:421)<br> org.testng.SuiteRunner.runSequentially(SuiteRunner.java:413)<br> org.testng.SuiteRunner.privateRun(SuiteRunner.java:373)<br> org.testng.SuiteRunner.run(SuiteRunner.java:312)<br> org.testng.SuiteRunnerWorker.runSuite(SuiteRunnerWorker.java:52)<br> org.testng.SuiteRunnerWorker.run(SuiteRunnerWorker.java:95)<br> org.testng.TestNG.runSuitesSequentially(TestNG.java:1274)<br> org.testng.TestNG.runSuitesLocally(TestNG.java:1208)<br> org.testng.TestNG.runSuites(TestNG.java:1112)<br> org.testng.TestNG.run(TestNG.java:1079)<br> org.testng.remote.AbstractRemoteTestNG.run(AbstractRemoteTestNG.java:115)<br> org.testng.remote.RemoteTestNG.initAndRun(RemoteTestNG.java:293)<br> org.testng.remote.RemoteTestNG.main(RemoteTestNG.java:91)]</details> 

        </td>
      </tr>
      <tr class="event-row">
        <td><span class="badge log fail-bg">Fail</span></td>
        <td>11:41:22 AM</td>
        <td>
          <span class='badge white-text red'>TEST CASE FAILED</span>
        </td>
      </tr>
  </tbody>
</table>
</div>
          </div>
        </li>
        <li class="test-item"  status="fail" test-id="17"
          author=""
          tag=""
          device="">
          <div class="test-detail">
            <p class="name">testrunner.HomePageTests     @TestCase : TestNaviLeftMenuLeave</p>
            <p class="text-sm">
              <span>11:41:22 AM</span> / <span>00:00:01:507</span>
              <span class="badge fail-bg log float-right">Fail</span>
            </p>
          </div>
          <div class="test-contents d-none">
<div class="detail-head">
<div class="p-v-10">
<div class="info">
<h5 class="test-status text-fail">testrunner.HomePageTests @TestCase : TestNaviLeftMenuLeave</h5>
<span class='badge badge-success'>10.03.2024 11:41:22 AM</span>
<span class='badge badge-danger'>10.03.2024 11:41:23 AM</span>
<span class='badge badge-default'>00:00:01:507</span>
&middot; <span class='uri-anchor badge badge-default'>#test-id=17</span>
<span class='badge badge-default pointer float-right ml-1 et'><i class="fa fa-chevron-down"></i></span>
<span class='badge badge-default pointer float-right ct'><i class="fa fa-chevron-up"></i></span>
</div>
</div>
</div><div class="detail-body mt-4">
<table class="table table-sm">
  <thead><tr><th class="status-col">Status</th><th class="timestamp-col">Timestamp</th><th class="details-col">Details</th></tr></thead>
  <tbody>
      <tr class="event-row">
        <td><span class="badge log fail-bg">Fail</span></td>
        <td>11:41:23 AM</td>
        <td>
          <details><summary><b><font color=red>Exception Occured:Click to see</font></b ></summary>[java.base/jdk.internal.reflect.DirectConstructorHandleAccessor.newInstance(DirectConstructorHandleAccessor.java:62)<br> java.base/java.lang.reflect.Constructor.newInstanceWithCaller(Constructor.java:502)<br> java.base/java.lang.reflect.Constructor.newInstance(Constructor.java:486)<br> org.openqa.selenium.remote.ErrorCodec.decode(ErrorCodec.java:167)<br> org.openqa.selenium.remote.codec.w3c.W3CHttpResponseCodec.decode(W3CHttpResponseCodec.java:138)<br> org.openqa.selenium.remote.codec.w3c.W3CHttpResponseCodec.decode(W3CHttpResponseCodec.java:50)<br> org.openqa.selenium.remote.HttpCommandExecutor.execute(HttpCommandExecutor.java:190)<br> org.openqa.selenium.remote.service.DriverCommandExecutor.invokeExecute(DriverCommandExecutor.java:216)<br> org.openqa.selenium.remote.service.DriverCommandExecutor.execute(DriverCommandExecutor.java:174)<br> org.openqa.selenium.remote.RemoteWebDriver.execute(RemoteWebDriver.java:545)<br> org.openqa.selenium.remote.ElementLocation$ElementFinder$2.findElement(ElementLocation.java:165)<br> org.openqa.selenium.remote.ElementLocation.findElement(ElementLocation.java:59)<br> org.openqa.selenium.remote.RemoteWebDriver.findElement(RemoteWebDriver.java:368)<br> org.openqa.selenium.remote.RemoteWebDriver.findElement(RemoteWebDriver.java:362)<br> org.openqa.selenium.support.pagefactory.DefaultElementLocator.findElement(DefaultElementLocator.java:68)<br> org.openqa.selenium.support.pagefactory.internal.LocatingElementHandler.invoke(LocatingElementHandler.java:38)<br> jdk.proxy2/jdk.proxy2.$Proxy15.click(Unknown Source)<br> pages.HomePage.naviLeftLeave(HomePage.java:89)<br> testrunner.HomePageTests.TestNaviLeftMenuLeave(HomePageTests.java:50)<br> java.base/jdk.internal.reflect.DirectMethodHandleAccessor.invoke(DirectMethodHandleAccessor.java:103)<br> java.base/java.lang.reflect.Method.invoke(Method.java:580)<br> org.testng.internal.invokers.MethodInvocationHelper.invokeMethod(MethodInvocationHelper.java:141)<br> org.testng.internal.invokers.TestInvoker.invokeMethod(TestInvoker.java:686)<br> org.testng.internal.invokers.TestInvoker.invokeTestMethod(TestInvoker.java:230)<br> org.testng.internal.invokers.MethodRunner.runInSequence(MethodRunner.java:63)<br> org.testng.internal.invokers.TestInvoker$MethodInvocationAgent.invoke(TestInvoker.java:992)<br> org.testng.internal.invokers.TestInvoker.invokeTestMethods(TestInvoker.java:203)<br> org.testng.internal.invokers.TestMethodWorker.invokeTestMethods(TestMethodWorker.java:154)<br> org.testng.internal.invokers.TestMethodWorker.run(TestMethodWorker.java:134)<br> java.base/java.util.ArrayList.forEach(ArrayList.java:1597)<br> org.testng.TestRunner.privateRun(TestRunner.java:739)<br> org.testng.TestRunner.run(TestRunner.java:614)<br> org.testng.SuiteRunner.runTest(SuiteRunner.java:421)<br> org.testng.SuiteRunner.runSequentially(SuiteRunner.java:413)<br> org.testng.SuiteRunner.privateRun(SuiteRunner.java:373)<br> org.testng.SuiteRunner.run(SuiteRunner.java:312)<br> org.testng.SuiteRunnerWorker.runSuite(SuiteRunnerWorker.java:52)<br> org.testng.SuiteRunnerWorker.run(SuiteRunnerWorker.java:95)<br> org.testng.TestNG.runSuitesSequentially(TestNG.java:1274)<br> org.testng.TestNG.runSuitesLocally(TestNG.java:1208)<br> org.testng.TestNG.runSuites(TestNG.java:1112)<br> org.testng.TestNG.run(TestNG.java:1079)<br> org.testng.remote.AbstractRemoteTestNG.run(AbstractRemoteTestNG.java:115)<br> org.testng.remote.RemoteTestNG.initAndRun(RemoteTestNG.java:293)<br> org.testng.remote.RemoteTestNG.main(RemoteTestNG.java:91)]</details> 

        </td>
      </tr>
      <tr class="event-row">
        <td><span class="badge log fail-bg">Fail</span></td>
        <td>11:41:23 AM</td>
        <td>
          <span class='badge white-text red'>TEST CASE FAILED</span>
        </td>
      </tr>
  </tbody>
</table>
</div>
          </div>
        </li>
        <li class="test-item"  status="fail" test-id="18"
          author=""
          tag=""
          device="">
          <div class="test-detail">
            <p class="name">testrunner.HomePageTests     @TestCase : TestNaviLeftMenuTime</p>
            <p class="text-sm">
              <span>11:41:23 AM</span> / <span>00:00:01:517</span>
              <span class="badge fail-bg log float-right">Fail</span>
            </p>
          </div>
          <div class="test-contents d-none">
<div class="detail-head">
<div class="p-v-10">
<div class="info">
<h5 class="test-status text-fail">testrunner.HomePageTests @TestCase : TestNaviLeftMenuTime</h5>
<span class='badge badge-success'>10.03.2024 11:41:23 AM</span>
<span class='badge badge-danger'>10.03.2024 11:41:25 AM</span>
<span class='badge badge-default'>00:00:01:517</span>
&middot; <span class='uri-anchor badge badge-default'>#test-id=18</span>
<span class='badge badge-default pointer float-right ml-1 et'><i class="fa fa-chevron-down"></i></span>
<span class='badge badge-default pointer float-right ct'><i class="fa fa-chevron-up"></i></span>
</div>
</div>
</div><div class="detail-body mt-4">
<table class="table table-sm">
  <thead><tr><th class="status-col">Status</th><th class="timestamp-col">Timestamp</th><th class="details-col">Details</th></tr></thead>
  <tbody>
      <tr class="event-row">
        <td><span class="badge log fail-bg">Fail</span></td>
        <td>11:41:25 AM</td>
        <td>
          <details><summary><b><font color=red>Exception Occured:Click to see</font></b ></summary>[java.base/jdk.internal.reflect.DirectConstructorHandleAccessor.newInstance(DirectConstructorHandleAccessor.java:62)<br> java.base/java.lang.reflect.Constructor.newInstanceWithCaller(Constructor.java:502)<br> java.base/java.lang.reflect.Constructor.newInstance(Constructor.java:486)<br> org.openqa.selenium.remote.ErrorCodec.decode(ErrorCodec.java:167)<br> org.openqa.selenium.remote.codec.w3c.W3CHttpResponseCodec.decode(W3CHttpResponseCodec.java:138)<br> org.openqa.selenium.remote.codec.w3c.W3CHttpResponseCodec.decode(W3CHttpResponseCodec.java:50)<br> org.openqa.selenium.remote.HttpCommandExecutor.execute(HttpCommandExecutor.java:190)<br> org.openqa.selenium.remote.service.DriverCommandExecutor.invokeExecute(DriverCommandExecutor.java:216)<br> org.openqa.selenium.remote.service.DriverCommandExecutor.execute(DriverCommandExecutor.java:174)<br> org.openqa.selenium.remote.RemoteWebDriver.execute(RemoteWebDriver.java:545)<br> org.openqa.selenium.remote.ElementLocation$ElementFinder$2.findElement(ElementLocation.java:165)<br> org.openqa.selenium.remote.ElementLocation.findElement(ElementLocation.java:59)<br> org.openqa.selenium.remote.RemoteWebDriver.findElement(RemoteWebDriver.java:368)<br> org.openqa.selenium.remote.RemoteWebDriver.findElement(RemoteWebDriver.java:362)<br> org.openqa.selenium.support.pagefactory.DefaultElementLocator.findElement(DefaultElementLocator.java:68)<br> org.openqa.selenium.support.pagefactory.internal.LocatingElementHandler.invoke(LocatingElementHandler.java:38)<br> jdk.proxy2/jdk.proxy2.$Proxy15.click(Unknown Source)<br> pages.HomePage.naviLeftTime(HomePage.java:93)<br> testrunner.HomePageTests.TestNaviLeftMenuTime(HomePageTests.java:56)<br> java.base/jdk.internal.reflect.DirectMethodHandleAccessor.invoke(DirectMethodHandleAccessor.java:103)<br> java.base/java.lang.reflect.Method.invoke(Method.java:580)<br> org.testng.internal.invokers.MethodInvocationHelper.invokeMethod(MethodInvocationHelper.java:141)<br> org.testng.internal.invokers.TestInvoker.invokeMethod(TestInvoker.java:686)<br> org.testng.internal.invokers.TestInvoker.invokeTestMethod(TestInvoker.java:230)<br> org.testng.internal.invokers.MethodRunner.runInSequence(MethodRunner.java:63)<br> org.testng.internal.invokers.TestInvoker$MethodInvocationAgent.invoke(TestInvoker.java:992)<br> org.testng.internal.invokers.TestInvoker.invokeTestMethods(TestInvoker.java:203)<br> org.testng.internal.invokers.TestMethodWorker.invokeTestMethods(TestMethodWorker.java:154)<br> org.testng.internal.invokers.TestMethodWorker.run(TestMethodWorker.java:134)<br> java.base/java.util.ArrayList.forEach(ArrayList.java:1597)<br> org.testng.TestRunner.privateRun(TestRunner.java:739)<br> org.testng.TestRunner.run(TestRunner.java:614)<br> org.testng.SuiteRunner.runTest(SuiteRunner.java:421)<br> org.testng.SuiteRunner.runSequentially(SuiteRunner.java:413)<br> org.testng.SuiteRunner.privateRun(SuiteRunner.java:373)<br> org.testng.SuiteRunner.run(SuiteRunner.java:312)<br> org.testng.SuiteRunnerWorker.runSuite(SuiteRunnerWorker.java:52)<br> org.testng.SuiteRunnerWorker.run(SuiteRunnerWorker.java:95)<br> org.testng.TestNG.runSuitesSequentially(TestNG.java:1274)<br> org.testng.TestNG.runSuitesLocally(TestNG.java:1208)<br> org.testng.TestNG.runSuites(TestNG.java:1112)<br> org.testng.TestNG.run(TestNG.java:1079)<br> org.testng.remote.AbstractRemoteTestNG.run(AbstractRemoteTestNG.java:115)<br> org.testng.remote.RemoteTestNG.initAndRun(RemoteTestNG.java:293)<br> org.testng.remote.RemoteTestNG.main(RemoteTestNG.java:91)]</details> 

        </td>
      </tr>
      <tr class="event-row">
        <td><span class="badge log fail-bg">Fail</span></td>
        <td>11:41:25 AM</td>
        <td>
          <span class='badge white-text red'>TEST CASE FAILED</span>
        </td>
      </tr>
  </tbody>
</table>
</div>
          </div>
        </li>
        <li class="test-item"  status="fail" test-id="19"
          author=""
          tag=""
          device="">
          <div class="test-detail">
            <p class="name">testrunner.HomePageTests     @TestCase : TestNaviLeftMenuRecruitment</p>
            <p class="text-sm">
              <span>11:41:25 AM</span> / <span>00:00:01:513</span>
              <span class="badge fail-bg log float-right">Fail</span>
            </p>
          </div>
          <div class="test-contents d-none">
<div class="detail-head">
<div class="p-v-10">
<div class="info">
<h5 class="test-status text-fail">testrunner.HomePageTests @TestCase : TestNaviLeftMenuRecruitment</h5>
<span class='badge badge-success'>10.03.2024 11:41:25 AM</span>
<span class='badge badge-danger'>10.03.2024 11:41:26 AM</span>
<span class='badge badge-default'>00:00:01:513</span>
&middot; <span class='uri-anchor badge badge-default'>#test-id=19</span>
<span class='badge badge-default pointer float-right ml-1 et'><i class="fa fa-chevron-down"></i></span>
<span class='badge badge-default pointer float-right ct'><i class="fa fa-chevron-up"></i></span>
</div>
</div>
</div><div class="detail-body mt-4">
<table class="table table-sm">
  <thead><tr><th class="status-col">Status</th><th class="timestamp-col">Timestamp</th><th class="details-col">Details</th></tr></thead>
  <tbody>
      <tr class="event-row">
        <td><span class="badge log fail-bg">Fail</span></td>
        <td>11:41:26 AM</td>
        <td>
          <details><summary><b><font color=red>Exception Occured:Click to see</font></b ></summary>[java.base/jdk.internal.reflect.DirectConstructorHandleAccessor.newInstance(DirectConstructorHandleAccessor.java:62)<br> java.base/java.lang.reflect.Constructor.newInstanceWithCaller(Constructor.java:502)<br> java.base/java.lang.reflect.Constructor.newInstance(Constructor.java:486)<br> org.openqa.selenium.remote.ErrorCodec.decode(ErrorCodec.java:167)<br> org.openqa.selenium.remote.codec.w3c.W3CHttpResponseCodec.decode(W3CHttpResponseCodec.java:138)<br> org.openqa.selenium.remote.codec.w3c.W3CHttpResponseCodec.decode(W3CHttpResponseCodec.java:50)<br> org.openqa.selenium.remote.HttpCommandExecutor.execute(HttpCommandExecutor.java:190)<br> org.openqa.selenium.remote.service.DriverCommandExecutor.invokeExecute(DriverCommandExecutor.java:216)<br> org.openqa.selenium.remote.service.DriverCommandExecutor.execute(DriverCommandExecutor.java:174)<br> org.openqa.selenium.remote.RemoteWebDriver.execute(RemoteWebDriver.java:545)<br> org.openqa.selenium.remote.ElementLocation$ElementFinder$2.findElement(ElementLocation.java:165)<br> org.openqa.selenium.remote.ElementLocation.findElement(ElementLocation.java:59)<br> org.openqa.selenium.remote.RemoteWebDriver.findElement(RemoteWebDriver.java:368)<br> org.openqa.selenium.remote.RemoteWebDriver.findElement(RemoteWebDriver.java:362)<br> org.openqa.selenium.support.pagefactory.DefaultElementLocator.findElement(DefaultElementLocator.java:68)<br> org.openqa.selenium.support.pagefactory.internal.LocatingElementHandler.invoke(LocatingElementHandler.java:38)<br> jdk.proxy2/jdk.proxy2.$Proxy15.click(Unknown Source)<br> pages.HomePage.naviLeftRecruiment(HomePage.java:101)<br> testrunner.HomePageTests.TestNaviLeftMenuRecruitment(HomePageTests.java:62)<br> java.base/jdk.internal.reflect.DirectMethodHandleAccessor.invoke(DirectMethodHandleAccessor.java:103)<br> java.base/java.lang.reflect.Method.invoke(Method.java:580)<br> org.testng.internal.invokers.MethodInvocationHelper.invokeMethod(MethodInvocationHelper.java:141)<br> org.testng.internal.invokers.TestInvoker.invokeMethod(TestInvoker.java:686)<br> org.testng.internal.invokers.TestInvoker.invokeTestMethod(TestInvoker.java:230)<br> org.testng.internal.invokers.MethodRunner.runInSequence(MethodRunner.java:63)<br> org.testng.internal.invokers.TestInvoker$MethodInvocationAgent.invoke(TestInvoker.java:992)<br> org.testng.internal.invokers.TestInvoker.invokeTestMethods(TestInvoker.java:203)<br> org.testng.internal.invokers.TestMethodWorker.invokeTestMethods(TestMethodWorker.java:154)<br> org.testng.internal.invokers.TestMethodWorker.run(TestMethodWorker.java:134)<br> java.base/java.util.ArrayList.forEach(ArrayList.java:1597)<br> org.testng.TestRunner.privateRun(TestRunner.java:739)<br> org.testng.TestRunner.run(TestRunner.java:614)<br> org.testng.SuiteRunner.runTest(SuiteRunner.java:421)<br> org.testng.SuiteRunner.runSequentially(SuiteRunner.java:413)<br> org.testng.SuiteRunner.privateRun(SuiteRunner.java:373)<br> org.testng.SuiteRunner.run(SuiteRunner.java:312)<br> org.testng.SuiteRunnerWorker.runSuite(SuiteRunnerWorker.java:52)<br> org.testng.SuiteRunnerWorker.run(SuiteRunnerWorker.java:95)<br> org.testng.TestNG.runSuitesSequentially(TestNG.java:1274)<br> org.testng.TestNG.runSuitesLocally(TestNG.java:1208)<br> org.testng.TestNG.runSuites(TestNG.java:1112)<br> org.testng.TestNG.run(TestNG.java:1079)<br> org.testng.remote.AbstractRemoteTestNG.run(AbstractRemoteTestNG.java:115)<br> org.testng.remote.RemoteTestNG.initAndRun(RemoteTestNG.java:293)<br> org.testng.remote.RemoteTestNG.main(RemoteTestNG.java:91)]</details> 

        </td>
      </tr>
      <tr class="event-row">
        <td><span class="badge log fail-bg">Fail</span></td>
        <td>11:41:26 AM</td>
        <td>
          <span class='badge white-text red'>TEST CASE FAILED</span>
        </td>
      </tr>
  </tbody>
</table>
</div>
          </div>
        </li>
        <li class="test-item"  status="fail" test-id="20"
          author=""
          tag=""
          device="">
          <div class="test-detail">
            <p class="name">testrunner.HomePageTests     @TestCase : TestNaviLeftMenuMyInfo</p>
            <p class="text-sm">
              <span>11:41:26 AM</span> / <span>00:00:01:518</span>
              <span class="badge fail-bg log float-right">Fail</span>
            </p>
          </div>
          <div class="test-contents d-none">
<div class="detail-head">
<div class="p-v-10">
<div class="info">
<h5 class="test-status text-fail">testrunner.HomePageTests @TestCase : TestNaviLeftMenuMyInfo</h5>
<span class='badge badge-success'>10.03.2024 11:41:26 AM</span>
<span class='badge badge-danger'>10.03.2024 11:41:28 AM</span>
<span class='badge badge-default'>00:00:01:518</span>
&middot; <span class='uri-anchor badge badge-default'>#test-id=20</span>
<span class='badge badge-default pointer float-right ml-1 et'><i class="fa fa-chevron-down"></i></span>
<span class='badge badge-default pointer float-right ct'><i class="fa fa-chevron-up"></i></span>
</div>
</div>
</div><div class="detail-body mt-4">
<table class="table table-sm">
  <thead><tr><th class="status-col">Status</th><th class="timestamp-col">Timestamp</th><th class="details-col">Details</th></tr></thead>
  <tbody>
      <tr class="event-row">
        <td><span class="badge log fail-bg">Fail</span></td>
        <td>11:41:28 AM</td>
        <td>
          <details><summary><b><font color=red>Exception Occured:Click to see</font></b ></summary>[java.base/jdk.internal.reflect.DirectConstructorHandleAccessor.newInstance(DirectConstructorHandleAccessor.java:62)<br> java.base/java.lang.reflect.Constructor.newInstanceWithCaller(Constructor.java:502)<br> java.base/java.lang.reflect.Constructor.newInstance(Constructor.java:486)<br> org.openqa.selenium.remote.ErrorCodec.decode(ErrorCodec.java:167)<br> org.openqa.selenium.remote.codec.w3c.W3CHttpResponseCodec.decode(W3CHttpResponseCodec.java:138)<br> org.openqa.selenium.remote.codec.w3c.W3CHttpResponseCodec.decode(W3CHttpResponseCodec.java:50)<br> org.openqa.selenium.remote.HttpCommandExecutor.execute(HttpCommandExecutor.java:190)<br> org.openqa.selenium.remote.service.DriverCommandExecutor.invokeExecute(DriverCommandExecutor.java:216)<br> org.openqa.selenium.remote.service.DriverCommandExecutor.execute(DriverCommandExecutor.java:174)<br> org.openqa.selenium.remote.RemoteWebDriver.execute(RemoteWebDriver.java:545)<br> org.openqa.selenium.remote.ElementLocation$ElementFinder$2.findElement(ElementLocation.java:165)<br> org.openqa.selenium.remote.ElementLocation.findElement(ElementLocation.java:59)<br> org.openqa.selenium.remote.RemoteWebDriver.findElement(RemoteWebDriver.java:368)<br> org.openqa.selenium.remote.RemoteWebDriver.findElement(RemoteWebDriver.java:362)<br> org.openqa.selenium.support.pagefactory.DefaultElementLocator.findElement(DefaultElementLocator.java:68)<br> org.openqa.selenium.support.pagefactory.internal.LocatingElementHandler.invoke(LocatingElementHandler.java:38)<br> jdk.proxy2/jdk.proxy2.$Proxy15.click(Unknown Source)<br> pages.HomePage.naviLeftMyInfo(HomePage.java:105)<br> testrunner.HomePageTests.TestNaviLeftMenuMyInfo(HomePageTests.java:68)<br> java.base/jdk.internal.reflect.DirectMethodHandleAccessor.invoke(DirectMethodHandleAccessor.java:103)<br> java.base/java.lang.reflect.Method.invoke(Method.java:580)<br> org.testng.internal.invokers.MethodInvocationHelper.invokeMethod(MethodInvocationHelper.java:141)<br> org.testng.internal.invokers.TestInvoker.invokeMethod(TestInvoker.java:686)<br> org.testng.internal.invokers.TestInvoker.invokeTestMethod(TestInvoker.java:230)<br> org.testng.internal.invokers.MethodRunner.runInSequence(MethodRunner.java:63)<br> org.testng.internal.invokers.TestInvoker$MethodInvocationAgent.invoke(TestInvoker.java:992)<br> org.testng.internal.invokers.TestInvoker.invokeTestMethods(TestInvoker.java:203)<br> org.testng.internal.invokers.TestMethodWorker.invokeTestMethods(TestMethodWorker.java:154)<br> org.testng.internal.invokers.TestMethodWorker.run(TestMethodWorker.java:134)<br> java.base/java.util.ArrayList.forEach(ArrayList.java:1597)<br> org.testng.TestRunner.privateRun(TestRunner.java:739)<br> org.testng.TestRunner.run(TestRunner.java:614)<br> org.testng.SuiteRunner.runTest(SuiteRunner.java:421)<br> org.testng.SuiteRunner.runSequentially(SuiteRunner.java:413)<br> org.testng.SuiteRunner.privateRun(SuiteRunner.java:373)<br> org.testng.SuiteRunner.run(SuiteRunner.java:312)<br> org.testng.SuiteRunnerWorker.runSuite(SuiteRunnerWorker.java:52)<br> org.testng.SuiteRunnerWorker.run(SuiteRunnerWorker.java:95)<br> org.testng.TestNG.runSuitesSequentially(TestNG.java:1274)<br> org.testng.TestNG.runSuitesLocally(TestNG.java:1208)<br> org.testng.TestNG.runSuites(TestNG.java:1112)<br> org.testng.TestNG.run(TestNG.java:1079)<br> org.testng.remote.AbstractRemoteTestNG.run(AbstractRemoteTestNG.java:115)<br> org.testng.remote.RemoteTestNG.initAndRun(RemoteTestNG.java:293)<br> org.testng.remote.RemoteTestNG.main(RemoteTestNG.java:91)]</details> 

        </td>
      </tr>
      <tr class="event-row">
        <td><span class="badge log fail-bg">Fail</span></td>
        <td>11:41:28 AM</td>
        <td>
          <span class='badge white-text red'>TEST CASE FAILED</span>
        </td>
      </tr>
  </tbody>
</table>
</div>
          </div>
        </li>
        <li class="test-item"  status="fail" test-id="21"
          author=""
          tag=""
          device="">
          <div class="test-detail">
            <p class="name">testrunner.HomePageTests     @TestCase : TestNaviLeftMenuPerformance</p>
            <p class="text-sm">
              <span>11:41:28 AM</span> / <span>00:00:01:513</span>
              <span class="badge fail-bg log float-right">Fail</span>
            </p>
          </div>
          <div class="test-contents d-none">
<div class="detail-head">
<div class="p-v-10">
<div class="info">
<h5 class="test-status text-fail">testrunner.HomePageTests @TestCase : TestNaviLeftMenuPerformance</h5>
<span class='badge badge-success'>10.03.2024 11:41:28 AM</span>
<span class='badge badge-danger'>10.03.2024 11:41:29 AM</span>
<span class='badge badge-default'>00:00:01:513</span>
&middot; <span class='uri-anchor badge badge-default'>#test-id=21</span>
<span class='badge badge-default pointer float-right ml-1 et'><i class="fa fa-chevron-down"></i></span>
<span class='badge badge-default pointer float-right ct'><i class="fa fa-chevron-up"></i></span>
</div>
</div>
</div><div class="detail-body mt-4">
<table class="table table-sm">
  <thead><tr><th class="status-col">Status</th><th class="timestamp-col">Timestamp</th><th class="details-col">Details</th></tr></thead>
  <tbody>
      <tr class="event-row">
        <td><span class="badge log fail-bg">Fail</span></td>
        <td>11:41:29 AM</td>
        <td>
          <details><summary><b><font color=red>Exception Occured:Click to see</font></b ></summary>[java.base/jdk.internal.reflect.DirectConstructorHandleAccessor.newInstance(DirectConstructorHandleAccessor.java:62)<br> java.base/java.lang.reflect.Constructor.newInstanceWithCaller(Constructor.java:502)<br> java.base/java.lang.reflect.Constructor.newInstance(Constructor.java:486)<br> org.openqa.selenium.remote.ErrorCodec.decode(ErrorCodec.java:167)<br> org.openqa.selenium.remote.codec.w3c.W3CHttpResponseCodec.decode(W3CHttpResponseCodec.java:138)<br> org.openqa.selenium.remote.codec.w3c.W3CHttpResponseCodec.decode(W3CHttpResponseCodec.java:50)<br> org.openqa.selenium.remote.HttpCommandExecutor.execute(HttpCommandExecutor.java:190)<br> org.openqa.selenium.remote.service.DriverCommandExecutor.invokeExecute(DriverCommandExecutor.java:216)<br> org.openqa.selenium.remote.service.DriverCommandExecutor.execute(DriverCommandExecutor.java:174)<br> org.openqa.selenium.remote.RemoteWebDriver.execute(RemoteWebDriver.java:545)<br> org.openqa.selenium.remote.ElementLocation$ElementFinder$2.findElement(ElementLocation.java:165)<br> org.openqa.selenium.remote.ElementLocation.findElement(ElementLocation.java:59)<br> org.openqa.selenium.remote.RemoteWebDriver.findElement(RemoteWebDriver.java:368)<br> org.openqa.selenium.remote.RemoteWebDriver.findElement(RemoteWebDriver.java:362)<br> org.openqa.selenium.support.pagefactory.DefaultElementLocator.findElement(DefaultElementLocator.java:68)<br> org.openqa.selenium.support.pagefactory.internal.LocatingElementHandler.invoke(LocatingElementHandler.java:38)<br> jdk.proxy2/jdk.proxy2.$Proxy15.click(Unknown Source)<br> pages.HomePage.naviLeftPerformance(HomePage.java:109)<br> testrunner.HomePageTests.TestNaviLeftMenuPerformance(HomePageTests.java:74)<br> java.base/jdk.internal.reflect.DirectMethodHandleAccessor.invoke(DirectMethodHandleAccessor.java:103)<br> java.base/java.lang.reflect.Method.invoke(Method.java:580)<br> org.testng.internal.invokers.MethodInvocationHelper.invokeMethod(MethodInvocationHelper.java:141)<br> org.testng.internal.invokers.TestInvoker.invokeMethod(TestInvoker.java:686)<br> org.testng.internal.invokers.TestInvoker.invokeTestMethod(TestInvoker.java:230)<br> org.testng.internal.invokers.MethodRunner.runInSequence(MethodRunner.java:63)<br> org.testng.internal.invokers.TestInvoker$MethodInvocationAgent.invoke(TestInvoker.java:992)<br> org.testng.internal.invokers.TestInvoker.invokeTestMethods(TestInvoker.java:203)<br> org.testng.internal.invokers.TestMethodWorker.invokeTestMethods(TestMethodWorker.java:154)<br> org.testng.internal.invokers.TestMethodWorker.run(TestMethodWorker.java:134)<br> java.base/java.util.ArrayList.forEach(ArrayList.java:1597)<br> org.testng.TestRunner.privateRun(TestRunner.java:739)<br> org.testng.TestRunner.run(TestRunner.java:614)<br> org.testng.SuiteRunner.runTest(SuiteRunner.java:421)<br> org.testng.SuiteRunner.runSequentially(SuiteRunner.java:413)<br> org.testng.SuiteRunner.privateRun(SuiteRunner.java:373)<br> org.testng.SuiteRunner.run(SuiteRunner.java:312)<br> org.testng.SuiteRunnerWorker.runSuite(SuiteRunnerWorker.java:52)<br> org.testng.SuiteRunnerWorker.run(SuiteRunnerWorker.java:95)<br> org.testng.TestNG.runSuitesSequentially(TestNG.java:1274)<br> org.testng.TestNG.runSuitesLocally(TestNG.java:1208)<br> org.testng.TestNG.runSuites(TestNG.java:1112)<br> org.testng.TestNG.run(TestNG.java:1079)<br> org.testng.remote.AbstractRemoteTestNG.run(AbstractRemoteTestNG.java:115)<br> org.testng.remote.RemoteTestNG.initAndRun(RemoteTestNG.java:293)<br> org.testng.remote.RemoteTestNG.main(RemoteTestNG.java:91)]</details> 

        </td>
      </tr>
      <tr class="event-row">
        <td><span class="badge log fail-bg">Fail</span></td>
        <td>11:41:29 AM</td>
        <td>
          <span class='badge white-text red'>TEST CASE FAILED</span>
        </td>
      </tr>
  </tbody>
</table>
</div>
          </div>
        </li>
        <li class="test-item"  status="fail" test-id="22"
          author=""
          tag=""
          device="">
          <div class="test-detail">
            <p class="name">testrunner.HomePageTests     @TestCase : TestNaviLeftDashboard</p>
            <p class="text-sm">
              <span>11:41:29 AM</span> / <span>00:00:01:557</span>
              <span class="badge fail-bg log float-right">Fail</span>
            </p>
          </div>
          <div class="test-contents d-none">
<div class="detail-head">
<div class="p-v-10">
<div class="info">
<h5 class="test-status text-fail">testrunner.HomePageTests @TestCase : TestNaviLeftDashboard</h5>
<span class='badge badge-success'>10.03.2024 11:41:29 AM</span>
<span class='badge badge-danger'>10.03.2024 11:41:31 AM</span>
<span class='badge badge-default'>00:00:01:557</span>
&middot; <span class='uri-anchor badge badge-default'>#test-id=22</span>
<span class='badge badge-default pointer float-right ml-1 et'><i class="fa fa-chevron-down"></i></span>
<span class='badge badge-default pointer float-right ct'><i class="fa fa-chevron-up"></i></span>
</div>
</div>
</div><div class="detail-body mt-4">
<table class="table table-sm">
  <thead><tr><th class="status-col">Status</th><th class="timestamp-col">Timestamp</th><th class="details-col">Details</th></tr></thead>
  <tbody>
      <tr class="event-row">
        <td><span class="badge log fail-bg">Fail</span></td>
        <td>11:41:31 AM</td>
        <td>
          <details><summary><b><font color=red>Exception Occured:Click to see</font></b ></summary>[java.base/jdk.internal.reflect.DirectConstructorHandleAccessor.newInstance(DirectConstructorHandleAccessor.java:62)<br> java.base/java.lang.reflect.Constructor.newInstanceWithCaller(Constructor.java:502)<br> java.base/java.lang.reflect.Constructor.newInstance(Constructor.java:486)<br> org.openqa.selenium.remote.ErrorCodec.decode(ErrorCodec.java:167)<br> org.openqa.selenium.remote.codec.w3c.W3CHttpResponseCodec.decode(W3CHttpResponseCodec.java:138)<br> org.openqa.selenium.remote.codec.w3c.W3CHttpResponseCodec.decode(W3CHttpResponseCodec.java:50)<br> org.openqa.selenium.remote.HttpCommandExecutor.execute(HttpCommandExecutor.java:190)<br> org.openqa.selenium.remote.service.DriverCommandExecutor.invokeExecute(DriverCommandExecutor.java:216)<br> org.openqa.selenium.remote.service.DriverCommandExecutor.execute(DriverCommandExecutor.java:174)<br> org.openqa.selenium.remote.RemoteWebDriver.execute(RemoteWebDriver.java:545)<br> org.openqa.selenium.remote.ElementLocation$ElementFinder$2.findElement(ElementLocation.java:165)<br> org.openqa.selenium.remote.ElementLocation.findElement(ElementLocation.java:59)<br> org.openqa.selenium.remote.RemoteWebDriver.findElement(RemoteWebDriver.java:368)<br> org.openqa.selenium.remote.RemoteWebDriver.findElement(RemoteWebDriver.java:362)<br> org.openqa.selenium.support.pagefactory.DefaultElementLocator.findElement(DefaultElementLocator.java:68)<br> org.openqa.selenium.support.pagefactory.internal.LocatingElementHandler.invoke(LocatingElementHandler.java:38)<br> jdk.proxy2/jdk.proxy2.$Proxy15.click(Unknown Source)<br> pages.HomePage.naviLeftDashboard(HomePage.java:113)<br> testrunner.HomePageTests.TestNaviLeftDashboard(HomePageTests.java:80)<br> java.base/jdk.internal.reflect.DirectMethodHandleAccessor.invoke(DirectMethodHandleAccessor.java:103)<br> java.base/java.lang.reflect.Method.invoke(Method.java:580)<br> org.testng.internal.invokers.MethodInvocationHelper.invokeMethod(MethodInvocationHelper.java:141)<br> org.testng.internal.invokers.TestInvoker.invokeMethod(TestInvoker.java:686)<br> org.testng.internal.invokers.TestInvoker.invokeTestMethod(TestInvoker.java:230)<br> org.testng.internal.invokers.MethodRunner.runInSequence(MethodRunner.java:63)<br> org.testng.internal.invokers.TestInvoker$MethodInvocationAgent.invoke(TestInvoker.java:992)<br> org.testng.internal.invokers.TestInvoker.invokeTestMethods(TestInvoker.java:203)<br> org.testng.internal.invokers.TestMethodWorker.invokeTestMethods(TestMethodWorker.java:154)<br> org.testng.internal.invokers.TestMethodWorker.run(TestMethodWorker.java:134)<br> java.base/java.util.ArrayList.forEach(ArrayList.java:1597)<br> org.testng.TestRunner.privateRun(TestRunner.java:739)<br> org.testng.TestRunner.run(TestRunner.java:614)<br> org.testng.SuiteRunner.runTest(SuiteRunner.java:421)<br> org.testng.SuiteRunner.runSequentially(SuiteRunner.java:413)<br> org.testng.SuiteRunner.privateRun(SuiteRunner.java:373)<br> org.testng.SuiteRunner.run(SuiteRunner.java:312)<br> org.testng.SuiteRunnerWorker.runSuite(SuiteRunnerWorker.java:52)<br> org.testng.SuiteRunnerWorker.run(SuiteRunnerWorker.java:95)<br> org.testng.TestNG.runSuitesSequentially(TestNG.java:1274)<br> org.testng.TestNG.runSuitesLocally(TestNG.java:1208)<br> org.testng.TestNG.runSuites(TestNG.java:1112)<br> org.testng.TestNG.run(TestNG.java:1079)<br> org.testng.remote.AbstractRemoteTestNG.run(AbstractRemoteTestNG.java:115)<br> org.testng.remote.RemoteTestNG.initAndRun(RemoteTestNG.java:293)<br> org.testng.remote.RemoteTestNG.main(RemoteTestNG.java:91)]</details> 

        </td>
      </tr>
      <tr class="event-row">
        <td><span class="badge log fail-bg">Fail</span></td>
        <td>11:41:31 AM</td>
        <td>
          <span class='badge white-text red'>TEST CASE FAILED</span>
        </td>
      </tr>
  </tbody>
</table>
</div>
          </div>
        </li>
        <li class="test-item"  status="fail" test-id="23"
          author=""
          tag=""
          device="">
          <div class="test-detail">
            <p class="name">testrunner.HomePageTests     @TestCase : TestNaviLeftDirectory</p>
            <p class="text-sm">
              <span>11:41:31 AM</span> / <span>00:00:01:523</span>
              <span class="badge fail-bg log float-right">Fail</span>
            </p>
          </div>
          <div class="test-contents d-none">
<div class="detail-head">
<div class="p-v-10">
<div class="info">
<h5 class="test-status text-fail">testrunner.HomePageTests @TestCase : TestNaviLeftDirectory</h5>
<span class='badge badge-success'>10.03.2024 11:41:31 AM</span>
<span class='badge badge-danger'>10.03.2024 11:41:32 AM</span>
<span class='badge badge-default'>00:00:01:523</span>
&middot; <span class='uri-anchor badge badge-default'>#test-id=23</span>
<span class='badge badge-default pointer float-right ml-1 et'><i class="fa fa-chevron-down"></i></span>
<span class='badge badge-default pointer float-right ct'><i class="fa fa-chevron-up"></i></span>
</div>
</div>
</div><div class="detail-body mt-4">
<table class="table table-sm">
  <thead><tr><th class="status-col">Status</th><th class="timestamp-col">Timestamp</th><th class="details-col">Details</th></tr></thead>
  <tbody>
      <tr class="event-row">
        <td><span class="badge log fail-bg">Fail</span></td>
        <td>11:41:32 AM</td>
        <td>
          <details><summary><b><font color=red>Exception Occured:Click to see</font></b ></summary>[java.base/jdk.internal.reflect.DirectConstructorHandleAccessor.newInstance(DirectConstructorHandleAccessor.java:62)<br> java.base/java.lang.reflect.Constructor.newInstanceWithCaller(Constructor.java:502)<br> java.base/java.lang.reflect.Constructor.newInstance(Constructor.java:486)<br> org.openqa.selenium.remote.ErrorCodec.decode(ErrorCodec.java:167)<br> org.openqa.selenium.remote.codec.w3c.W3CHttpResponseCodec.decode(W3CHttpResponseCodec.java:138)<br> org.openqa.selenium.remote.codec.w3c.W3CHttpResponseCodec.decode(W3CHttpResponseCodec.java:50)<br> org.openqa.selenium.remote.HttpCommandExecutor.execute(HttpCommandExecutor.java:190)<br> org.openqa.selenium.remote.service.DriverCommandExecutor.invokeExecute(DriverCommandExecutor.java:216)<br> org.openqa.selenium.remote.service.DriverCommandExecutor.execute(DriverCommandExecutor.java:174)<br> org.openqa.selenium.remote.RemoteWebDriver.execute(RemoteWebDriver.java:545)<br> org.openqa.selenium.remote.ElementLocation$ElementFinder$2.findElement(ElementLocation.java:165)<br> org.openqa.selenium.remote.ElementLocation.findElement(ElementLocation.java:59)<br> org.openqa.selenium.remote.RemoteWebDriver.findElement(RemoteWebDriver.java:368)<br> org.openqa.selenium.remote.RemoteWebDriver.findElement(RemoteWebDriver.java:362)<br> org.openqa.selenium.support.pagefactory.DefaultElementLocator.findElement(DefaultElementLocator.java:68)<br> org.openqa.selenium.support.pagefactory.internal.LocatingElementHandler.invoke(LocatingElementHandler.java:38)<br> jdk.proxy2/jdk.proxy2.$Proxy15.click(Unknown Source)<br> pages.HomePage.naviLeftDirectory(HomePage.java:117)<br> testrunner.HomePageTests.TestNaviLeftDirectory(HomePageTests.java:86)<br> java.base/jdk.internal.reflect.DirectMethodHandleAccessor.invoke(DirectMethodHandleAccessor.java:103)<br> java.base/java.lang.reflect.Method.invoke(Method.java:580)<br> org.testng.internal.invokers.MethodInvocationHelper.invokeMethod(MethodInvocationHelper.java:141)<br> org.testng.internal.invokers.TestInvoker.invokeMethod(TestInvoker.java:686)<br> org.testng.internal.invokers.TestInvoker.invokeTestMethod(TestInvoker.java:230)<br> org.testng.internal.invokers.MethodRunner.runInSequence(MethodRunner.java:63)<br> org.testng.internal.invokers.TestInvoker$MethodInvocationAgent.invoke(TestInvoker.java:992)<br> org.testng.internal.invokers.TestInvoker.invokeTestMethods(TestInvoker.java:203)<br> org.testng.internal.invokers.TestMethodWorker.invokeTestMethods(TestMethodWorker.java:154)<br> org.testng.internal.invokers.TestMethodWorker.run(TestMethodWorker.java:134)<br> java.base/java.util.ArrayList.forEach(ArrayList.java:1597)<br> org.testng.TestRunner.privateRun(TestRunner.java:739)<br> org.testng.TestRunner.run(TestRunner.java:614)<br> org.testng.SuiteRunner.runTest(SuiteRunner.java:421)<br> org.testng.SuiteRunner.runSequentially(SuiteRunner.java:413)<br> org.testng.SuiteRunner.privateRun(SuiteRunner.java:373)<br> org.testng.SuiteRunner.run(SuiteRunner.java:312)<br> org.testng.SuiteRunnerWorker.runSuite(SuiteRunnerWorker.java:52)<br> org.testng.SuiteRunnerWorker.run(SuiteRunnerWorker.java:95)<br> org.testng.TestNG.runSuitesSequentially(TestNG.java:1274)<br> org.testng.TestNG.runSuitesLocally(TestNG.java:1208)<br> org.testng.TestNG.runSuites(TestNG.java:1112)<br> org.testng.TestNG.run(TestNG.java:1079)<br> org.testng.remote.AbstractRemoteTestNG.run(AbstractRemoteTestNG.java:115)<br> org.testng.remote.RemoteTestNG.initAndRun(RemoteTestNG.java:293)<br> org.testng.remote.RemoteTestNG.main(RemoteTestNG.java:91)]</details> 

        </td>
      </tr>
      <tr class="event-row">
        <td><span class="badge log fail-bg">Fail</span></td>
        <td>11:41:32 AM</td>
        <td>
          <span class='badge white-text red'>TEST CASE FAILED</span>
        </td>
      </tr>
  </tbody>
</table>
</div>
          </div>
        </li>
        <li class="test-item"  status="fail" test-id="24"
          author=""
          tag=""
          device="">
          <div class="test-detail">
            <p class="name">testrunner.HomePageTests     @TestCase : TestNaviLeftClaim</p>
            <p class="text-sm">
              <span>11:41:32 AM</span> / <span>00:00:01:514</span>
              <span class="badge fail-bg log float-right">Fail</span>
            </p>
          </div>
          <div class="test-contents d-none">
<div class="detail-head">
<div class="p-v-10">
<div class="info">
<h5 class="test-status text-fail">testrunner.HomePageTests @TestCase : TestNaviLeftClaim</h5>
<span class='badge badge-success'>10.03.2024 11:41:32 AM</span>
<span class='badge badge-danger'>10.03.2024 11:41:34 AM</span>
<span class='badge badge-default'>00:00:01:514</span>
&middot; <span class='uri-anchor badge badge-default'>#test-id=24</span>
<span class='badge badge-default pointer float-right ml-1 et'><i class="fa fa-chevron-down"></i></span>
<span class='badge badge-default pointer float-right ct'><i class="fa fa-chevron-up"></i></span>
</div>
</div>
</div><div class="detail-body mt-4">
<table class="table table-sm">
  <thead><tr><th class="status-col">Status</th><th class="timestamp-col">Timestamp</th><th class="details-col">Details</th></tr></thead>
  <tbody>
      <tr class="event-row">
        <td><span class="badge log fail-bg">Fail</span></td>
        <td>11:41:34 AM</td>
        <td>
          <details><summary><b><font color=red>Exception Occured:Click to see</font></b ></summary>[java.base/jdk.internal.reflect.DirectConstructorHandleAccessor.newInstance(DirectConstructorHandleAccessor.java:62)<br> java.base/java.lang.reflect.Constructor.newInstanceWithCaller(Constructor.java:502)<br> java.base/java.lang.reflect.Constructor.newInstance(Constructor.java:486)<br> org.openqa.selenium.remote.ErrorCodec.decode(ErrorCodec.java:167)<br> org.openqa.selenium.remote.codec.w3c.W3CHttpResponseCodec.decode(W3CHttpResponseCodec.java:138)<br> org.openqa.selenium.remote.codec.w3c.W3CHttpResponseCodec.decode(W3CHttpResponseCodec.java:50)<br> org.openqa.selenium.remote.HttpCommandExecutor.execute(HttpCommandExecutor.java:190)<br> org.openqa.selenium.remote.service.DriverCommandExecutor.invokeExecute(DriverCommandExecutor.java:216)<br> org.openqa.selenium.remote.service.DriverCommandExecutor.execute(DriverCommandExecutor.java:174)<br> org.openqa.selenium.remote.RemoteWebDriver.execute(RemoteWebDriver.java:545)<br> org.openqa.selenium.remote.ElementLocation$ElementFinder$2.findElement(ElementLocation.java:165)<br> org.openqa.selenium.remote.ElementLocation.findElement(ElementLocation.java:59)<br> org.openqa.selenium.remote.RemoteWebDriver.findElement(RemoteWebDriver.java:368)<br> org.openqa.selenium.remote.RemoteWebDriver.findElement(RemoteWebDriver.java:362)<br> org.openqa.selenium.support.pagefactory.DefaultElementLocator.findElement(DefaultElementLocator.java:68)<br> org.openqa.selenium.support.pagefactory.internal.LocatingElementHandler.invoke(LocatingElementHandler.java:38)<br> jdk.proxy2/jdk.proxy2.$Proxy15.click(Unknown Source)<br> pages.HomePage.naviLeftClaim(HomePage.java:128)<br> testrunner.HomePageTests.TestNaviLeftClaim(HomePageTests.java:98)<br> java.base/jdk.internal.reflect.DirectMethodHandleAccessor.invoke(DirectMethodHandleAccessor.java:103)<br> java.base/java.lang.reflect.Method.invoke(Method.java:580)<br> org.testng.internal.invokers.MethodInvocationHelper.invokeMethod(MethodInvocationHelper.java:141)<br> org.testng.internal.invokers.TestInvoker.invokeMethod(TestInvoker.java:686)<br> org.testng.internal.invokers.TestInvoker.invokeTestMethod(TestInvoker.java:230)<br> org.testng.internal.invokers.MethodRunner.runInSequence(MethodRunner.java:63)<br> org.testng.internal.invokers.TestInvoker$MethodInvocationAgent.invoke(TestInvoker.java:992)<br> org.testng.internal.invokers.TestInvoker.invokeTestMethods(TestInvoker.java:203)<br> org.testng.internal.invokers.TestMethodWorker.invokeTestMethods(TestMethodWorker.java:154)<br> org.testng.internal.invokers.TestMethodWorker.run(TestMethodWorker.java:134)<br> java.base/java.util.ArrayList.forEach(ArrayList.java:1597)<br> org.testng.TestRunner.privateRun(TestRunner.java:739)<br> org.testng.TestRunner.run(TestRunner.java:614)<br> org.testng.SuiteRunner.runTest(SuiteRunner.java:421)<br> org.testng.SuiteRunner.runSequentially(SuiteRunner.java:413)<br> org.testng.SuiteRunner.privateRun(SuiteRunner.java:373)<br> org.testng.SuiteRunner.run(SuiteRunner.java:312)<br> org.testng.SuiteRunnerWorker.runSuite(SuiteRunnerWorker.java:52)<br> org.testng.SuiteRunnerWorker.run(SuiteRunnerWorker.java:95)<br> org.testng.TestNG.runSuitesSequentially(TestNG.java:1274)<br> org.testng.TestNG.runSuitesLocally(TestNG.java:1208)<br> org.testng.TestNG.runSuites(TestNG.java:1112)<br> org.testng.TestNG.run(TestNG.java:1079)<br> org.testng.remote.AbstractRemoteTestNG.run(AbstractRemoteTestNG.java:115)<br> org.testng.remote.RemoteTestNG.initAndRun(RemoteTestNG.java:293)<br> org.testng.remote.RemoteTestNG.main(RemoteTestNG.java:91)]</details> 

        </td>
      </tr>
      <tr class="event-row">
        <td><span class="badge log fail-bg">Fail</span></td>
        <td>11:41:34 AM</td>
        <td>
          <span class='badge white-text red'>TEST CASE FAILED</span>
        </td>
      </tr>
  </tbody>
</table>
</div>
          </div>
        </li>
        <li class="test-item"  status="fail" test-id="25"
          author=""
          tag=""
          device="">
          <div class="test-detail">
            <p class="name">testrunner.HomePageTests     @TestCase : TestNaviLeftBuzz</p>
            <p class="text-sm">
              <span>11:41:34 AM</span> / <span>00:00:01:520</span>
              <span class="badge fail-bg log float-right">Fail</span>
            </p>
          </div>
          <div class="test-contents d-none">
<div class="detail-head">
<div class="p-v-10">
<div class="info">
<h5 class="test-status text-fail">testrunner.HomePageTests @TestCase : TestNaviLeftBuzz</h5>
<span class='badge badge-success'>10.03.2024 11:41:34 AM</span>
<span class='badge badge-danger'>10.03.2024 11:41:35 AM</span>
<span class='badge badge-default'>00:00:01:520</span>
&middot; <span class='uri-anchor badge badge-default'>#test-id=25</span>
<span class='badge badge-default pointer float-right ml-1 et'><i class="fa fa-chevron-down"></i></span>
<span class='badge badge-default pointer float-right ct'><i class="fa fa-chevron-up"></i></span>
</div>
</div>
</div><div class="detail-body mt-4">
<table class="table table-sm">
  <thead><tr><th class="status-col">Status</th><th class="timestamp-col">Timestamp</th><th class="details-col">Details</th></tr></thead>
  <tbody>
      <tr class="event-row">
        <td><span class="badge log fail-bg">Fail</span></td>
        <td>11:41:35 AM</td>
        <td>
          <details><summary><b><font color=red>Exception Occured:Click to see</font></b ></summary>[java.base/jdk.internal.reflect.DirectConstructorHandleAccessor.newInstance(DirectConstructorHandleAccessor.java:62)<br> java.base/java.lang.reflect.Constructor.newInstanceWithCaller(Constructor.java:502)<br> java.base/java.lang.reflect.Constructor.newInstance(Constructor.java:486)<br> org.openqa.selenium.remote.ErrorCodec.decode(ErrorCodec.java:167)<br> org.openqa.selenium.remote.codec.w3c.W3CHttpResponseCodec.decode(W3CHttpResponseCodec.java:138)<br> org.openqa.selenium.remote.codec.w3c.W3CHttpResponseCodec.decode(W3CHttpResponseCodec.java:50)<br> org.openqa.selenium.remote.HttpCommandExecutor.execute(HttpCommandExecutor.java:190)<br> org.openqa.selenium.remote.service.DriverCommandExecutor.invokeExecute(DriverCommandExecutor.java:216)<br> org.openqa.selenium.remote.service.DriverCommandExecutor.execute(DriverCommandExecutor.java:174)<br> org.openqa.selenium.remote.RemoteWebDriver.execute(RemoteWebDriver.java:545)<br> org.openqa.selenium.remote.ElementLocation$ElementFinder$2.findElement(ElementLocation.java:165)<br> org.openqa.selenium.remote.ElementLocation.findElement(ElementLocation.java:59)<br> org.openqa.selenium.remote.RemoteWebDriver.findElement(RemoteWebDriver.java:368)<br> org.openqa.selenium.remote.RemoteWebDriver.findElement(RemoteWebDriver.java:362)<br> org.openqa.selenium.support.pagefactory.DefaultElementLocator.findElement(DefaultElementLocator.java:68)<br> org.openqa.selenium.support.pagefactory.internal.LocatingElementHandler.invoke(LocatingElementHandler.java:38)<br> jdk.proxy2/jdk.proxy2.$Proxy15.click(Unknown Source)<br> pages.HomePage.naviLeftBuzz(HomePage.java:132)<br> testrunner.HomePageTests.TestNaviLeftBuzz(HomePageTests.java:104)<br> java.base/jdk.internal.reflect.DirectMethodHandleAccessor.invoke(DirectMethodHandleAccessor.java:103)<br> java.base/java.lang.reflect.Method.invoke(Method.java:580)<br> org.testng.internal.invokers.MethodInvocationHelper.invokeMethod(MethodInvocationHelper.java:141)<br> org.testng.internal.invokers.TestInvoker.invokeMethod(TestInvoker.java:686)<br> org.testng.internal.invokers.TestInvoker.invokeTestMethod(TestInvoker.java:230)<br> org.testng.internal.invokers.MethodRunner.runInSequence(MethodRunner.java:63)<br> org.testng.internal.invokers.TestInvoker$MethodInvocationAgent.invoke(TestInvoker.java:992)<br> org.testng.internal.invokers.TestInvoker.invokeTestMethods(TestInvoker.java:203)<br> org.testng.internal.invokers.TestMethodWorker.invokeTestMethods(TestMethodWorker.java:154)<br> org.testng.internal.invokers.TestMethodWorker.run(TestMethodWorker.java:134)<br> java.base/java.util.ArrayList.forEach(ArrayList.java:1597)<br> org.testng.TestRunner.privateRun(TestRunner.java:739)<br> org.testng.TestRunner.run(TestRunner.java:614)<br> org.testng.SuiteRunner.runTest(SuiteRunner.java:421)<br> org.testng.SuiteRunner.runSequentially(SuiteRunner.java:413)<br> org.testng.SuiteRunner.privateRun(SuiteRunner.java:373)<br> org.testng.SuiteRunner.run(SuiteRunner.java:312)<br> org.testng.SuiteRunnerWorker.runSuite(SuiteRunnerWorker.java:52)<br> org.testng.SuiteRunnerWorker.run(SuiteRunnerWorker.java:95)<br> org.testng.TestNG.runSuitesSequentially(TestNG.java:1274)<br> org.testng.TestNG.runSuitesLocally(TestNG.java:1208)<br> org.testng.TestNG.runSuites(TestNG.java:1112)<br> org.testng.TestNG.run(TestNG.java:1079)<br> org.testng.remote.AbstractRemoteTestNG.run(AbstractRemoteTestNG.java:115)<br> org.testng.remote.RemoteTestNG.initAndRun(RemoteTestNG.java:293)<br> org.testng.remote.RemoteTestNG.main(RemoteTestNG.java:91)]</details> 

        </td>
      </tr>
      <tr class="event-row">
        <td><span class="badge log fail-bg">Fail</span></td>
        <td>11:41:35 AM</td>
        <td>
          <span class='badge white-text red'>TEST CASE FAILED</span>
        </td>
      </tr>
  </tbody>
</table>
</div>
          </div>
        </li>
        <li class="test-item"  status="fail" test-id="26"
          author=""
          tag=""
          device="">
          <div class="test-detail">
            <p class="name">testrunner.HomePageTests     @TestCase : TestNaviLeftMaintenance</p>
            <p class="text-sm">
              <span>11:41:35 AM</span> / <span>00:00:01:515</span>
              <span class="badge fail-bg log float-right">Fail</span>
            </p>
          </div>
          <div class="test-contents d-none">
<div class="detail-head">
<div class="p-v-10">
<div class="info">
<h5 class="test-status text-fail">testrunner.HomePageTests @TestCase : TestNaviLeftMaintenance</h5>
<span class='badge badge-success'>10.03.2024 11:41:35 AM</span>
<span class='badge badge-danger'>10.03.2024 11:41:37 AM</span>
<span class='badge badge-default'>00:00:01:515</span>
&middot; <span class='uri-anchor badge badge-default'>#test-id=26</span>
<span class='badge badge-default pointer float-right ml-1 et'><i class="fa fa-chevron-down"></i></span>
<span class='badge badge-default pointer float-right ct'><i class="fa fa-chevron-up"></i></span>
</div>
</div>
</div><div class="detail-body mt-4">
<table class="table table-sm">
  <thead><tr><th class="status-col">Status</th><th class="timestamp-col">Timestamp</th><th class="details-col">Details</th></tr></thead>
  <tbody>
      <tr class="event-row">
        <td><span class="badge log fail-bg">Fail</span></td>
        <td>11:41:37 AM</td>
        <td>
          <details><summary><b><font color=red>Exception Occured:Click to see</font></b ></summary>[java.base/jdk.internal.reflect.DirectConstructorHandleAccessor.newInstance(DirectConstructorHandleAccessor.java:62)<br> java.base/java.lang.reflect.Constructor.newInstanceWithCaller(Constructor.java:502)<br> java.base/java.lang.reflect.Constructor.newInstance(Constructor.java:486)<br> org.openqa.selenium.remote.ErrorCodec.decode(ErrorCodec.java:167)<br> org.openqa.selenium.remote.codec.w3c.W3CHttpResponseCodec.decode(W3CHttpResponseCodec.java:138)<br> org.openqa.selenium.remote.codec.w3c.W3CHttpResponseCodec.decode(W3CHttpResponseCodec.java:50)<br> org.openqa.selenium.remote.HttpCommandExecutor.execute(HttpCommandExecutor.java:190)<br> org.openqa.selenium.remote.service.DriverCommandExecutor.invokeExecute(DriverCommandExecutor.java:216)<br> org.openqa.selenium.remote.service.DriverCommandExecutor.execute(DriverCommandExecutor.java:174)<br> org.openqa.selenium.remote.RemoteWebDriver.execute(RemoteWebDriver.java:545)<br> org.openqa.selenium.remote.ElementLocation$ElementFinder$2.findElement(ElementLocation.java:165)<br> org.openqa.selenium.remote.ElementLocation.findElement(ElementLocation.java:59)<br> org.openqa.selenium.remote.RemoteWebDriver.findElement(RemoteWebDriver.java:368)<br> org.openqa.selenium.remote.RemoteWebDriver.findElement(RemoteWebDriver.java:362)<br> org.openqa.selenium.support.pagefactory.DefaultElementLocator.findElement(DefaultElementLocator.java:68)<br> org.openqa.selenium.support.pagefactory.internal.LocatingElementHandler.invoke(LocatingElementHandler.java:38)<br> jdk.proxy2/jdk.proxy2.$Proxy15.click(Unknown Source)<br> pages.HomePage.naviLeftMaintenance(HomePage.java:121)<br> testrunner.HomePageTests.TestNaviLeftMaintenance(HomePageTests.java:92)<br> java.base/jdk.internal.reflect.DirectMethodHandleAccessor.invoke(DirectMethodHandleAccessor.java:103)<br> java.base/java.lang.reflect.Method.invoke(Method.java:580)<br> org.testng.internal.invokers.MethodInvocationHelper.invokeMethod(MethodInvocationHelper.java:141)<br> org.testng.internal.invokers.TestInvoker.invokeMethod(TestInvoker.java:686)<br> org.testng.internal.invokers.TestInvoker.invokeTestMethod(TestInvoker.java:230)<br> org.testng.internal.invokers.MethodRunner.runInSequence(MethodRunner.java:63)<br> org.testng.internal.invokers.TestInvoker$MethodInvocationAgent.invoke(TestInvoker.java:992)<br> org.testng.internal.invokers.TestInvoker.invokeTestMethods(TestInvoker.java:203)<br> org.testng.internal.invokers.TestMethodWorker.invokeTestMethods(TestMethodWorker.java:154)<br> org.testng.internal.invokers.TestMethodWorker.run(TestMethodWorker.java:134)<br> java.base/java.util.ArrayList.forEach(ArrayList.java:1597)<br> org.testng.TestRunner.privateRun(TestRunner.java:739)<br> org.testng.TestRunner.run(TestRunner.java:614)<br> org.testng.SuiteRunner.runTest(SuiteRunner.java:421)<br> org.testng.SuiteRunner.runSequentially(SuiteRunner.java:413)<br> org.testng.SuiteRunner.privateRun(SuiteRunner.java:373)<br> org.testng.SuiteRunner.run(SuiteRunner.java:312)<br> org.testng.SuiteRunnerWorker.runSuite(SuiteRunnerWorker.java:52)<br> org.testng.SuiteRunnerWorker.run(SuiteRunnerWorker.java:95)<br> org.testng.TestNG.runSuitesSequentially(TestNG.java:1274)<br> org.testng.TestNG.runSuitesLocally(TestNG.java:1208)<br> org.testng.TestNG.runSuites(TestNG.java:1112)<br> org.testng.TestNG.run(TestNG.java:1079)<br> org.testng.remote.AbstractRemoteTestNG.run(AbstractRemoteTestNG.java:115)<br> org.testng.remote.RemoteTestNG.initAndRun(RemoteTestNG.java:293)<br> org.testng.remote.RemoteTestNG.main(RemoteTestNG.java:91)]</details> 

        </td>
      </tr>
      <tr class="event-row">
        <td><span class="badge log fail-bg">Fail</span></td>
        <td>11:41:37 AM</td>
        <td>
          <span class='badge white-text red'>TEST CASE FAILED</span>
        </td>
      </tr>
  </tbody>
</table>
</div>
          </div>
        </li>
      </ul>
    </div>
  </div>
<div class="test-content scrollable">
<div class="test-content-tools">
<ul><li><a class="back-to-test" href="#"><i class="fa fa-arrow-left"></i></a></li></ul>
</div>
<div class="test-content-detail"><div class="detail-body"></div></div>
</div></div>
<div class="container-fluid p-4 view dashboard-view">
<div class="row">
<div class="col-md-3">
<div class="card"><div class="card-body">
<p class="m-b-0">Started</p>
<h3>Oct 3, 2024 11:40:08 AM</h3>
</div></div>
</div>
<div class="col-md-3">
<div class="card"><div class="card-body">
<p class="m-b-0">Ended</p>
<h3>Oct 3, 2024 11:41:37 AM</h3>
</div></div>
</div>
<div class="col-md-3">
<div class="card"><div class="card-body">
<p class="m-b-0 text-pass">Tests Passed</p>
<h3>0</h3>
</div></div>
</div>
<div class="col-md-3">
<div class="card"><div class="card-body">
<p class="m-b-0 text-fail">Tests Failed</p>
<h3>26</h3>
</div></div>
</div>
</div>
<div class="row">
<div class="col-md-6">
<div class="card">
<div class="card-header">
<h6 class="card-title">Tests</h6>
</div>
<div class="card-body">
<div class="">
<canvas id='parent-analysis' width='115' height='90'></canvas>
</div>
</div>
<div class="card-footer">
<div><small data-tooltip='0%'>
<b>0</b> tests passed
</small>
</div>
<div>
<small data-tooltip='100%'><b>26</b> tests failed,
<b>0</b> skipped, <b data-tooltip='0%'>0</b> others
</small>
</div>
</div>
</div>
</div>
<div class="col-md-6">
<div class="card">
<div class="card-header">
<h6 class="card-title">Log events</h6>
</div>
<div class="card-body">
<div class="">
<canvas id='events-analysis' width='115' height='90'></canvas>
</div>
</div>
<div class="card-footer">
<div><small data-tooltip='0%'><b>0</b> events passed</small></div>
<div>
<small data-tooltip='100%'><b>65</b> events failed,
<b data-tooltip='%'>0</b> others
</small>
</div>
</div>
</div>
</div>
</div>
<div class="row"><div class="col-md-12">
<div class="card"><div class="card-header"><p>Timeline</p></div>
<div class="card-body pt-0"><div>
<canvas id="timeline" height="120"></canvas>
</div></div>
</div>
</div></div>
<script>
var timeline = {
"testrunner.HomePageTests @TestCase : TestNaviLeftMenu":30.81,"testrunner.HomePageTests @TestCase : TestNaviLeftMenuAdmin":2.757,"testrunner.HomePageTests @TestCase : TestNaviLeftMenuPIM":2.643,"testrunner.HomePageTests @TestCase : TestNaviLeftMenuLeave":2.649,"testrunner.HomePageTests @TestCase : TestNaviLeftMenuTime":2.642,"testrunner.HomePageTests @TestCase : TestNaviLeftMenuRecruitment":2.644,"testrunner.HomePageTests @TestCase : TestNaviLeftMenuMyInfo":2.634,"testrunner.HomePageTests @TestCase : TestNaviLeftMenuPerformance":2.655,"testrunner.HomePageTests @TestCase : TestNaviLeftDashboard":2.693,"testrunner.HomePageTests @TestCase : TestNaviLeftDirectory":2.651,"testrunner.HomePageTests @TestCase : TestNaviLeftClaim":2.69,"testrunner.HomePageTests @TestCase : TestNaviLeftBuzz":2.69,"testrunner.HomePageTests @TestCase : TestNaviLeftMaintenance":2.655,"testrunner.HomePageTests @TestCase : TestNaviLeftMenu":0.007,"testrunner.HomePageTests @TestCase : TestNaviLeftMenuAdmin":1.523,"testrunner.HomePageTests @TestCase : TestNaviLeftMenuPIM":1.523,"testrunner.HomePageTests @TestCase : TestNaviLeftMenuLeave":1.507,"testrunner.HomePageTests @TestCase : TestNaviLeftMenuTime":1.517,"testrunner.HomePageTests @TestCase : TestNaviLeftMenuRecruitment":1.513,"testrunner.HomePageTests @TestCase : TestNaviLeftMenuMyInfo":1.518,"testrunner.HomePageTests @TestCase : TestNaviLeftMenuPerformance":1.513,"testrunner.HomePageTests @TestCase : TestNaviLeftDashboard":1.557,"testrunner.HomePageTests @TestCase : TestNaviLeftDirectory":1.523,"testrunner.HomePageTests @TestCase : TestNaviLeftClaim":1.514,"testrunner.HomePageTests @TestCase : TestNaviLeftBuzz":1.52,"testrunner.HomePageTests @TestCase : TestNaviLeftMaintenance":1.515
};
</script>
<div class="row">
<div class="col-lg-6 col-md-12 sysenv-container">
<div class="card">
<div class="card-header"><p>System/Environment</p></div>
<div class="card-body pb-0 pt-0"><table class="table table-sm table-bordered">
<thead><tr class="bg-gray"><th>Name</th><th>Value</th></tr></thead>
<tbody>
<tr>
<td>Release No</td>
<td>22</td>
</tr>
<tr>
<td>Environment</td>
<td>QA</td>
</tr>
<tr>
<td>Build no</td>
<td>B-12673</td>
</tr>
</tbody>
</table></div>
</div>
</div>
</div>
</div>
<script>
var statusGroup = {
parentCount: 5,
passParent: 0,
failParent: 26,
warningParent: 0,
skipParent: 0,
childCount: 5,
passChild: 0,
failChild: 0,
warningChild: 0,
skipChild: 0,
infoChild: 0,
grandChildCount: 5,
passGrandChild: 0,
failGrandChild: 0,
warningGrandChild: 0,
skipGrandChild: 0,
infoGrandChild: 0,
eventsCount: 5,
passEvents: 0,
failEvents: 65,
warningEvents: 0,
skipEvents: 0,
infoEvents: 0
};
</script>        </div>
      </div>
    </div>
  </div>
<script src="https://cdn.jsdelivr.net/gh/extent-framework/extent-github-cdn@d6562a79075e061305ccfdb82f01e5e195e2d307/spark/js/spark-script.js"></script>
<script type="text/javascript"></script></body>
</html>