<?xml version="1.0" encoding="UTF-8"?>
<!-- Generated by org.testng.reporters.JUnitXMLReporter -->
<testsuite ignored="0" hostname="JOHAN-NB" failures="1" tests="16" name="HomePage Tests Edge" time="64.201" errors="0" timestamp="2024-10-06T19:35:23 WIB">
  <testcase classname="testrunner.HomePageTests" name="TestNaviLeftMenu" time="30.515">
    <failure type="org.openqa.selenium.TimeoutException" message="Expected condition failed: waiting for visibility of element located by By.name: username (tried for 30 second(s) with 500 milliseconds interval)
Build info: version: &amp;apos;4.24.0&amp;apos;, revision: &amp;apos;748ffc9bc3&amp;apos;
System info: os.name: &amp;apos;Windows 10&amp;apos;, os.arch: &amp;apos;amd64&amp;apos;, os.version: &amp;apos;10.0&amp;apos;, java.version: &amp;apos;22.0.1&amp;apos;
Driver info: org.openqa.selenium.chrome.ChromeDriver
Capabilities {acceptInsecureCerts: false, browserName: chrome, browserVersion: 129.0.6668.90, chrome: {chromedriverVersion: 129.0.6668.89 (951c0b97221f..., userDataDir: C:\Users\JOHAN-NB\AppData\L...}, fedcm:accounts: true, goog:chromeOptions: {debuggerAddress: localhost:53417}, networkConnectionEnabled: false, pageLoadStrategy: normal, platformName: windows, proxy: Proxy(), se:cdp: ws://localhost:53417/devtoo..., se:cdpVersion: 129.0.6668.90, setWindowRect: true, strictFileInteractability: false, timeouts: {implicit: 0, pageLoad: 300000, script: 30000}, unhandledPromptBehavior: dismiss and notify, webauthn:extension:credBlob: true, webauthn:extension:largeBlob: true, webauthn:extension:minPinLength: true, webauthn:extension:prf: true, webauthn:virtualAuthenticators: true}
Session ID: 2c286e3af9219343153511ef9e598f42">
      <![CDATA[org.openqa.selenium.TimeoutException: Expected condition failed: waiting for visibility of element located by By.name: username (tried for 30 second(s) with 500 milliseconds interval)
Build info: version: '4.24.0', revision: '748ffc9bc3'
System info: os.name: 'Windows 10', os.arch: 'amd64', os.version: '10.0', java.version: '22.0.1'
Driver info: org.openqa.selenium.chrome.ChromeDriver
Capabilities {acceptInsecureCerts: false, browserName: chrome, browserVersion: 129.0.6668.90, chrome: {chromedriverVersion: 129.0.6668.89 (951c0b97221f..., userDataDir: C:\Users\JOHAN-NB\AppData\L...}, fedcm:accounts: true, goog:chromeOptions: {debuggerAddress: localhost:53417}, networkConnectionEnabled: false, pageLoadStrategy: normal, platformName: windows, proxy: Proxy(), se:cdp: ws://localhost:53417/devtoo..., se:cdpVersion: 129.0.6668.90, setWindowRect: true, strictFileInteractability: false, timeouts: {implicit: 0, pageLoad: 300000, script: 30000}, unhandledPromptBehavior: dismiss and notify, webauthn:extension:credBlob: true, webauthn:extension:largeBlob: true, webauthn:extension:minPinLength: true, webauthn:extension:prf: true, webauthn:virtualAuthenticators: true}
Session ID: 2c286e3af9219343153511ef9e598f42
at org.openqa.selenium.support.ui.WebDriverWait.timeoutException(WebDriverWait.java:84)
at org.openqa.selenium.support.ui.FluentWait.until(FluentWait.java:228)
at pages.LoginPage.<init>(LoginPage.java:19)
at testrunner.HomePageTests.TestNaviLeftMenu(HomePageTests.java:20)
at java.base/java.util.ArrayList.forEach(ArrayList.java:1597)
... Removed 25 stack frames]]>
    </failure>
  </testcase> <!-- TestNaviLeftMenu -->
  <testcase classname="testrunner.HomePageTests" name="TestNaviLeftMenuAdmin" time="2.552"/>
  <testcase classname="testrunner.HomePageTests" name="TestNaviLeftMenuPIM" time="2.396"/>
  <testcase classname="testrunner.HomePageTests" name="TestNaviLeftMenuLeave" time="3.078"/>
  <testcase classname="testrunner.HomePageTests" name="TestNaviLeftMenuTime" time="1.949"/>
  <testcase classname="testrunner.HomePageTests" name="TestNaviLeftMenuRecruitment" time="2.216"/>
  <testcase classname="testrunner.HomePageTests" name="TestNaviLeftMenuMyInfo" time="3.6"/>
  <testcase classname="testrunner.HomePageTests" name="TestNaviLeftMenuPerformance" time="2.667"/>
  <testcase classname="testrunner.HomePageTests" name="TestNaviLeftDashboard" time="3.103"/>
  <testcase classname="testrunner.HomePageTests" name="TestNaviLeftDirectory" time="1.93"/>
  <testcase classname="testrunner.HomePageTests" name="TestNaviLeftClaim" time="2.156"/>
  <testcase classname="testrunner.HomePageTests" name="TestNaviLeftBuzz" time="1.96"/>
  <testcase classname="testrunner.HomePageTests" name="TestNaviLeftMaintenance" time="5.498"/>
  <testcase classname="testrunner.HomePageTests" name="TestDashBoardLabel" time="0.279"/>
  <testcase classname="testrunner.HomePageTests" name="TestDashBoardDropDownMenu" time="0.047"/>
  <testcase classname="testrunner.HomePageTests" name="TestDashBoardDropDownMenuAbout" time="0.043"/>
</testsuite> <!-- HomePage Tests Edge -->
