<!DOCTYPE html PUBLIC "-//W3C//DTD XHTML 1.1//EN" "https://www.w3.org/TR/xhtml11/DTD/xhtml11.dtd">
<html xmlns="https://www.w3.org/1999/xhtml">
<head>
<meta http-equiv="content-type" content="text/html; charset=UTF-8"/>
<title>TestNG Report</title>
<style type="text/css">table {margin-bottom:10px;border-collapse:collapse;empty-cells:show}th,td {border:1px solid #009;padding:.25em .5em}th {vertical-align:bottom}td {vertical-align:top}table a {font-weight:bold}.stripe td {background-color: #E6EBF9}.num {text-align:right}.passedodd td {background-color: #3F3}.passedeven td {background-color: #0A0}.skippedodd td {background-color: #DDD}.skippedeven td {background-color: #CCC}.failedodd td,.attn {background-color: #F33}.failedeven td,.stripe .attn {background-color: #D00}.stacktrace {white-space:pre;font-family:monospace}.totop {font-size:85%;text-align:center;border-bottom:2px solid #000}.invisible {display:none}</style>
</head>
<body>
<table>
<tr><th>Test</th><th># Passed</th><th># Skipped</th><th># Retried</th><th># Failed</th><th>Time (ms)</th><th>Included Groups</th><th>Excluded Groups</th></tr>
<tr><th colspan="8">Extent Report Demo</th></tr>
<tr><td><a href="#t0">HomePage Tests</a></td><td class="num">0</td><td class="num attn">13</td><td class="num">0</td><td class="num">0</td><td class="num">72</td><td></td><td></td></tr>
</table>
<table id='summary'><thead><tr><th>Class</th><th>Method</th><th>Start</th><th>Time (ms)</th></tr></thead><tbody><tr><th colspan="4">Extent Report Demo</th></tr></tbody><tbody id="t0"><tr><th colspan="4">HomePage Tests &#8212; failed (configuration methods)</th></tr><tr class="failedeven"><td rowspan="1">testrunner.HomePageTests</td><td><a href="#m0">setup</a></td><td rowspan="1">1727015913341</td><td rowspan="1">-1727015913341</td></tr><tr><th colspan="4">HomePage Tests &#8212; skipped (configuration methods)</th></tr><tr class="skippedeven"><td rowspan="1">testrunner.HomePageTests</td><td><a href="#m1">closeBrowser</a></td><td rowspan="1">1727015913404</td><td rowspan="1">0</td></tr><tr><th colspan="4">HomePage Tests &#8212; skipped</th></tr><tr class="skippedeven"><td rowspan="13">testrunner.HomePageTests</td><td><a href="#m2">TestNaviLeftBuzz</a></td><td rowspan="1">1727015913402</td><td rowspan="1">0</td></tr><tr class="skippedeven"><td><a href="#m3">TestNaviLeftClaim</a></td><td rowspan="1">1727015913401</td><td rowspan="1">0</td></tr><tr class="skippedeven"><td><a href="#m4">TestNaviLeftDashboard</a></td><td rowspan="1">1727015913399</td><td rowspan="1">0</td></tr><tr class="skippedeven"><td><a href="#m5">TestNaviLeftDirectory</a></td><td rowspan="1">1727015913400</td><td rowspan="1">0</td></tr><tr class="skippedeven"><td><a href="#m6">TestNaviLeftMaintenance</a></td><td rowspan="1">1727015913403</td><td rowspan="1">0</td></tr><tr class="skippedeven"><td><a href="#m7">TestNaviLeftMenu</a></td><td rowspan="1">1727015913381</td><td rowspan="1">0</td></tr><tr class="skippedeven"><td><a href="#m8">TestNaviLeftMenuAdmin</a></td><td rowspan="1">1727015913391</td><td rowspan="1">0</td></tr><tr class="skippedeven"><td><a href="#m9">TestNaviLeftMenuLeave</a></td><td rowspan="1">1727015913393</td><td rowspan="1">0</td></tr><tr class="skippedeven"><td><a href="#m10">TestNaviLeftMenuMyInfo</a></td><td rowspan="1">1727015913397</td><td rowspan="1">0</td></tr><tr class="skippedeven"><td><a href="#m11">TestNaviLeftMenuPIM</a></td><td rowspan="1">1727015913392</td><td rowspan="1">0</td></tr><tr class="skippedeven"><td><a href="#m12">TestNaviLeftMenuPerformance</a></td><td rowspan="1">1727015913398</td><td rowspan="1">0</td></tr><tr class="skippedeven"><td><a href="#m13">TestNaviLeftMenuRecruitment</a></td><td rowspan="1">1727015913395</td><td rowspan="1">0</td></tr><tr class="skippedeven"><td><a href="#m14">TestNaviLeftMenuTime</a></td><td rowspan="1">1727015913394</td><td rowspan="1">0</td></tr></tbody>
</table>
<h2>HomePage Tests</h2><h3 id="m0">testrunner.HomePageTests#setup</h3><table class="result"><tr><th>Exception</th></tr><tr><td><div class="stacktrace">org.testng.TestNGException: 
Parameter &apos;browser&apos; is required by BeforeTest on method setup but has not been marked @Optional or defined
in D:\QA software Tester\eclipse\WorkBench\TestNgSeleniumExtentReports\testng.xml
... Removed 25 stack frames</div></td></tr></table><p class="totop"><a href="#summary">back to summary</a></p>
<h3 id="m1">testrunner.HomePageTests#closeBrowser</h3><table class="result"><tr><th class="invisible"/></tr></table><p class="totop"><a href="#summary">back to summary</a></p>
<h3 id="m2">testrunner.HomePageTests#TestNaviLeftBuzz</h3><table class="result"><tr><th>Exception</th></tr><tr><td><div class="stacktrace">org.testng.TestNGException: 
Parameter &apos;browser&apos; is required by BeforeTest on method setup but has not been marked @Optional or defined
in D:\QA software Tester\eclipse\WorkBench\TestNgSeleniumExtentReports\testng.xml
... Removed 25 stack frames</div></td></tr></table><p class="totop"><a href="#summary">back to summary</a></p>
<h3 id="m3">testrunner.HomePageTests#TestNaviLeftClaim</h3><table class="result"><tr><th>Exception</th></tr><tr><td><div class="stacktrace">org.testng.TestNGException: 
Parameter &apos;browser&apos; is required by BeforeTest on method setup but has not been marked @Optional or defined
in D:\QA software Tester\eclipse\WorkBench\TestNgSeleniumExtentReports\testng.xml
... Removed 25 stack frames</div></td></tr></table><p class="totop"><a href="#summary">back to summary</a></p>
<h3 id="m4">testrunner.HomePageTests#TestNaviLeftDashboard</h3><table class="result"><tr><th>Exception</th></tr><tr><td><div class="stacktrace">org.testng.TestNGException: 
Parameter &apos;browser&apos; is required by BeforeTest on method setup but has not been marked @Optional or defined
in D:\QA software Tester\eclipse\WorkBench\TestNgSeleniumExtentReports\testng.xml
... Removed 25 stack frames</div></td></tr></table><p class="totop"><a href="#summary">back to summary</a></p>
<h3 id="m5">testrunner.HomePageTests#TestNaviLeftDirectory</h3><table class="result"><tr><th>Exception</th></tr><tr><td><div class="stacktrace">org.testng.TestNGException: 
Parameter &apos;browser&apos; is required by BeforeTest on method setup but has not been marked @Optional or defined
in D:\QA software Tester\eclipse\WorkBench\TestNgSeleniumExtentReports\testng.xml
... Removed 25 stack frames</div></td></tr></table><p class="totop"><a href="#summary">back to summary</a></p>
<h3 id="m6">testrunner.HomePageTests#TestNaviLeftMaintenance</h3><table class="result"><tr><th>Exception</th></tr><tr><td><div class="stacktrace">org.testng.TestNGException: 
Parameter &apos;browser&apos; is required by BeforeTest on method setup but has not been marked @Optional or defined
in D:\QA software Tester\eclipse\WorkBench\TestNgSeleniumExtentReports\testng.xml
... Removed 25 stack frames</div></td></tr></table><p class="totop"><a href="#summary">back to summary</a></p>
<h3 id="m7">testrunner.HomePageTests#TestNaviLeftMenu</h3><table class="result"><tr><th>Exception</th></tr><tr><td><div class="stacktrace">org.testng.TestNGException: 
Parameter &apos;browser&apos; is required by BeforeTest on method setup but has not been marked @Optional or defined
in D:\QA software Tester\eclipse\WorkBench\TestNgSeleniumExtentReports\testng.xml
... Removed 25 stack frames</div></td></tr></table><p class="totop"><a href="#summary">back to summary</a></p>
<h3 id="m8">testrunner.HomePageTests#TestNaviLeftMenuAdmin</h3><table class="result"><tr><th>Exception</th></tr><tr><td><div class="stacktrace">org.testng.TestNGException: 
Parameter &apos;browser&apos; is required by BeforeTest on method setup but has not been marked @Optional or defined
in D:\QA software Tester\eclipse\WorkBench\TestNgSeleniumExtentReports\testng.xml
... Removed 25 stack frames</div></td></tr></table><p class="totop"><a href="#summary">back to summary</a></p>
<h3 id="m9">testrunner.HomePageTests#TestNaviLeftMenuLeave</h3><table class="result"><tr><th>Exception</th></tr><tr><td><div class="stacktrace">org.testng.TestNGException: 
Parameter &apos;browser&apos; is required by BeforeTest on method setup but has not been marked @Optional or defined
in D:\QA software Tester\eclipse\WorkBench\TestNgSeleniumExtentReports\testng.xml
... Removed 25 stack frames</div></td></tr></table><p class="totop"><a href="#summary">back to summary</a></p>
<h3 id="m10">testrunner.HomePageTests#TestNaviLeftMenuMyInfo</h3><table class="result"><tr><th>Exception</th></tr><tr><td><div class="stacktrace">org.testng.TestNGException: 
Parameter &apos;browser&apos; is required by BeforeTest on method setup but has not been marked @Optional or defined
in D:\QA software Tester\eclipse\WorkBench\TestNgSeleniumExtentReports\testng.xml
... Removed 25 stack frames</div></td></tr></table><p class="totop"><a href="#summary">back to summary</a></p>
<h3 id="m11">testrunner.HomePageTests#TestNaviLeftMenuPIM</h3><table class="result"><tr><th>Exception</th></tr><tr><td><div class="stacktrace">org.testng.TestNGException: 
Parameter &apos;browser&apos; is required by BeforeTest on method setup but has not been marked @Optional or defined
in D:\QA software Tester\eclipse\WorkBench\TestNgSeleniumExtentReports\testng.xml
... Removed 25 stack frames</div></td></tr></table><p class="totop"><a href="#summary">back to summary</a></p>
<h3 id="m12">testrunner.HomePageTests#TestNaviLeftMenuPerformance</h3><table class="result"><tr><th>Exception</th></tr><tr><td><div class="stacktrace">org.testng.TestNGException: 
Parameter &apos;browser&apos; is required by BeforeTest on method setup but has not been marked @Optional or defined
in D:\QA software Tester\eclipse\WorkBench\TestNgSeleniumExtentReports\testng.xml
... Removed 25 stack frames</div></td></tr></table><p class="totop"><a href="#summary">back to summary</a></p>
<h3 id="m13">testrunner.HomePageTests#TestNaviLeftMenuRecruitment</h3><table class="result"><tr><th>Exception</th></tr><tr><td><div class="stacktrace">org.testng.TestNGException: 
Parameter &apos;browser&apos; is required by BeforeTest on method setup but has not been marked @Optional or defined
in D:\QA software Tester\eclipse\WorkBench\TestNgSeleniumExtentReports\testng.xml
... Removed 25 stack frames</div></td></tr></table><p class="totop"><a href="#summary">back to summary</a></p>
<h3 id="m14">testrunner.HomePageTests#TestNaviLeftMenuTime</h3><table class="result"><tr><th>Exception</th></tr><tr><td><div class="stacktrace">org.testng.TestNGException: 
Parameter &apos;browser&apos; is required by BeforeTest on method setup but has not been marked @Optional or defined
in D:\QA software Tester\eclipse\WorkBench\TestNgSeleniumExtentReports\testng.xml
... Removed 25 stack frames</div></td></tr></table><p class="totop"><a href="#summary">back to summary</a></p>
</body>
</html>
