<?xml version="1.0" encoding="UTF-8"?>
<!-- Generated by org.testng.reporters.JUnitReportReporter -->
<testsuite hostname="JOHAN-NB" failures="0" tests="26" name="testrunner.HomePageTests" time="77.335" errors="1" timestamp="2024-09-22T21:56:25 WIB" skipped="0">
  <testcase classname="testrunner.HomePageTests" name="TestNaviLeftMenu" time="5.825"/>
  <testcase classname="testrunner.HomePageTests" name="TestNaviLeftMenu" time="6.277"/>
  <testcase classname="testrunner.HomePageTests" name="TestNaviLeftMenuAdmin" time="2.793"/>
  <testcase classname="testrunner.HomePageTests" name="TestNaviLeftMenuAdmin" time="4.902"/>
  <testcase classname="testrunner.HomePageTests" name="TestNaviLeftMenuPIM" time="3.800"/>
  <testcase classname="testrunner.HomePageTests" name="TestNaviLeftMenuPIM" time="2.920"/>
  <testcase classname="testrunner.HomePageTests" name="TestNaviLeftMenuLeave" time="2.557"/>
  <testcase classname="testrunner.HomePageTests" name="TestNaviLeftMenuLeave" time="2.387"/>
  <testcase classname="testrunner.HomePageTests" name="TestNaviLeftMenuTime" time="2.462"/>
  <testcase classname="testrunner.HomePageTests" name="TestNaviLeftMenuTime" time="2.399"/>
  <testcase classname="testrunner.HomePageTests" name="TestNaviLeftMenuRecruitment" time="2.453"/>
  <testcase classname="testrunner.HomePageTests" name="TestNaviLeftMenuRecruitment" time="2.368"/>
  <testcase classname="testrunner.HomePageTests" name="TestNaviLeftMenuMyInfo" time="2.879"/>
  <testcase classname="testrunner.HomePageTests" name="TestNaviLeftMenuMyInfo" time="2.575"/>
  <testcase classname="testrunner.HomePageTests" name="TestNaviLeftMenuPerformance" time="2.423"/>
  <testcase classname="testrunner.HomePageTests" name="TestNaviLeftMenuPerformance" time="2.392"/>
  <testcase classname="testrunner.HomePageTests" name="TestNaviLeftDashboard" time="2.018"/>
  <testcase classname="testrunner.HomePageTests" name="TestNaviLeftDashboard" time="1.988"/>
  <testcase classname="testrunner.HomePageTests" name="TestNaviLeftDirectory" time="1.994"/>
  <testcase classname="testrunner.HomePageTests" name="TestNaviLeftDirectory" time="2.020"/>
  <testcase classname="testrunner.HomePageTests" name="TestNaviLeftClaim" time="2.448"/>
  <testcase classname="testrunner.HomePageTests" name="TestNaviLeftClaim" time="2.909"/>
  <testcase classname="testrunner.HomePageTests" name="TestNaviLeftBuzz" time="1.994"/>
  <testcase classname="testrunner.HomePageTests" name="TestNaviLeftBuzz" time="2.123"/>
  <testcase classname="testrunner.HomePageTests" name="TestNaviLeftMaintenance" time="3.447">
    <error message="no such element: Unable to locate element: {&quot;method&quot;:&quot;xpath&quot;,&quot;selector&quot;:&quot;//*[@id=&quot;app&quot;]/div[1]/div[1]/form/div[3]/div/div[2]/input&quot;}
  (Session info: chrome=128.0.6613.139)
For documentation on this error, please visit: https://www.selenium.dev/documentation/webdriver/troubleshooting/errors#no-such-element-exception
Build info: version: &#039;4.24.0&#039;, revision: &#039;748ffc9bc3&#039;
System info: os.name: &#039;Windows 10&#039;, os.arch: &#039;amd64&#039;, os.version: &#039;10.0&#039;, java.version: &#039;22.0.1&#039;
Driver info: org.openqa.selenium.chrome.ChromeDriver
Command: [b9df8637896337c4f192a3512c994c47, findElement {using=xpath, value=//*[@id=&quot;app&quot;]/div[1]/div[1]/form/div[3]/div/div[2]/input}]
Capabilities {acceptInsecureCerts: false, browserName: chrome, browserVersion: 128.0.6613.139, chrome: {chromedriverVersion: 128.0.6613.137 (fe621c5aa2d..., userDataDir: C:\Users\JOHAN-NB\AppData\L...}, fedcm:accounts: true, goog:chromeOptions: {debuggerAddress: localhost:57212}, networkConnectionEnabled: false, pageLoadStrategy: normal, platformName: windows, proxy: Proxy(), se:cdp: ws://localhost:57212/devtoo..., se:cdpVersion: 128.0.6613.139, setWindowRect: true, strictFileInteractability: false, timeouts: {implicit: 0, pageLoad: 300000, script: 30000}, unhandledPromptBehavior: dismiss and notify, webauthn:extension:credBlob: true, webauthn:extension:largeBlob: true, webauthn:extension:minPinLength: true, webauthn:extension:prf: true, webauthn:virtualAuthenticators: true}
Session ID: b9df8637896337c4f192a3512c994c47" type="org.openqa.selenium.NoSuchElementException">
      <![CDATA[org.openqa.selenium.NoSuchElementException: no such element: Unable to locate element: {"method":"xpath","selector":"//*[@id="app"]/div[1]/div[1]/form/div[3]/div/div[2]/input"}
  (Session info: chrome=128.0.6613.139)
For documentation on this error, please visit: https://www.selenium.dev/documentation/webdriver/troubleshooting/errors#no-such-element-exception
Build info: version: '4.24.0', revision: '748ffc9bc3'
System info: os.name: 'Windows 10', os.arch: 'amd64', os.version: '10.0', java.version: '22.0.1'
Driver info: org.openqa.selenium.chrome.ChromeDriver
Command: [b9df8637896337c4f192a3512c994c47, findElement {using=xpath, value=//*[@id="app"]/div[1]/div[1]/form/div[3]/div/div[2]/input}]
Capabilities {acceptInsecureCerts: false, browserName: chrome, browserVersion: 128.0.6613.139, chrome: {chromedriverVersion: 128.0.6613.137 (fe621c5aa2d..., userDataDir: C:\Users\JOHAN-NB\AppData\L...}, fedcm:accounts: true, goog:chromeOptions: {debuggerAddress: localhost:57212}, networkConnectionEnabled: false, pageLoadStrategy: normal, platformName: windows, proxy: Proxy(), se:cdp: ws://localhost:57212/devtoo..., se:cdpVersion: 128.0.6613.139, setWindowRect: true, strictFileInteractability: false, timeouts: {implicit: 0, pageLoad: 300000, script: 30000}, unhandledPromptBehavior: dismiss and notify, webauthn:extension:credBlob: true, webauthn:extension:largeBlob: true, webauthn:extension:minPinLength: true, webauthn:extension:prf: true, webauthn:virtualAuthenticators: true}
Session ID: b9df8637896337c4f192a3512c994c47
at java.base/jdk.internal.reflect.DirectConstructorHandleAccessor.newInstance(DirectConstructorHandleAccessor.java:62)
at java.base/java.lang.reflect.Constructor.newInstanceWithCaller(Constructor.java:502)
at java.base/java.lang.reflect.Constructor.newInstance(Constructor.java:486)
at org.openqa.selenium.remote.ErrorCodec.decode(ErrorCodec.java:167)
at org.openqa.selenium.remote.codec.w3c.W3CHttpResponseCodec.decode(W3CHttpResponseCodec.java:138)
at org.openqa.selenium.remote.codec.w3c.W3CHttpResponseCodec.decode(W3CHttpResponseCodec.java:50)
at org.openqa.selenium.remote.HttpCommandExecutor.execute(HttpCommandExecutor.java:190)
at org.openqa.selenium.remote.service.DriverCommandExecutor.invokeExecute(DriverCommandExecutor.java:216)
at org.openqa.selenium.remote.service.DriverCommandExecutor.execute(DriverCommandExecutor.java:174)
at org.openqa.selenium.remote.RemoteWebDriver.execute(RemoteWebDriver.java:545)
at org.openqa.selenium.remote.ElementLocation$ElementFinder$2.findElement(ElementLocation.java:165)
at org.openqa.selenium.remote.ElementLocation.findElement(ElementLocation.java:59)
at org.openqa.selenium.remote.RemoteWebDriver.findElement(RemoteWebDriver.java:368)
at org.openqa.selenium.remote.RemoteWebDriver.findElement(RemoteWebDriver.java:362)
at org.openqa.selenium.support.pagefactory.DefaultElementLocator.findElement(DefaultElementLocator.java:68)
at org.openqa.selenium.support.pagefactory.internal.LocatingElementHandler.invoke(LocatingElementHandler.java:38)
at jdk.proxy2/jdk.proxy2.$Proxy12.sendKeys(Unknown Source)
at pages.HomePage.naviLeftMaintenance(HomePage.java:122)
at testrunner.HomePageTests.TestNaviLeftMaintenance(HomePageTests.java:92)
at java.base/jdk.internal.reflect.DirectMethodHandleAccessor.invoke(DirectMethodHandleAccessor.java:103)
at java.base/java.lang.reflect.Method.invoke(Method.java:580)
at org.testng.internal.invokers.MethodInvocationHelper.invokeMethod(MethodInvocationHelper.java:141)
at org.testng.internal.invokers.TestInvoker.invokeMethod(TestInvoker.java:686)
at org.testng.internal.invokers.TestInvoker.invokeTestMethod(TestInvoker.java:230)
at org.testng.internal.invokers.MethodRunner.runInSequence(MethodRunner.java:63)
at org.testng.internal.invokers.TestInvoker$MethodInvocationAgent.invoke(TestInvoker.java:992)
at org.testng.internal.invokers.TestInvoker.invokeTestMethods(TestInvoker.java:203)
at org.testng.internal.invokers.TestMethodWorker.invokeTestMethods(TestMethodWorker.java:154)
at org.testng.internal.invokers.TestMethodWorker.run(TestMethodWorker.java:134)
at java.base/java.util.ArrayList.forEach(ArrayList.java:1597)
at org.testng.TestRunner.privateRun(TestRunner.java:739)
at org.testng.TestRunner.run(TestRunner.java:614)
at org.testng.SuiteRunner.runTest(SuiteRunner.java:421)
at org.testng.SuiteRunner.runSequentially(SuiteRunner.java:413)
at org.testng.SuiteRunner.privateRun(SuiteRunner.java:373)
at org.testng.SuiteRunner.run(SuiteRunner.java:312)
at org.testng.SuiteRunnerWorker.runSuite(SuiteRunnerWorker.java:52)
at org.testng.SuiteRunnerWorker.run(SuiteRunnerWorker.java:95)
at org.testng.TestNG.runSuitesSequentially(TestNG.java:1274)
at org.testng.TestNG.runSuitesLocally(TestNG.java:1208)
at org.testng.TestNG.runSuites(TestNG.java:1112)
at org.testng.TestNG.run(TestNG.java:1079)
at org.testng.remote.AbstractRemoteTestNG.run(AbstractRemoteTestNG.java:115)
at org.testng.remote.RemoteTestNG.initAndRun(RemoteTestNG.java:293)
at org.testng.remote.RemoteTestNG.main(RemoteTestNG.java:91)
]]>
    </error>
  </testcase> <!-- TestNaviLeftMaintenance -->
  <testcase classname="testrunner.HomePageTests" name="TestNaviLeftMaintenance" time="4.982"/>
</testsuite> <!-- testrunner.HomePageTests -->
