<?xml version="1.0" encoding="UTF-8"?>
<!-- Generated by org.testng.reporters.JUnitReportReporter -->
<testsuite hostname="JOHAN-NB" failures="0" tests="14" name="testrunner.HomePageTests" time="-1727015936.000" errors="1" timestamp="2024-09-22T21:38:33 WIB" skipped="13">
  <testcase classname="testrunner.HomePageTests" name="setup" time="-1727015936.000">
    <error message="
Parameter &#039;browser&#039; is required by BeforeTest on method setup but has not been marked @Optional or defined
in D:\QA software Tester\eclipse\WorkBench\TestNgSeleniumExtentReports\testng.xml" type="org.testng.TestNGException">
      <![CDATA[org.testng.TestNGException: 
Parameter 'browser' is required by BeforeTest on method setup but has not been marked @Optional or defined
in D:\QA software Tester\eclipse\WorkBench\TestNgSeleniumExtentReports\testng.xml
at org.testng.internal.Parameters.createParams(Parameters.java:264)
at org.testng.internal.Parameters.createParametersForMethod(Parameters.java:352)
at org.testng.internal.Parameters.createParameters(Parameters.java:690)
at org.testng.internal.Parameters.createConfigurationParameters(Parameters.java:163)
at org.testng.internal.invokers.ConfigInvoker.invokeConfigurations(ConfigInvoker.java:313)
at org.testng.TestRunner.invokeTestConfigurations(TestRunner.java:655)
at org.testng.TestRunner.beforeRun(TestRunner.java:644)
at org.testng.TestRunner.run(TestRunner.java:610)
at org.testng.SuiteRunner.runTest(SuiteRunner.java:421)
at org.testng.SuiteRunner.runSequentially(SuiteRunner.java:413)
at org.testng.SuiteRunner.privateRun(SuiteRunner.java:373)
at org.testng.SuiteRunner.run(SuiteRunner.java:312)
at org.testng.SuiteRunnerWorker.runSuite(SuiteRunnerWorker.java:52)
at org.testng.SuiteRunnerWorker.run(SuiteRunnerWorker.java:95)
at org.testng.TestNG.runSuitesSequentially(TestNG.java:1274)
at org.testng.TestNG.runSuitesLocally(TestNG.java:1208)
at org.testng.TestNG.runSuites(TestNG.java:1112)
at org.testng.TestNG.run(TestNG.java:1079)
at org.apache.maven.surefire.testng.TestNGExecutor.run(TestNGExecutor.java:324)
at org.apache.maven.surefire.testng.TestNGXmlTestSuite.execute(TestNGXmlTestSuite.java:74)
at org.apache.maven.surefire.testng.TestNGProvider.invoke(TestNGProvider.java:123)
at org.apache.maven.surefire.booter.ForkedBooter.runSuitesInProcess(ForkedBooter.java:456)
at org.apache.maven.surefire.booter.ForkedBooter.execute(ForkedBooter.java:169)
at org.apache.maven.surefire.booter.ForkedBooter.run(ForkedBooter.java:595)
at org.apache.maven.surefire.booter.ForkedBooter.main(ForkedBooter.java:581)
]]>
    </error>
  </testcase> <!-- setup -->
  <testcase classname="testrunner.HomePageTests" name="TestNaviLeftMenu" time="0.000">
    <skipped/>
  </testcase> <!-- TestNaviLeftMenu -->
  <testcase classname="testrunner.HomePageTests" name="TestNaviLeftMenuAdmin" time="0.000">
    <skipped/>
  </testcase> <!-- TestNaviLeftMenuAdmin -->
  <testcase classname="testrunner.HomePageTests" name="TestNaviLeftMenuPIM" time="0.000">
    <skipped/>
  </testcase> <!-- TestNaviLeftMenuPIM -->
  <testcase classname="testrunner.HomePageTests" name="TestNaviLeftMenuLeave" time="0.000">
    <skipped/>
  </testcase> <!-- TestNaviLeftMenuLeave -->
  <testcase classname="testrunner.HomePageTests" name="TestNaviLeftMenuTime" time="0.000">
    <skipped/>
  </testcase> <!-- TestNaviLeftMenuTime -->
  <testcase classname="testrunner.HomePageTests" name="TestNaviLeftMenuRecruitment" time="0.000">
    <skipped/>
  </testcase> <!-- TestNaviLeftMenuRecruitment -->
  <testcase classname="testrunner.HomePageTests" name="TestNaviLeftMenuMyInfo" time="0.000">
    <skipped/>
  </testcase> <!-- TestNaviLeftMenuMyInfo -->
  <testcase classname="testrunner.HomePageTests" name="TestNaviLeftMenuPerformance" time="0.000">
    <skipped/>
  </testcase> <!-- TestNaviLeftMenuPerformance -->
  <testcase classname="testrunner.HomePageTests" name="TestNaviLeftDashboard" time="0.000">
    <skipped/>
  </testcase> <!-- TestNaviLeftDashboard -->
  <testcase classname="testrunner.HomePageTests" name="TestNaviLeftDirectory" time="0.000">
    <skipped/>
  </testcase> <!-- TestNaviLeftDirectory -->
  <testcase classname="testrunner.HomePageTests" name="TestNaviLeftClaim" time="0.000">
    <skipped/>
  </testcase> <!-- TestNaviLeftClaim -->
  <testcase classname="testrunner.HomePageTests" name="TestNaviLeftBuzz" time="0.000">
    <skipped/>
  </testcase> <!-- TestNaviLeftBuzz -->
  <testcase classname="testrunner.HomePageTests" name="TestNaviLeftMaintenance" time="0.000">
    <skipped/>
  </testcase> <!-- TestNaviLeftMaintenance -->
</testsuite> <!-- testrunner.HomePageTests -->
